#
# There is insufficient memory for the Java Runtime Environment to continue.
# Native memory allocation (mmap) failed to map 256901120 bytes for committing reserved memory.
# Possible reasons:
#   The system is out of physical RAM or swap space
#   The process is running with CompressedOops enabled, and the Java Heap may be blocking the growth of the native heap
# Possible solutions:
#   Reduce memory load on the system
#   Increase physical memory or swap space
#   Check if swap backing store is full
#   Decrease Java heap size (-Xmx/-Xms)
#   Decrease number of Java threads
#   Decrease Java thread stack sizes (-Xss)
#   Set larger code cache with -XX:ReservedCodeCacheSize=
#   JVM is running with Unscaled Compressed Oops mode in which the Java heap is
#     placed in the first 4GB address space. The Java Heap base address is the
#     maximum limit for the native heap growth. Please use -XX:HeapBaseMinAddress
#     to set the Java Heap base and to place the Java Heap above 4GB virtual address.
# This output file may be truncated or incomplete.
#
#  Out of Memory Error (os_linux.cpp:2990), pid=6095, tid=6108
#
# JRE version: OpenJDK Runtime Environment 18.9 (11.0.13+8) (build 11.0.13+8-LTS)
# Java VM: OpenJDK 64-Bit Server VM 18.9 (11.0.13+8-LTS, mixed mode, sharing, tiered, compressed oops, g1 gc, linux-amd64)
# No core dump will be written. Core dumps have been disabled. To enable core dumping, try "ulimit -c unlimited" before starting Java again
#

---------------  S U M M A R Y ------------

Command Line: -javaagent:/home/student/eclipse/configuration/org.eclipse.osgi/389/0/.cp/jacocoagent.jar=includes=*,excludes=,exclclassloader=sun.reflect.DelegatingClassLoader,output=tcpclient,port=35807 -Dfile.encoding=UTF-8 _09_World_Clocks.WorldClocksRunner

Host: AMD EPYC 7571, 2 cores, 3G, Amazon Linux release 2 (Karoo)
Time: Mon Mar 28 15:39:37 2022 PDT elapsed time: 13.644458 seconds (0d 0h 0m 13s)

---------------  T H R E A D  ---------------

Current thread (0x00007fe1c411d000):  VMThread "VM Thread" [stack: 0x00007fe1c8232000,0x00007fe1c8332000] [id=6108]

Stack: [0x00007fe1c8232000,0x00007fe1c8332000],  sp=0x00007fe1c832fd30,  free space=1015k
Native frames: (J=compiled Java code, A=aot compiled Java code, j=interpreted, Vv=VM code, C=native code)
V  [libjvm.so+0xf15b8e]  VMError::report_and_die(int, char const*, char const*, __va_list_tag*, Thread*, unsigned char*, void*, void*, char const*, int, unsigned long)+0x37e
V  [libjvm.so+0xf1685b]  VMError::report_and_die(Thread*, char const*, int, unsigned long, VMErrorType, char const*, __va_list_tag*)+0x2b
V  [libjvm.so+0x6c43de]  report_vm_out_of_memory(char const*, int, unsigned long, VMErrorType, char const*, ...)+0x10e
V  [libjvm.so+0xc4d58e]  os::pd_commit_memory_or_exit(char*, unsigned long, unsigned long, bool, char const*)+0xfe
V  [libjvm.so+0xc43b6c]  os::commit_memory_or_exit(char*, unsigned long, unsigned long, bool, char const*)+0x2c
V  [libjvm.so+0x7dcd4c]  G1PageBasedVirtualSpace::commit_preferred_pages(unsigned long, unsigned long)+0x6c
V  [libjvm.so+0x7dcfdc]  G1PageBasedVirtualSpace::commit(unsigned long, unsigned long)+0x5c
V  [libjvm.so+0x7e8a60]  G1RegionsLargerThanCommitSizeMapper::commit_regions(unsigned int, unsigned long, WorkGang*)+0x40
V  [libjvm.so+0x869019]  HeapRegionManager::commit_regions(unsigned int, unsigned long, WorkGang*)+0x89
V  [libjvm.so+0x869be2]  HeapRegionManager::make_regions_available(unsigned int, unsigned int, WorkGang*)+0x42
V  [libjvm.so+0x86a024]  HeapRegionManager::expand_at(unsigned int, unsigned int, WorkGang*) [clone .part.23]+0x114
V  [libjvm.so+0x79b609]  G1CollectedHeap::expand(unsigned long, WorkGang*, double*)+0xd9
V  [libjvm.so+0x7a024d]  G1CollectedHeap::do_collection_pause_at_safepoint(double)+0xa7d
V  [libjvm.so+0xf21abc]  VM_G1CollectForAllocation::doit()+0x7c
V  [libjvm.so+0xf190d7]  VM_Operation::evaluate()+0xe7
V  [libjvm.so+0xf1f41e]  VMThread::evaluate_operation(VM_Operation*) [clone .constprop.66]+0x10e
V  [libjvm.so+0xf1f969]  VMThread::loop()+0x3f9
V  [libjvm.so+0xf1fdb2]  VMThread::run()+0x82
V  [libjvm.so+0xea7a9c]  Thread::call_run()+0x15c
V  [libjvm.so+0xc532ec]  thread_native_entry(Thread*)+0xec

VM_Operation (0x00007fe1ce0581e0): G1CollectForAllocation, mode: safepoint, requested by thread 0x00007fe1c4018800


---------------  P R O C E S S  ---------------

Threads class SMR info:
_java_thread_list=0x00007fe1c42a5a80, length=10, elements={
0x00007fe1c4018800, 0x00007fe1c4120000, 0x00007fe1c4122000, 0x00007fe1c4127800,
0x00007fe1c4129800, 0x00007fe1c412b800, 0x00007fe1c412d800, 0x00007fe1c412f800,
0x00007fe1c413e000, 0x00007fe1c4267800
}

Java Threads: ( => current thread )
  0x00007fe1c4018800 JavaThread "main" [_thread_blocked, id=6097, stack(0x00007fe1cdf59000,0x00007fe1ce05a000)]
  0x00007fe1c4120000 JavaThread "Reference Handler" daemon [_thread_blocked, id=6109, stack(0x00007fe1c812f000,0x00007fe1c8230000)]
  0x00007fe1c4122000 JavaThread "Finalizer" daemon [_thread_blocked, id=6110, stack(0x00007fe1c802e000,0x00007fe1c812f000)]
  0x00007fe1c4127800 JavaThread "Signal Dispatcher" daemon [_thread_blocked, id=6111, stack(0x00007fe1a4fbf000,0x00007fe1a50c0000)]
  0x00007fe1c4129800 JavaThread "Service Thread" daemon [_thread_blocked, id=6112, stack(0x00007fe1a4ebe000,0x00007fe1a4fbf000)]
  0x00007fe1c412b800 JavaThread "C2 CompilerThread0" daemon [_thread_blocked, id=6113, stack(0x00007fe1a4dbd000,0x00007fe1a4ebe000)]
  0x00007fe1c412d800 JavaThread "C1 CompilerThread0" daemon [_thread_blocked, id=6114, stack(0x00007fe1a4cbc000,0x00007fe1a4dbd000)]
  0x00007fe1c412f800 JavaThread "Sweeper thread" daemon [_thread_blocked, id=6115, stack(0x00007fe1a4bbb000,0x00007fe1a4cbc000)]
  0x00007fe1c413e000 JavaThread "Common-Cleaner" daemon [_thread_blocked, id=6116, stack(0x00007fe1a4aba000,0x00007fe1a4bbb000)]
  0x00007fe1c4267800 JavaThread "org.jacoco.agent.rt.internal_43f5073.output.TcpClientOutput" daemon [_thread_in_native, id=6117, stack(0x00007fe181330000,0x00007fe181431000)]

Other Threads:
=>0x00007fe1c411d000 VMThread "VM Thread" [stack: 0x00007fe1c8232000,0x00007fe1c8332000] [id=6108]
  0x00007fe1c42ea800 WatcherThread [stack: 0x00007fe181230000,0x00007fe181330000] [id=6118]
  0x00007fe1c4030000 GCTaskThread "GC Thread#0" [stack: 0x00007fe1ca0b9000,0x00007fe1ca1b9000] [id=6102]
  0x00007fe194001000 GCTaskThread "GC Thread#1" [stack: 0x00007fe18112e000,0x00007fe18122e000] [id=6119]
  0x00007fe1c404b000 ConcurrentGCThread "G1 Main Marker" [stack: 0x00007fe1c88bd000,0x00007fe1c89bd000] [id=6103]
  0x00007fe1c404c800 ConcurrentGCThread "G1 Conc#0" [stack: 0x00007fe1c87bb000,0x00007fe1c88bb000] [id=6104]
  0x00007fe1c4088000 ConcurrentGCThread "G1 Refine#0" [stack: 0x00007fe1c84b7000,0x00007fe1c85b7000] [id=6105]
  0x00007fe19c001000 ConcurrentGCThread "G1 Refine#1" [stack: 0x00007fe18102c000,0x00007fe18112c000] [id=6238]
  0x00007fe1c408a000 ConcurrentGCThread "G1 Young RemSet Sampling" [stack: 0x00007fe1c83b5000,0x00007fe1c84b5000] [id=6106]

Threads with active compile tasks:

VM state:at safepoint (normal execution)

VM Mutex/Monitor currently owned by a thread:  ([mutex/lock_event])
[0x00007fe1c4014aa0] Threads_lock - owner thread: 0x00007fe1c411d000
[0x00007fe1c4015280] Heap_lock - owner thread: 0x00007fe1c4018800

Heap address: 0x00000000c3000000, size: 976 MB, Compressed Oops mode: 32-bit
Narrow klass base: 0x0000000800000000, Narrow klass shift: 3
Compressed class space size: 1073741824 Address: 0x0000000840000000

Heap:
 garbage-first heap   total 480256K, used 117448K [0x00000000c3000000, 0x0000000100000000)
  region size 1024K, 2 young (2048K), 2 survivors (2048K)
 Metaspace       used 5931K, capacity 6557K, committed 6784K, reserved 1056768K
  class space    used 547K, capacity 627K, committed 640K, reserved 1048576K
Heap Regions: E=young(eden), S=young(survivor), O=old, HS=humongous(starts), HC=humongous(continues), CS=collection set, F=free, A=archive, TAMS=top-at-mark-start (previous, next)
|   0|0x00000000c3000000, 0x00000000c3100000, 0x00000000c3100000|100%| O|  |TAMS 0x00000000c3100000, 0x00000000c3100000| Untracked 
|   1|0x00000000c3100000, 0x00000000c3200000, 0x00000000c3200000|100%| O|  |TAMS 0x00000000c3200000, 0x00000000c3200000| Untracked 
|   2|0x00000000c3200000, 0x00000000c3300000, 0x00000000c3300000|100%| O|  |TAMS 0x00000000c3300000, 0x00000000c3300000| Untracked 
|   3|0x00000000c3300000, 0x00000000c3400000, 0x00000000c3400000|100%| O|  |TAMS 0x00000000c3400000, 0x00000000c3400000| Untracked 
|   4|0x00000000c3400000, 0x00000000c3500000, 0x00000000c3500000|100%| O|  |TAMS 0x00000000c3500000, 0x00000000c3500000| Untracked 
|   5|0x00000000c3500000, 0x00000000c3600000, 0x00000000c3600000|100%| O|  |TAMS 0x00000000c3600000, 0x00000000c3600000| Untracked 
|   6|0x00000000c3600000, 0x00000000c3700000, 0x00000000c3700000|100%| O|  |TAMS 0x00000000c3700000, 0x00000000c3700000| Untracked 
|   7|0x00000000c3700000, 0x00000000c3800000, 0x00000000c3800000|100%| O|  |TAMS 0x00000000c3800000, 0x00000000c3800000| Untracked 
|   8|0x00000000c3800000, 0x00000000c3900000, 0x00000000c3900000|100%| O|  |TAMS 0x00000000c3900000, 0x00000000c3900000| Untracked 
|   9|0x00000000c3900000, 0x00000000c3a00000, 0x00000000c3a00000|100%| O|  |TAMS 0x00000000c3a00000, 0x00000000c3a00000| Untracked 
|  10|0x00000000c3a00000, 0x00000000c3b00000, 0x00000000c3b00000|100%| O|  |TAMS 0x00000000c3b00000, 0x00000000c3b00000| Untracked 
|  11|0x00000000c3b00000, 0x00000000c3c00000, 0x00000000c3c00000|100%| O|  |TAMS 0x00000000c3c00000, 0x00000000c3c00000| Untracked 
|  12|0x00000000c3c00000, 0x00000000c3d00000, 0x00000000c3d00000|100%| O|  |TAMS 0x00000000c3d00000, 0x00000000c3d00000| Untracked 
|  13|0x00000000c3d00000, 0x00000000c3e00000, 0x00000000c3e00000|100%| O|  |TAMS 0x00000000c3e00000, 0x00000000c3e00000| Untracked 
|  14|0x00000000c3e00000, 0x00000000c3f00000, 0x00000000c3f00000|100%| O|  |TAMS 0x00000000c3f00000, 0x00000000c3f00000| Untracked 
|  15|0x00000000c3f00000, 0x00000000c4000000, 0x00000000c4000000|100%| O|  |TAMS 0x00000000c4000000, 0x00000000c4000000| Untracked 
|  16|0x00000000c4000000, 0x00000000c4100000, 0x00000000c4100000|100%| O|  |TAMS 0x00000000c4100000, 0x00000000c4100000| Untracked 
|  17|0x00000000c4100000, 0x00000000c4200000, 0x00000000c4200000|100%| O|  |TAMS 0x00000000c4200000, 0x00000000c4200000| Untracked 
|  18|0x00000000c4200000, 0x00000000c4300000, 0x00000000c4300000|100%| O|  |TAMS 0x00000000c4300000, 0x00000000c4300000| Untracked 
|  19|0x00000000c4300000, 0x00000000c4400000, 0x00000000c4400000|100%| O|  |TAMS 0x00000000c4400000, 0x00000000c4400000| Untracked 
|  20|0x00000000c4400000, 0x00000000c4500000, 0x00000000c4500000|100%| O|  |TAMS 0x00000000c4500000, 0x00000000c4500000| Untracked 
|  21|0x00000000c4500000, 0x00000000c4600000, 0x00000000c4600000|100%| O|  |TAMS 0x00000000c4600000, 0x00000000c4600000| Untracked 
|  22|0x00000000c4600000, 0x00000000c4700000, 0x00000000c4700000|100%| O|  |TAMS 0x00000000c4680000, 0x00000000c4700000| Untracked 
|  23|0x00000000c4700000, 0x00000000c4800000, 0x00000000c4800000|100%| O|  |TAMS 0x00000000c4700000, 0x00000000c4800000| Untracked 
|  24|0x00000000c4800000, 0x00000000c4900000, 0x00000000c4900000|100%| O|  |TAMS 0x00000000c4800000, 0x00000000c4900000| Untracked 
|  25|0x00000000c4900000, 0x00000000c4a00000, 0x00000000c4a00000|100%| O|  |TAMS 0x00000000c4a00000, 0x00000000c4a00000| Untracked 
|  26|0x00000000c4a00000, 0x00000000c4b00000, 0x00000000c4b00000|100%| O|  |TAMS 0x00000000c4b00000, 0x00000000c4b00000| Untracked 
|  27|0x00000000c4b00000, 0x00000000c4c00000, 0x00000000c4c00000|100%| O|  |TAMS 0x00000000c4c00000, 0x00000000c4c00000| Untracked 
|  28|0x00000000c4c00000, 0x00000000c4d00000, 0x00000000c4d00000|100%| O|  |TAMS 0x00000000c4d00000, 0x00000000c4d00000| Untracked 
|  29|0x00000000c4d00000, 0x00000000c4e00000, 0x00000000c4e00000|100%| O|  |TAMS 0x00000000c4e00000, 0x00000000c4e00000| Untracked 
|  30|0x00000000c4e00000, 0x00000000c4f00000, 0x00000000c4f00000|100%| O|  |TAMS 0x00000000c4f00000, 0x00000000c4f00000| Untracked 
|  31|0x00000000c4f00000, 0x00000000c5000000, 0x00000000c5000000|100%| O|  |TAMS 0x00000000c5000000, 0x00000000c5000000| Untracked 
|  32|0x00000000c5000000, 0x00000000c5100000, 0x00000000c5100000|100%| O|  |TAMS 0x00000000c5000000, 0x00000000c5100000| Untracked 
|  33|0x00000000c5100000, 0x00000000c5200000, 0x00000000c5200000|100%| O|  |TAMS 0x00000000c5100000, 0x00000000c5200000| Untracked 
|  34|0x00000000c5200000, 0x00000000c5300000, 0x00000000c5300000|100%| O|  |TAMS 0x00000000c5200000, 0x00000000c5300000| Untracked 
|  35|0x00000000c5300000, 0x00000000c5400000, 0x00000000c5400000|100%| O|  |TAMS 0x00000000c5300000, 0x00000000c5400000| Untracked 
|  36|0x00000000c5400000, 0x00000000c5500000, 0x00000000c5500000|100%| O|  |TAMS 0x00000000c5400000, 0x00000000c5500000| Untracked 
|  37|0x00000000c5500000, 0x00000000c5600000, 0x00000000c5600000|100%| O|  |TAMS 0x00000000c5500000, 0x00000000c5600000| Untracked 
|  38|0x00000000c5600000, 0x00000000c5700000, 0x00000000c5700000|100%| O|  |TAMS 0x00000000c5600000, 0x00000000c5700000| Untracked 
|  39|0x00000000c5700000, 0x00000000c5800000, 0x00000000c5800000|100%| O|  |TAMS 0x00000000c5700000, 0x00000000c5800000| Untracked 
|  40|0x00000000c5800000, 0x00000000c5900000, 0x00000000c5900000|100%| O|  |TAMS 0x00000000c5800000, 0x00000000c5900000| Untracked 
|  41|0x00000000c5900000, 0x00000000c5a00000, 0x00000000c5a00000|100%| O|  |TAMS 0x00000000c5900000, 0x00000000c5a00000| Untracked 
|  42|0x00000000c5a00000, 0x00000000c5b00000, 0x00000000c5b00000|100%| O|  |TAMS 0x00000000c5a00000, 0x00000000c5b00000| Untracked 
|  43|0x00000000c5b00000, 0x00000000c5c00000, 0x00000000c5c00000|100%| O|  |TAMS 0x00000000c5b00000, 0x00000000c5c00000| Untracked 
|  44|0x00000000c5c00000, 0x00000000c5d00000, 0x00000000c5d00000|100%| O|  |TAMS 0x00000000c5c00000, 0x00000000c5d00000| Untracked 
|  45|0x00000000c5d00000, 0x00000000c5e00000, 0x00000000c5e00000|100%| O|  |TAMS 0x00000000c5d00000, 0x00000000c5e00000| Untracked 
|  46|0x00000000c5e00000, 0x00000000c5f00000, 0x00000000c5f00000|100%| O|  |TAMS 0x00000000c5e00000, 0x00000000c5f00000| Untracked 
|  47|0x00000000c5f00000, 0x00000000c6000000, 0x00000000c6000000|100%| O|  |TAMS 0x00000000c5f00000, 0x00000000c6000000| Untracked 
|  48|0x00000000c6000000, 0x00000000c6100000, 0x00000000c6100000|100%| O|  |TAMS 0x00000000c6000000, 0x00000000c6100000| Untracked 
|  49|0x00000000c6100000, 0x00000000c6200000, 0x00000000c6200000|100%| O|  |TAMS 0x00000000c6100000, 0x00000000c6200000| Untracked 
|  50|0x00000000c6200000, 0x00000000c6300000, 0x00000000c6300000|100%| O|  |TAMS 0x00000000c6200000, 0x00000000c6300000| Untracked 
|  51|0x00000000c6300000, 0x00000000c6400000, 0x00000000c6400000|100%| O|  |TAMS 0x00000000c6300000, 0x00000000c6400000| Untracked 
|  52|0x00000000c6400000, 0x00000000c6500000, 0x00000000c6500000|100%| O|  |TAMS 0x00000000c6400000, 0x00000000c6500000| Untracked 
|  53|0x00000000c6500000, 0x00000000c6600000, 0x00000000c6600000|100%| O|  |TAMS 0x00000000c6500000, 0x00000000c6600000| Untracked 
|  54|0x00000000c6600000, 0x00000000c6700000, 0x00000000c6700000|100%| O|  |TAMS 0x00000000c6600000, 0x00000000c6700000| Untracked 
|  55|0x00000000c6700000, 0x00000000c6800000, 0x00000000c6800000|100%| O|  |TAMS 0x00000000c6700000, 0x00000000c6800000| Untracked 
|  56|0x00000000c6800000, 0x00000000c6900000, 0x00000000c6900000|100%| O|  |TAMS 0x00000000c6800000, 0x00000000c6900000| Untracked 
|  57|0x00000000c6900000, 0x00000000c6a00000, 0x00000000c6a00000|100%| O|  |TAMS 0x00000000c6900000, 0x00000000c6a00000| Untracked 
|  58|0x00000000c6a00000, 0x00000000c6b00000, 0x00000000c6b00000|100%| O|  |TAMS 0x00000000c6a00000, 0x00000000c6b00000| Untracked 
|  59|0x00000000c6b00000, 0x00000000c6c00000, 0x00000000c6c00000|100%| O|  |TAMS 0x00000000c6b00000, 0x00000000c6c00000| Untracked 
|  60|0x00000000c6c00000, 0x00000000c6d00000, 0x00000000c6d00000|100%| O|  |TAMS 0x00000000c6c00000, 0x00000000c6d00000| Untracked 
|  61|0x00000000c6d00000, 0x00000000c6e00000, 0x00000000c6e00000|100%| O|  |TAMS 0x00000000c6d00000, 0x00000000c6e00000| Untracked 
|  62|0x00000000c6e00000, 0x00000000c6f00000, 0x00000000c6f00000|100%| O|  |TAMS 0x00000000c6f00000, 0x00000000c6f00000| Untracked 
|  63|0x00000000c6f00000, 0x00000000c7000000, 0x00000000c7000000|100%| O|  |TAMS 0x00000000c7000000, 0x00000000c7000000| Untracked 
|  64|0x00000000c7000000, 0x00000000c7100000, 0x00000000c7100000|100%| O|  |TAMS 0x00000000c7100000, 0x00000000c7100000| Untracked 
|  65|0x00000000c7100000, 0x00000000c7200000, 0x00000000c7200000|100%| O|  |TAMS 0x00000000c7200000, 0x00000000c7200000| Untracked 
|  66|0x00000000c7200000, 0x00000000c7300000, 0x00000000c7300000|100%| O|  |TAMS 0x00000000c7300000, 0x00000000c7300000| Untracked 
|  67|0x00000000c7300000, 0x00000000c7400000, 0x00000000c7400000|100%| O|  |TAMS 0x00000000c7400000, 0x00000000c7400000| Untracked 
|  68|0x00000000c7400000, 0x00000000c7500000, 0x00000000c7500000|100%| O|  |TAMS 0x00000000c7500000, 0x00000000c7500000| Untracked 
|  69|0x00000000c7500000, 0x00000000c7600000, 0x00000000c7600000|100%| O|  |TAMS 0x00000000c7600000, 0x00000000c7600000| Untracked 
|  70|0x00000000c7600000, 0x00000000c7700000, 0x00000000c7700000|100%| O|  |TAMS 0x00000000c7600000, 0x00000000c7700000| Untracked 
|  71|0x00000000c7700000, 0x00000000c7800000, 0x00000000c7800000|100%| O|  |TAMS 0x00000000c7700000, 0x00000000c7800000| Untracked 
|  72|0x00000000c7800000, 0x00000000c7900000, 0x00000000c7900000|100%| O|  |TAMS 0x00000000c7800000, 0x00000000c7900000| Untracked 
|  73|0x00000000c7900000, 0x00000000c7a00000, 0x00000000c7a00000|100%| O|  |TAMS 0x00000000c7900000, 0x00000000c7a00000| Untracked 
|  74|0x00000000c7a00000, 0x00000000c7b00000, 0x00000000c7b00000|100%| O|  |TAMS 0x00000000c7a00000, 0x00000000c7b00000| Untracked 
|  75|0x00000000c7b00000, 0x00000000c7c00000, 0x00000000c7c00000|100%| O|  |TAMS 0x00000000c7b00000, 0x00000000c7c00000| Untracked 
|  76|0x00000000c7c00000, 0x00000000c7d00000, 0x00000000c7d00000|100%| O|  |TAMS 0x00000000c7c00000, 0x00000000c7d00000| Untracked 
|  77|0x00000000c7d00000, 0x00000000c7e00000, 0x00000000c7e00000|100%| O|  |TAMS 0x00000000c7d00000, 0x00000000c7e00000| Untracked 
|  78|0x00000000c7e00000, 0x00000000c7f00000, 0x00000000c7f00000|100%| O|  |TAMS 0x00000000c7e00000, 0x00000000c7f00000| Untracked 
|  79|0x00000000c7f00000, 0x00000000c8000000, 0x00000000c8000000|100%| O|  |TAMS 0x00000000c7f00000, 0x00000000c8000000| Untracked 
|  80|0x00000000c8000000, 0x00000000c8100000, 0x00000000c8100000|100%| O|  |TAMS 0x00000000c8000000, 0x00000000c8100000| Untracked 
|  81|0x00000000c8100000, 0x00000000c8200000, 0x00000000c8200000|100%| O|  |TAMS 0x00000000c8100000, 0x00000000c8200000| Untracked 
|  82|0x00000000c8200000, 0x00000000c8300000, 0x00000000c8300000|100%| O|  |TAMS 0x00000000c8200000, 0x00000000c8300000| Untracked 
|  83|0x00000000c8300000, 0x00000000c8400000, 0x00000000c8400000|100%| O|  |TAMS 0x00000000c8300000, 0x00000000c8400000| Untracked 
|  84|0x00000000c8400000, 0x00000000c8500000, 0x00000000c8500000|100%| O|  |TAMS 0x00000000c8400000, 0x00000000c8500000| Untracked 
|  85|0x00000000c8500000, 0x00000000c8600000, 0x00000000c8600000|100%| O|  |TAMS 0x00000000c8500000, 0x00000000c8600000| Untracked 
|  86|0x00000000c8600000, 0x00000000c8700000, 0x00000000c8700000|100%| O|  |TAMS 0x00000000c8600000, 0x00000000c8700000| Untracked 
|  87|0x00000000c8700000, 0x00000000c8800000, 0x00000000c8800000|100%| O|  |TAMS 0x00000000c8700000, 0x00000000c8800000| Untracked 
|  88|0x00000000c8800000, 0x00000000c8900000, 0x00000000c8900000|100%| O|  |TAMS 0x00000000c8800000, 0x00000000c8900000| Untracked 
|  89|0x00000000c8900000, 0x00000000c8a00000, 0x00000000c8a00000|100%| O|  |TAMS 0x00000000c8900000, 0x00000000c8a00000| Untracked 
|  90|0x00000000c8a00000, 0x00000000c8b00000, 0x00000000c8b00000|100%| O|  |TAMS 0x00000000c8a00000, 0x00000000c8b00000| Untracked 
|  91|0x00000000c8b00000, 0x00000000c8c00000, 0x00000000c8c00000|100%| O|  |TAMS 0x00000000c8b00000, 0x00000000c8c00000| Untracked 
|  92|0x00000000c8c00000, 0x00000000c8d00000, 0x00000000c8d00000|100%| O|  |TAMS 0x00000000c8c00000, 0x00000000c8d00000| Untracked 
|  93|0x00000000c8d00000, 0x00000000c8e00000, 0x00000000c8e00000|100%| O|  |TAMS 0x00000000c8d00000, 0x00000000c8e00000| Untracked 
|  94|0x00000000c8e00000, 0x00000000c8f00000, 0x00000000c8f00000|100%| O|  |TAMS 0x00000000c8e00000, 0x00000000c8f00000| Untracked 
|  95|0x00000000c8f00000, 0x00000000c9000000, 0x00000000c9000000|100%| O|  |TAMS 0x00000000c8f00000, 0x00000000c9000000| Untracked 
|  96|0x00000000c9000000, 0x00000000c9100000, 0x00000000c9100000|100%| O|  |TAMS 0x00000000c9000000, 0x00000000c9100000| Untracked 
|  97|0x00000000c9100000, 0x00000000c9200000, 0x00000000c9200000|100%| O|  |TAMS 0x00000000c9100000, 0x00000000c9200000| Untracked 
|  98|0x00000000c9200000, 0x00000000c9300000, 0x00000000c9300000|100%| O|  |TAMS 0x00000000c9200000, 0x00000000c9300000| Untracked 
|  99|0x00000000c9300000, 0x00000000c9400000, 0x00000000c9400000|100%| O|  |TAMS 0x00000000c9300000, 0x00000000c9400000| Untracked 
| 100|0x00000000c9400000, 0x00000000c9500000, 0x00000000c9500000|100%| O|  |TAMS 0x00000000c9400000, 0x00000000c9500000| Untracked 
| 101|0x00000000c9500000, 0x00000000c9600000, 0x00000000c9600000|100%| O|  |TAMS 0x00000000c9500000, 0x00000000c9600000| Untracked 
| 102|0x00000000c9600000, 0x00000000c9700000, 0x00000000c9700000|100%| O|  |TAMS 0x00000000c9600000, 0x00000000c9700000| Untracked 
| 103|0x00000000c9700000, 0x00000000c9800000, 0x00000000c9800000|100%| O|  |TAMS 0x00000000c9700000, 0x00000000c9800000| Untracked 
| 104|0x00000000c9800000, 0x00000000c9900000, 0x00000000c9900000|100%| O|  |TAMS 0x00000000c9800000, 0x00000000c9900000| Untracked 
| 105|0x00000000c9900000, 0x00000000c9a00000, 0x00000000c9a00000|100%| O|  |TAMS 0x00000000c9900000, 0x00000000c9a00000| Untracked 
| 106|0x00000000c9a00000, 0x00000000c9b00000, 0x00000000c9b00000|100%| O|  |TAMS 0x00000000c9a00000, 0x00000000c9b00000| Untracked 
| 107|0x00000000c9b00000, 0x00000000c9c00000, 0x00000000c9c00000|100%| O|  |TAMS 0x00000000c9b00000, 0x00000000c9c00000| Untracked 
| 108|0x00000000c9c00000, 0x00000000c9d00000, 0x00000000c9d00000|100%| O|  |TAMS 0x00000000c9c00000, 0x00000000c9d00000| Untracked 
| 109|0x00000000c9d00000, 0x00000000c9e00000, 0x00000000c9e00000|100%| O|  |TAMS 0x00000000c9d00000, 0x00000000c9e00000| Untracked 
| 110|0x00000000c9e00000, 0x00000000c9f00000, 0x00000000c9f00000|100%| O|  |TAMS 0x00000000c9e00000, 0x00000000c9f00000| Untracked 
| 111|0x00000000c9f00000, 0x00000000ca000000, 0x00000000ca000000|100%| O|  |TAMS 0x00000000c9f00000, 0x00000000ca000000| Untracked 
| 112|0x00000000ca000000, 0x00000000ca000000, 0x00000000ca100000|  0%| F|  |TAMS 0x00000000ca000000, 0x00000000ca000000| Untracked 
| 113|0x00000000ca100000, 0x00000000ca100000, 0x00000000ca200000|  0%| F|  |TAMS 0x00000000ca100000, 0x00000000ca100000| Untracked 
| 114|0x00000000ca200000, 0x00000000ca200000, 0x00000000ca300000|  0%| F|  |TAMS 0x00000000ca200000, 0x00000000ca200000| Untracked 
| 115|0x00000000ca300000, 0x00000000ca300000, 0x00000000ca400000|  0%| F|  |TAMS 0x00000000ca300000, 0x00000000ca300000| Untracked 
| 116|0x00000000ca400000, 0x00000000ca400000, 0x00000000ca500000|  0%| F|  |TAMS 0x00000000ca400000, 0x00000000ca400000| Untracked 
| 117|0x00000000ca500000, 0x00000000ca500000, 0x00000000ca600000|  0%| F|  |TAMS 0x00000000ca500000, 0x00000000ca500000| Untracked 
| 118|0x00000000ca600000, 0x00000000ca600000, 0x00000000ca700000|  0%| F|  |TAMS 0x00000000ca600000, 0x00000000ca600000| Untracked 
| 119|0x00000000ca700000, 0x00000000ca700000, 0x00000000ca800000|  0%| F|  |TAMS 0x00000000ca700000, 0x00000000ca700000| Untracked 
| 120|0x00000000ca800000, 0x00000000ca800000, 0x00000000ca900000|  0%| F|  |TAMS 0x00000000ca800000, 0x00000000ca800000| Untracked 
| 121|0x00000000ca900000, 0x00000000ca900000, 0x00000000caa00000|  0%| F|  |TAMS 0x00000000ca900000, 0x00000000ca900000| Untracked 
| 122|0x00000000caa00000, 0x00000000caa00000, 0x00000000cab00000|  0%| F|  |TAMS 0x00000000caa00000, 0x00000000caa00000| Untracked 
| 123|0x00000000cab00000, 0x00000000cab00000, 0x00000000cac00000|  0%| F|  |TAMS 0x00000000cab00000, 0x00000000cab00000| Untracked 
| 124|0x00000000cac00000, 0x00000000cac00000, 0x00000000cad00000|  0%| F|  |TAMS 0x00000000cac00000, 0x00000000cac00000| Untracked 
| 125|0x00000000cad00000, 0x00000000cad00000, 0x00000000cae00000|  0%| F|  |TAMS 0x00000000cad00000, 0x00000000cad00000| Untracked 
| 126|0x00000000cae00000, 0x00000000cae00000, 0x00000000caf00000|  0%| F|  |TAMS 0x00000000cae00000, 0x00000000cae00000| Untracked 
| 127|0x00000000caf00000, 0x00000000caf00000, 0x00000000cb000000|  0%| F|  |TAMS 0x00000000caf00000, 0x00000000caf00000| Untracked 
| 128|0x00000000cb000000, 0x00000000cb000000, 0x00000000cb100000|  0%| F|  |TAMS 0x00000000cb000000, 0x00000000cb000000| Untracked 
| 129|0x00000000cb100000, 0x00000000cb100000, 0x00000000cb200000|  0%| F|  |TAMS 0x00000000cb100000, 0x00000000cb100000| Untracked 
| 130|0x00000000cb200000, 0x00000000cb200000, 0x00000000cb300000|  0%| F|  |TAMS 0x00000000cb200000, 0x00000000cb200000| Untracked 
| 131|0x00000000cb300000, 0x00000000cb300000, 0x00000000cb400000|  0%| F|  |TAMS 0x00000000cb300000, 0x00000000cb300000| Untracked 
| 132|0x00000000cb400000, 0x00000000cb400000, 0x00000000cb500000|  0%| F|  |TAMS 0x00000000cb400000, 0x00000000cb400000| Untracked 
| 133|0x00000000cb500000, 0x00000000cb500000, 0x00000000cb600000|  0%| F|  |TAMS 0x00000000cb500000, 0x00000000cb500000| Untracked 
| 134|0x00000000cb600000, 0x00000000cb600000, 0x00000000cb700000|  0%| F|  |TAMS 0x00000000cb600000, 0x00000000cb600000| Untracked 
| 135|0x00000000cb700000, 0x00000000cb700000, 0x00000000cb800000|  0%| F|  |TAMS 0x00000000cb700000, 0x00000000cb700000| Untracked 
| 136|0x00000000cb800000, 0x00000000cb800000, 0x00000000cb900000|  0%| F|  |TAMS 0x00000000cb800000, 0x00000000cb800000| Untracked 
| 137|0x00000000cb900000, 0x00000000cb900000, 0x00000000cba00000|  0%| F|  |TAMS 0x00000000cb900000, 0x00000000cb900000| Untracked 
| 138|0x00000000cba00000, 0x00000000cba00000, 0x00000000cbb00000|  0%| F|  |TAMS 0x00000000cba00000, 0x00000000cba00000| Untracked 
| 139|0x00000000cbb00000, 0x00000000cbb00000, 0x00000000cbc00000|  0%| F|  |TAMS 0x00000000cbb00000, 0x00000000cbb00000| Untracked 
| 140|0x00000000cbc00000, 0x00000000cbc00000, 0x00000000cbd00000|  0%| F|  |TAMS 0x00000000cbc00000, 0x00000000cbc00000| Untracked 
| 141|0x00000000cbd00000, 0x00000000cbd00000, 0x00000000cbe00000|  0%| F|  |TAMS 0x00000000cbd00000, 0x00000000cbd00000| Untracked 
| 142|0x00000000cbe00000, 0x00000000cbe00000, 0x00000000cbf00000|  0%| F|  |TAMS 0x00000000cbe00000, 0x00000000cbe00000| Untracked 
| 143|0x00000000cbf00000, 0x00000000cbf00000, 0x00000000cc000000|  0%| F|  |TAMS 0x00000000cbf00000, 0x00000000cbf00000| Untracked 
| 144|0x00000000cc000000, 0x00000000cc000000, 0x00000000cc100000|  0%| F|  |TAMS 0x00000000cc000000, 0x00000000cc000000| Untracked 
| 145|0x00000000cc100000, 0x00000000cc100000, 0x00000000cc200000|  0%| F|  |TAMS 0x00000000cc100000, 0x00000000cc100000| Untracked 
| 146|0x00000000cc200000, 0x00000000cc200000, 0x00000000cc300000|  0%| F|  |TAMS 0x00000000cc200000, 0x00000000cc200000| Untracked 
| 147|0x00000000cc300000, 0x00000000cc300000, 0x00000000cc400000|  0%| F|  |TAMS 0x00000000cc300000, 0x00000000cc300000| Untracked 
| 148|0x00000000cc400000, 0x00000000cc400000, 0x00000000cc500000|  0%| F|  |TAMS 0x00000000cc400000, 0x00000000cc400000| Untracked 
| 149|0x00000000cc500000, 0x00000000cc500000, 0x00000000cc600000|  0%| F|  |TAMS 0x00000000cc500000, 0x00000000cc500000| Untracked 
| 150|0x00000000cc600000, 0x00000000cc600000, 0x00000000cc700000|  0%| F|  |TAMS 0x00000000cc600000, 0x00000000cc600000| Untracked 
| 151|0x00000000cc700000, 0x00000000cc700000, 0x00000000cc800000|  0%| F|  |TAMS 0x00000000cc700000, 0x00000000cc700000| Untracked 
| 152|0x00000000cc800000, 0x00000000cc800000, 0x00000000cc900000|  0%| F|  |TAMS 0x00000000cc800000, 0x00000000cc800000| Untracked 
| 153|0x00000000cc900000, 0x00000000cc900000, 0x00000000cca00000|  0%| F|  |TAMS 0x00000000cc900000, 0x00000000cc900000| Untracked 
| 154|0x00000000cca00000, 0x00000000cca00000, 0x00000000ccb00000|  0%| F|  |TAMS 0x00000000cca00000, 0x00000000cca00000| Untracked 
| 155|0x00000000ccb00000, 0x00000000ccb00000, 0x00000000ccc00000|  0%| F|  |TAMS 0x00000000ccb00000, 0x00000000ccb00000| Untracked 
| 156|0x00000000ccc00000, 0x00000000ccc00000, 0x00000000ccd00000|  0%| F|  |TAMS 0x00000000ccc00000, 0x00000000ccc00000| Untracked 
| 157|0x00000000ccd00000, 0x00000000ccd00000, 0x00000000cce00000|  0%| F|  |TAMS 0x00000000ccd00000, 0x00000000ccd00000| Untracked 
| 158|0x00000000cce00000, 0x00000000cce00000, 0x00000000ccf00000|  0%| F|  |TAMS 0x00000000cce00000, 0x00000000cce00000| Untracked 
| 159|0x00000000ccf00000, 0x00000000ccf00000, 0x00000000cd000000|  0%| F|  |TAMS 0x00000000ccf00000, 0x00000000ccf00000| Untracked 
| 160|0x00000000cd000000, 0x00000000cd000000, 0x00000000cd100000|  0%| F|  |TAMS 0x00000000cd000000, 0x00000000cd000000| Untracked 
| 161|0x00000000cd100000, 0x00000000cd100000, 0x00000000cd200000|  0%| F|  |TAMS 0x00000000cd100000, 0x00000000cd100000| Untracked 
| 162|0x00000000cd200000, 0x00000000cd200000, 0x00000000cd300000|  0%| F|  |TAMS 0x00000000cd200000, 0x00000000cd200000| Untracked 
| 163|0x00000000cd300000, 0x00000000cd300000, 0x00000000cd400000|  0%| F|  |TAMS 0x00000000cd300000, 0x00000000cd300000| Untracked 
| 164|0x00000000cd400000, 0x00000000cd400000, 0x00000000cd500000|  0%| F|  |TAMS 0x00000000cd400000, 0x00000000cd400000| Untracked 
| 165|0x00000000cd500000, 0x00000000cd500000, 0x00000000cd600000|  0%| F|  |TAMS 0x00000000cd500000, 0x00000000cd500000| Untracked 
| 166|0x00000000cd600000, 0x00000000cd600000, 0x00000000cd700000|  0%| F|  |TAMS 0x00000000cd600000, 0x00000000cd600000| Untracked 
| 167|0x00000000cd700000, 0x00000000cd700000, 0x00000000cd800000|  0%| F|  |TAMS 0x00000000cd700000, 0x00000000cd700000| Untracked 
| 168|0x00000000cd800000, 0x00000000cd800000, 0x00000000cd900000|  0%| F|  |TAMS 0x00000000cd800000, 0x00000000cd800000| Untracked 
| 169|0x00000000cd900000, 0x00000000cd900000, 0x00000000cda00000|  0%| F|  |TAMS 0x00000000cd900000, 0x00000000cd900000| Untracked 
| 170|0x00000000cda00000, 0x00000000cda00000, 0x00000000cdb00000|  0%| F|  |TAMS 0x00000000cda00000, 0x00000000cda00000| Untracked 
| 171|0x00000000cdb00000, 0x00000000cdb00000, 0x00000000cdc00000|  0%| F|  |TAMS 0x00000000cdb00000, 0x00000000cdb00000| Untracked 
| 172|0x00000000cdc00000, 0x00000000cdc00000, 0x00000000cdd00000|  0%| F|  |TAMS 0x00000000cdc00000, 0x00000000cdc00000| Untracked 
| 173|0x00000000cdd00000, 0x00000000cdd00000, 0x00000000cde00000|  0%| F|  |TAMS 0x00000000cdd00000, 0x00000000cdd00000| Untracked 
| 174|0x00000000cde00000, 0x00000000cde00000, 0x00000000cdf00000|  0%| F|  |TAMS 0x00000000cde00000, 0x00000000cde00000| Untracked 
| 175|0x00000000cdf00000, 0x00000000cdf00000, 0x00000000ce000000|  0%| F|  |TAMS 0x00000000cdf00000, 0x00000000cdf00000| Untracked 
| 176|0x00000000ce000000, 0x00000000ce000000, 0x00000000ce100000|  0%| F|  |TAMS 0x00000000ce000000, 0x00000000ce000000| Untracked 
| 177|0x00000000ce100000, 0x00000000ce100000, 0x00000000ce200000|  0%| F|  |TAMS 0x00000000ce100000, 0x00000000ce100000| Untracked 
| 178|0x00000000ce200000, 0x00000000ce200000, 0x00000000ce300000|  0%| F|  |TAMS 0x00000000ce200000, 0x00000000ce200000| Untracked 
| 179|0x00000000ce300000, 0x00000000ce300000, 0x00000000ce400000|  0%| F|  |TAMS 0x00000000ce300000, 0x00000000ce300000| Untracked 
| 180|0x00000000ce400000, 0x00000000ce400000, 0x00000000ce500000|  0%| F|  |TAMS 0x00000000ce400000, 0x00000000ce400000| Untracked 
| 181|0x00000000ce500000, 0x00000000ce500000, 0x00000000ce600000|  0%| F|  |TAMS 0x00000000ce500000, 0x00000000ce500000| Untracked 
| 182|0x00000000ce600000, 0x00000000ce600000, 0x00000000ce700000|  0%| F|  |TAMS 0x00000000ce600000, 0x00000000ce600000| Untracked 
| 183|0x00000000ce700000, 0x00000000ce700000, 0x00000000ce800000|  0%| F|  |TAMS 0x00000000ce700000, 0x00000000ce700000| Untracked 
| 184|0x00000000ce800000, 0x00000000ce800000, 0x00000000ce900000|  0%| F|  |TAMS 0x00000000ce800000, 0x00000000ce800000| Untracked 
| 185|0x00000000ce900000, 0x00000000ce900000, 0x00000000cea00000|  0%| F|  |TAMS 0x00000000ce900000, 0x00000000ce900000| Untracked 
| 186|0x00000000cea00000, 0x00000000cea00000, 0x00000000ceb00000|  0%| F|  |TAMS 0x00000000cea00000, 0x00000000cea00000| Untracked 
| 187|0x00000000ceb00000, 0x00000000ceb00000, 0x00000000cec00000|  0%| F|  |TAMS 0x00000000ceb00000, 0x00000000ceb00000| Untracked 
| 188|0x00000000cec00000, 0x00000000cec00000, 0x00000000ced00000|  0%| F|  |TAMS 0x00000000cec00000, 0x00000000cec00000| Untracked 
| 189|0x00000000ced00000, 0x00000000ced00000, 0x00000000cee00000|  0%| F|  |TAMS 0x00000000ced00000, 0x00000000ced00000| Untracked 
| 190|0x00000000cee00000, 0x00000000cee00000, 0x00000000cef00000|  0%| F|  |TAMS 0x00000000cee00000, 0x00000000cee00000| Untracked 
| 191|0x00000000cef00000, 0x00000000cef00000, 0x00000000cf000000|  0%| F|  |TAMS 0x00000000cef00000, 0x00000000cef00000| Untracked 
| 192|0x00000000cf000000, 0x00000000cf000000, 0x00000000cf100000|  0%| F|  |TAMS 0x00000000cf000000, 0x00000000cf000000| Untracked 
| 193|0x00000000cf100000, 0x00000000cf100000, 0x00000000cf200000|  0%| F|  |TAMS 0x00000000cf100000, 0x00000000cf100000| Untracked 
| 194|0x00000000cf200000, 0x00000000cf200000, 0x00000000cf300000|  0%| F|  |TAMS 0x00000000cf200000, 0x00000000cf200000| Untracked 
| 195|0x00000000cf300000, 0x00000000cf300000, 0x00000000cf400000|  0%| F|  |TAMS 0x00000000cf300000, 0x00000000cf300000| Untracked 
| 196|0x00000000cf400000, 0x00000000cf400000, 0x00000000cf500000|  0%| F|  |TAMS 0x00000000cf400000, 0x00000000cf400000| Untracked 
| 197|0x00000000cf500000, 0x00000000cf500000, 0x00000000cf600000|  0%| F|  |TAMS 0x00000000cf500000, 0x00000000cf500000| Untracked 
| 198|0x00000000cf600000, 0x00000000cf600000, 0x00000000cf700000|  0%| F|  |TAMS 0x00000000cf600000, 0x00000000cf600000| Untracked 
| 199|0x00000000cf700000, 0x00000000cf700000, 0x00000000cf800000|  0%| F|  |TAMS 0x00000000cf700000, 0x00000000cf700000| Untracked 
| 200|0x00000000cf800000, 0x00000000cf800000, 0x00000000cf900000|  0%| F|  |TAMS 0x00000000cf800000, 0x00000000cf800000| Untracked 
| 201|0x00000000cf900000, 0x00000000cf900000, 0x00000000cfa00000|  0%| F|  |TAMS 0x00000000cf900000, 0x00000000cf900000| Untracked 
| 202|0x00000000cfa00000, 0x00000000cfa00000, 0x00000000cfb00000|  0%| F|  |TAMS 0x00000000cfa00000, 0x00000000cfa00000| Untracked 
| 203|0x00000000cfb00000, 0x00000000cfb00000, 0x00000000cfc00000|  0%| F|  |TAMS 0x00000000cfb00000, 0x00000000cfb00000| Untracked 
| 204|0x00000000cfc00000, 0x00000000cfc00000, 0x00000000cfd00000|  0%| F|  |TAMS 0x00000000cfc00000, 0x00000000cfc00000| Untracked 
| 205|0x00000000cfd00000, 0x00000000cfe00000, 0x00000000cfe00000|100%| S|CS|TAMS 0x00000000cfd00000, 0x00000000cfd00000| Complete 
| 206|0x00000000cfe00000, 0x00000000cff00000, 0x00000000cff00000|100%| S|CS|TAMS 0x00000000cfe00000, 0x00000000cfe00000| Complete 
| 207|0x00000000cff00000, 0x00000000cff00000, 0x00000000d0000000|  0%| F|  |TAMS 0x00000000cff00000, 0x00000000cff00000| Untracked 
| 208|0x00000000d0000000, 0x00000000d0000000, 0x00000000d0100000|  0%| F|  |TAMS 0x00000000d0000000, 0x00000000d0000000| Untracked 
| 209|0x00000000d0100000, 0x00000000d0100000, 0x00000000d0200000|  0%| F|  |TAMS 0x00000000d0100000, 0x00000000d0100000| Untracked 
| 210|0x00000000d0200000, 0x00000000d0200000, 0x00000000d0300000|  0%| F|  |TAMS 0x00000000d0200000, 0x00000000d0200000| Untracked 
| 211|0x00000000d0300000, 0x00000000d0300000, 0x00000000d0400000|  0%| F|  |TAMS 0x00000000d0300000, 0x00000000d0300000| Untracked 
| 212|0x00000000d0400000, 0x00000000d0400000, 0x00000000d0500000|  0%| F|  |TAMS 0x00000000d0400000, 0x00000000d0400000| Untracked 
| 213|0x00000000d0500000, 0x00000000d0500000, 0x00000000d0600000|  0%| F|  |TAMS 0x00000000d0500000, 0x00000000d0500000| Untracked 
| 214|0x00000000d0600000, 0x00000000d0600000, 0x00000000d0700000|  0%| F|  |TAMS 0x00000000d0600000, 0x00000000d0600000| Untracked 
| 215|0x00000000d0700000, 0x00000000d0700000, 0x00000000d0800000|  0%| F|  |TAMS 0x00000000d0700000, 0x00000000d0700000| Untracked 
| 216|0x00000000d0800000, 0x00000000d0800000, 0x00000000d0900000|  0%| F|  |TAMS 0x00000000d0800000, 0x00000000d0800000| Untracked 
| 217|0x00000000d0900000, 0x00000000d0900000, 0x00000000d0a00000|  0%| F|  |TAMS 0x00000000d0900000, 0x00000000d0900000| Untracked 
| 218|0x00000000d0a00000, 0x00000000d0a00000, 0x00000000d0b00000|  0%| F|  |TAMS 0x00000000d0a00000, 0x00000000d0a00000| Untracked 
| 219|0x00000000d0b00000, 0x00000000d0b00000, 0x00000000d0c00000|  0%| F|  |TAMS 0x00000000d0b00000, 0x00000000d0b00000| Untracked 
| 220|0x00000000d0c00000, 0x00000000d0c00000, 0x00000000d0d00000|  0%| F|  |TAMS 0x00000000d0c00000, 0x00000000d0c00000| Untracked 
| 221|0x00000000d0d00000, 0x00000000d0d00000, 0x00000000d0e00000|  0%| F|  |TAMS 0x00000000d0d00000, 0x00000000d0d00000| Untracked 
| 974|0x00000000ffe00000, 0x00000000ffe47000, 0x00000000fff00000| 27%|OA|  |TAMS 0x00000000ffe47000, 0x00000000ffe47000| Untracked 
| 975|0x00000000fff00000, 0x00000000fff6b000, 0x0000000100000000| 41%|CA|  |TAMS 0x00000000fff6b000, 0x00000000fff6b000| Untracked 

Card table byte_map: [0x00007fe1c9ae5000,0x00007fe1c9ccd000] _byte_map_base: 0x00007fe1c94cd000

Marking Bits (Prev, Next): (CMBitMap*) 0x00007fe1c4046160, (CMBitMap*) 0x00007fe1c4046128
 Prev Bits: [0x00007fe1a70c0000, 0x00007fe1a8000000)
 Next Bits: [0x00007fe1c89bd000, 0x00007fe1c98fd000)

Polling page: 0x00007fe1ce06a000

Metaspace:

Usage:
  Non-class:      5.79 MB capacity,     5.26 MB ( 91%) used,   539.31 KB (  9%) free+waste,     6.88 KB ( <1%) overhead. 
      Class:    627.00 KB capacity,   547.66 KB ( 87%) used,    76.03 KB ( 12%) free+waste,     3.31 KB ( <1%) overhead. 
       Both:      6.40 MB capacity,     5.79 MB ( 90%) used,   615.34 KB (  9%) free+waste,    10.19 KB ( <1%) overhead. 

Virtual space:
  Non-class space:        8.00 MB reserved,       6.00 MB ( 75%) committed 
      Class space:        1.00 GB reserved,     640.00 KB ( <1%) committed 
             Both:        1.01 GB reserved,       6.62 MB ( <1%) committed 

Chunk freelists:
   Non-Class:  34.00 KB
       Class:  13.00 KB
        Both:  47.00 KB

MaxMetaspaceSize: unlimited
CompressedClassSpaceSize: 1.00 GB
Initial GC threshold: 20.80 MB
Current GC threshold: 20.80 MB
CDS: on

CodeHeap 'non-profiled nmethods': size=120036Kb used=456Kb max_used=456Kb free=119580Kb
 bounds [0x00007fe1b4324000, 0x00007fe1b4594000, 0x00007fe1bb85d000]
CodeHeap 'profiled nmethods': size=120032Kb used=2976Kb max_used=2976Kb free=117055Kb
 bounds [0x00007fe1acdec000, 0x00007fe1ad0dc000, 0x00007fe1b4324000]
CodeHeap 'non-nmethods': size=5692Kb used=1139Kb max_used=1184Kb free=4552Kb
 bounds [0x00007fe1ac85d000, 0x00007fe1acacd000, 0x00007fe1acdec000]
 total_blobs=1625 nmethods=1231 adapters=307
 compilation: enabled
              stopped_count=0, restarted_count=0
 full_count=0

Compilation events (20 events):
Event: 11.885 Thread 0x00007fe1c412b800 1234       4       java.nio.Buffer::position (52 bytes)
Event: 11.886 Thread 0x00007fe1c412b800 nmethod 1234 0x00007fe1b4394990 code [0x00007fe1b4394b20, 0x00007fe1b4394bf8]
Event: 11.886 Thread 0x00007fe1c412b800 1224 %     4       org.glassfish.json.JsonParserImpl::getArray @ 4 (79 bytes)
Event: 12.166 Thread 0x00007fe1c412b800 nmethod 1224% 0x00007fe1b4394d10 code [0x00007fe1b4394f00, 0x00007fe1b43951b0]
Event: 12.168 Thread 0x00007fe1c412b800 1236       4       org.glassfish.json.JsonNumberImpl::getJsonNumber (17 bytes)
Event: 12.171 Thread 0x00007fe1c412b800 nmethod 1236 0x00007fe1b4395490 code [0x00007fe1b4395640, 0x00007fe1b43957d8]
Event: 12.178 Thread 0x00007fe1c412b800 1237       4       org.glassfish.json.JsonParserImpl::getArray (79 bytes)
Event: 12.186 Thread 0x00007fe1c412b800 nmethod 1237 0x00007fe1b4395990 code [0x00007fe1b4395b80, 0x00007fe1b4395d70]
Event: 12.332 Thread 0x00007fe1c412d800 1238   !   3       java.nio.charset.CharsetDecoder::decode (287 bytes)
Event: 12.334 Thread 0x00007fe1c412d800 nmethod 1238 0x00007fe1ad0cf810 code [0x00007fe1ad0cfb60, 0x00007fe1ad0d1110]
Event: 12.335 Thread 0x00007fe1c412d800 1239       3       sun.nio.cs.UTF_8$Decoder::decodeLoop (28 bytes)
Event: 12.336 Thread 0x00007fe1c412d800 nmethod 1239 0x00007fe1ad0d1790 code [0x00007fe1ad0d1980, 0x00007fe1ad0d1d70]
Event: 12.690 Thread 0x00007fe1c412d800 1240       3       java.nio.CharBuffer::position (6 bytes)
Event: 12.690 Thread 0x00007fe1c412d800 nmethod 1240 0x00007fe1ad0d1f10 code [0x00007fe1ad0d20e0, 0x00007fe1ad0d22a0]
Event: 12.705 Thread 0x00007fe1c412d800 1241       3       java.nio.CharBuffer::limit (6 bytes)
Event: 12.705 Thread 0x00007fe1c412d800 nmethod 1241 0x00007fe1ad0d2390 code [0x00007fe1ad0d2560, 0x00007fe1ad0d2720]
Event: 12.797 Thread 0x00007fe1c412d800 1242       3       java.nio.Buffer::<init> (99 bytes)
Event: 12.798 Thread 0x00007fe1c412d800 nmethod 1242 0x00007fe1ad0d2810 code [0x00007fe1ad0d2b00, 0x00007fe1ad0d3890]
Event: 13.050 Thread 0x00007fe1c412d800 1243       3       java.nio.Buffer::limit (65 bytes)
Event: 13.051 Thread 0x00007fe1c412d800 nmethod 1243 0x00007fe1ad0d3d10 code [0x00007fe1ad0d3ee0, 0x00007fe1ad0d41a0]

GC Heap History (20 events):
Event: 8.808 GC heap after
{Heap after GC invocations=5 (full 0):
 garbage-first heap   total 73728K, used 38600K [0x00000000c3000000, 0x0000000100000000)
  region size 1024K, 2 young (2048K), 2 survivors (2048K)
 Metaspace       used 5916K, capacity 6556K, committed 6784K, reserved 1056768K
  class space    used 546K, capacity 627K, committed 640K, reserved 1048576K
}
Event: 8.845 GC heap before
{Heap before GC invocations=5 (full 0):
 garbage-first heap   total 73728K, used 39624K [0x00000000c3000000, 0x0000000100000000)
  region size 1024K, 3 young (3072K), 2 survivors (2048K)
 Metaspace       used 5916K, capacity 6556K, committed 6784K, reserved 1056768K
  class space    used 546K, capacity 627K, committed 640K, reserved 1048576K
}
Event: 8.852 GC heap after
{Heap after GC invocations=6 (full 0):
 garbage-first heap   total 147456K, used 40136K [0x00000000c3000000, 0x0000000100000000)
  region size 1024K, 1 young (1024K), 1 survivors (1024K)
 Metaspace       used 5916K, capacity 6556K, committed 6784K, reserved 1056768K
  class space    used 546K, capacity 627K, committed 640K, reserved 1048576K
}
Event: 9.412 GC heap before
{Heap before GC invocations=6 (full 0):
 garbage-first heap   total 147456K, used 46280K [0x00000000c3000000, 0x0000000100000000)
  region size 1024K, 7 young (7168K), 1 survivors (1024K)
 Metaspace       used 5916K, capacity 6556K, committed 6784K, reserved 1056768K
  class space    used 546K, capacity 627K, committed 640K, reserved 1048576K
}
Event: 9.475 GC heap after
{Heap after GC invocations=7 (full 0):
 garbage-first heap   total 147456K, used 45579K [0x00000000c3000000, 0x0000000100000000)
  region size 1024K, 1 young (1024K), 1 survivors (1024K)
 Metaspace       used 5916K, capacity 6556K, committed 6784K, reserved 1056768K
  class space    used 546K, capacity 627K, committed 640K, reserved 1048576K
}
Event: 9.853 GC heap before
{Heap before GC invocations=7 (full 0):
 garbage-first heap   total 147456K, used 51723K [0x00000000c3000000, 0x0000000100000000)
  region size 1024K, 7 young (7168K), 1 survivors (1024K)
 Metaspace       used 5916K, capacity 6556K, committed 6784K, reserved 1056768K
  class space    used 546K, capacity 627K, committed 640K, reserved 1048576K
}
Event: 9.928 GC heap after
{Heap after GC invocations=8 (full 0):
 garbage-first heap   total 147456K, used 51898K [0x00000000c3000000, 0x0000000100000000)
  region size 1024K, 1 young (1024K), 1 survivors (1024K)
 Metaspace       used 5916K, capacity 6556K, committed 6784K, reserved 1056768K
  class space    used 546K, capacity 627K, committed 640K, reserved 1048576K
}
Event: 10.289 GC heap before
{Heap before GC invocations=9 (full 0):
 garbage-first heap   total 147456K, used 58042K [0x00000000c3000000, 0x0000000100000000)
  region size 1024K, 7 young (7168K), 1 survivors (1024K)
 Metaspace       used 5916K, capacity 6556K, committed 6784K, reserved 1056768K
  class space    used 546K, capacity 627K, committed 640K, reserved 1048576K
}
Event: 10.352 GC heap after
{Heap after GC invocations=10 (full 0):
 garbage-first heap   total 147456K, used 58056K [0x00000000c3000000, 0x0000000100000000)
  region size 1024K, 1 young (1024K), 1 survivors (1024K)
 Metaspace       used 5916K, capacity 6556K, committed 6784K, reserved 1056768K
  class space    used 546K, capacity 627K, committed 640K, reserved 1048576K
}
Event: 10.869 GC heap before
{Heap before GC invocations=10 (full 0):
 garbage-first heap   total 147456K, used 65224K [0x00000000c3000000, 0x0000000100000000)
  region size 1024K, 8 young (8192K), 1 survivors (1024K)
 Metaspace       used 5916K, capacity 6556K, committed 6784K, reserved 1056768K
  class space    used 546K, capacity 627K, committed 640K, reserved 1048576K
}
Event: 10.954 GC heap after
{Heap after GC invocations=11 (full 0):
 garbage-first heap   total 147456K, used 64712K [0x00000000c3000000, 0x0000000100000000)
  region size 1024K, 1 young (1024K), 1 survivors (1024K)
 Metaspace       used 5916K, capacity 6556K, committed 6784K, reserved 1056768K
  class space    used 546K, capacity 627K, committed 640K, reserved 1048576K
}
Event: 11.345 GC heap before
{Heap before GC invocations=11 (full 0):
 garbage-first heap   total 147456K, used 73928K [0x00000000c3000000, 0x0000000100000000)
  region size 1024K, 10 young (10240K), 1 survivors (1024K)
 Metaspace       used 5931K, capacity 6557K, committed 6784K, reserved 1056768K
  class space    used 547K, capacity 627K, committed 640K, reserved 1048576K
}
Event: 11.472 GC heap after
{Heap after GC invocations=12 (full 0):
 garbage-first heap   total 229376K, used 73416K [0x00000000c3000000, 0x0000000100000000)
  region size 1024K, 2 young (2048K), 2 survivors (2048K)
 Metaspace       used 5931K, capacity 6557K, committed 6784K, reserved 1056768K
  class space    used 547K, capacity 627K, committed 640K, reserved 1048576K
}
Event: 11.905 GC heap before
{Heap before GC invocations=12 (full 0):
 garbage-first heap   total 229376K, used 83656K [0x00000000c3000000, 0x0000000100000000)
  region size 1024K, 12 young (12288K), 2 survivors (2048K)
 Metaspace       used 5931K, capacity 6557K, committed 6784K, reserved 1056768K
  class space    used 547K, capacity 627K, committed 640K, reserved 1048576K
}
Event: 12.165 GC heap after
{Heap after GC invocations=13 (full 0):
 garbage-first heap   total 229376K, used 83144K [0x00000000c3000000, 0x0000000100000000)
  region size 1024K, 2 young (2048K), 2 survivors (2048K)
 Metaspace       used 5931K, capacity 6557K, committed 6784K, reserved 1056768K
  class space    used 547K, capacity 627K, committed 640K, reserved 1048576K
}
Event: 12.344 GC heap before
{Heap before GC invocations=13 (full 0):
 garbage-first heap   total 229376K, used 93384K [0x00000000c3000000, 0x0000000100000000)
  region size 1024K, 13 young (13312K), 2 survivors (2048K)
 Metaspace       used 5931K, capacity 6557K, committed 6784K, reserved 1056768K
  class space    used 547K, capacity 627K, committed 640K, reserved 1048576K
}
Event: 12.503 GC heap after
{Heap after GC invocations=14 (full 0):
 garbage-first heap   total 229376K, used 93896K [0x00000000c3000000, 0x0000000100000000)
  region size 1024K, 2 young (2048K), 2 survivors (2048K)
 Metaspace       used 5931K, capacity 6557K, committed 6784K, reserved 1056768K
  class space    used 547K, capacity 627K, committed 640K, reserved 1048576K
}
Event: 12.876 GC heap before
{Heap before GC invocations=14 (full 0):
 garbage-first heap   total 229376K, used 105160K [0x00000000c3000000, 0x0000000100000000)
  region size 1024K, 13 young (13312K), 2 survivors (2048K)
 Metaspace       used 5931K, capacity 6557K, committed 6784K, reserved 1056768K
  class space    used 547K, capacity 627K, committed 640K, reserved 1048576K
}
Event: 13.044 GC heap after
{Heap after GC invocations=15 (full 0):
 garbage-first heap   total 229376K, used 104648K [0x00000000c3000000, 0x0000000100000000)
  region size 1024K, 2 young (2048K), 2 survivors (2048K)
 Metaspace       used 5931K, capacity 6557K, committed 6784K, reserved 1056768K
  class space    used 547K, capacity 627K, committed 640K, reserved 1048576K
}
Event: 13.424 GC heap before
{Heap before GC invocations=15 (full 0):
 garbage-first heap   total 229376K, used 117960K [0x00000000c3000000, 0x0000000100000000)
  region size 1024K, 15 young (15360K), 2 survivors (2048K)
 Metaspace       used 5931K, capacity 6557K, committed 6784K, reserved 1056768K
  class space    used 547K, capacity 627K, committed 640K, reserved 1048576K
}

Deoptimization events (20 events):
Event: 10.645 Thread 0x00007fe1c4018800 DEOPT PACKING pc=0x00007fe1ad08904f sp=0x00007fe1ce057e00
Event: 10.645 Thread 0x00007fe1c4018800 DEOPT UNPACKING pc=0x00007fe1ac8a764a sp=0x00007fe1ce0573a8 mode 0
Event: 10.645 Thread 0x00007fe1c4018800 DEOPT PACKING pc=0x00007fe1ad08904f sp=0x00007fe1ce057b30
Event: 10.645 Thread 0x00007fe1c4018800 DEOPT UNPACKING pc=0x00007fe1ac8a764a sp=0x00007fe1ce0570d8 mode 0
Event: 10.646 Thread 0x00007fe1c4018800 DEOPT PACKING pc=0x00007fe1ad08904f sp=0x00007fe1ce057b30
Event: 10.646 Thread 0x00007fe1c4018800 DEOPT UNPACKING pc=0x00007fe1ac8a764a sp=0x00007fe1ce0570d8 mode 0
Event: 10.647 Thread 0x00007fe1c4018800 DEOPT PACKING pc=0x00007fe1ad08904f sp=0x00007fe1ce057a60
Event: 10.647 Thread 0x00007fe1c4018800 DEOPT UNPACKING pc=0x00007fe1ac8a764a sp=0x00007fe1ce057008 mode 0
Event: 10.647 Thread 0x00007fe1c4018800 DEOPT PACKING pc=0x00007fe1ad08904f sp=0x00007fe1ce0579a0
Event: 10.647 Thread 0x00007fe1c4018800 DEOPT UNPACKING pc=0x00007fe1ac8a764a sp=0x00007fe1ce056f48 mode 0
Event: 10.648 Thread 0x00007fe1c4018800 DEOPT PACKING pc=0x00007fe1ad08904f sp=0x00007fe1ce057b30
Event: 10.648 Thread 0x00007fe1c4018800 DEOPT UNPACKING pc=0x00007fe1ac8a764a sp=0x00007fe1ce0570d8 mode 0
Event: 10.673 Thread 0x00007fe1c4018800 DEOPT PACKING pc=0x00007fe1ad08904f sp=0x00007fe1ce0579a0
Event: 10.673 Thread 0x00007fe1c4018800 DEOPT UNPACKING pc=0x00007fe1ac8a764a sp=0x00007fe1ce056f48 mode 0
Event: 10.674 Thread 0x00007fe1c4018800 DEOPT PACKING pc=0x00007fe1ad08904f sp=0x00007fe1ce057d40
Event: 10.674 Thread 0x00007fe1c4018800 DEOPT UNPACKING pc=0x00007fe1ac8a764a sp=0x00007fe1ce0572e8 mode 0
Event: 10.675 Thread 0x00007fe1c4018800 DEOPT PACKING pc=0x00007fe1ad08904f sp=0x00007fe1ce057b30
Event: 10.675 Thread 0x00007fe1c4018800 DEOPT UNPACKING pc=0x00007fe1ac8a764a sp=0x00007fe1ce0570d8 mode 0
Event: 10.675 Thread 0x00007fe1c4018800 DEOPT PACKING pc=0x00007fe1ad08904f sp=0x00007fe1ce057b30
Event: 10.675 Thread 0x00007fe1c4018800 DEOPT UNPACKING pc=0x00007fe1ac8a764a sp=0x00007fe1ce0570d8 mode 0

Classes redefined (0 events):
No events

Internal exceptions (2 events):
Event: 0.819 Thread 0x00007fe1c4018800 Exception <a 'java/io/FileNotFoundException'{0x00000000c6b73de8}> (0x00000000c6b73de8) thrown at [./src/hotspot/share/prims/jni.cpp, line 616]
Event: 2.012 Thread 0x00007fe1c4018800 Exception <a 'java/lang/NoSuchMethodError'{0x00000000c68c87a8}: 'int java.lang.invoke.DirectMethodHandle$Holder.invokeSpecialIFC(java.lang.Object, java.lang.Object, int)'> (0x00000000c68c87a8) thrown at [./src/hotspot/share/interpreter/linkResolver.cpp, line 773]

Events (20 events):
Event: 9.929 Executing VM operation: G1CollectForAllocation done
Event: 10.160 Executing VM operation: CGC_Operation
Event: 10.177 Executing VM operation: CGC_Operation done
Event: 10.289 Executing VM operation: G1CollectForAllocation
Event: 10.352 Executing VM operation: G1CollectForAllocation done
Event: 10.869 Executing VM operation: G1CollectForAllocation
Event: 10.955 Executing VM operation: G1CollectForAllocation done
Event: 11.265 loading class org/glassfish/json/JsonParserImpl$1
Event: 11.265 loading class org/glassfish/json/JsonParserImpl$1 done
Event: 11.279 loading class java/util/Spliterators$AbstractSpliterator
Event: 11.280 loading class java/util/Spliterators$AbstractSpliterator done
Event: 11.341 Executing VM operation: G1CollectForAllocation
Event: 11.472 Executing VM operation: G1CollectForAllocation done
Event: 11.905 Executing VM operation: G1CollectForAllocation
Event: 12.165 Executing VM operation: G1CollectForAllocation done
Event: 12.337 Executing VM operation: G1CollectForAllocation
Event: 12.503 Executing VM operation: G1CollectForAllocation done
Event: 12.872 Executing VM operation: G1CollectForAllocation
Event: 13.044 Executing VM operation: G1CollectForAllocation done
Event: 13.402 Executing VM operation: G1CollectForAllocation


Dynamic libraries:
c3000000-d0e00000 rw-p 00000000 00:00 0 
e0300000-ffe00000 ---p 00000000 00:00 0 
ffe00000-ffe47000 rw-p 01108000 103:01 16877693                          /usr/lib/jvm/java-11-openjdk-11.0.13.0.8-1.amzn2.0.3.x86_64/lib/server/classes.jsa
ffe47000-fff00000 rw-p 00000000 00:00 0 
fff00000-fff6b000 rw-p 0109d000 103:01 16877693                          /usr/lib/jvm/java-11-openjdk-11.0.13.0.8-1.amzn2.0.3.x86_64/lib/server/classes.jsa
fff6b000-100000000 rw-p 00000000 00:00 0 
800000000-800002000 rwxp 00001000 103:01 16877693                        /usr/lib/jvm/java-11-openjdk-11.0.13.0.8-1.amzn2.0.3.x86_64/lib/server/classes.jsa
800002000-8003b4000 rw-p 00003000 103:01 16877693                        /usr/lib/jvm/java-11-openjdk-11.0.13.0.8-1.amzn2.0.3.x86_64/lib/server/classes.jsa
8003b4000-800a8f000 r--p 003b5000 103:01 16877693                        /usr/lib/jvm/java-11-openjdk-11.0.13.0.8-1.amzn2.0.3.x86_64/lib/server/classes.jsa
800a8f000-800a90000 rw-p 00a90000 103:01 16877693                        /usr/lib/jvm/java-11-openjdk-11.0.13.0.8-1.amzn2.0.3.x86_64/lib/server/classes.jsa
800a90000-80109c000 r--p 00a91000 103:01 16877693                        /usr/lib/jvm/java-11-openjdk-11.0.13.0.8-1.amzn2.0.3.x86_64/lib/server/classes.jsa
840000000-8400a0000 rw-p 00000000 00:00 0 
8400a0000-880000000 ---p 00000000 00:00 0 
55e72b1a4000-55e72b1a5000 r-xp 00000000 103:01 5155340                   /usr/lib/jvm/java-11-openjdk-11.0.13.0.8-1.amzn2.0.3.x86_64/bin/java
55e72b3a5000-55e72b3a6000 r--p 00001000 103:01 5155340                   /usr/lib/jvm/java-11-openjdk-11.0.13.0.8-1.amzn2.0.3.x86_64/bin/java
55e72b3a6000-55e72b3a7000 rw-p 00002000 103:01 5155340                   /usr/lib/jvm/java-11-openjdk-11.0.13.0.8-1.amzn2.0.3.x86_64/bin/java
55e72c98c000-55e72c9ad000 rw-p 00000000 00:00 0                          [heap]
7fe164000000-7fe164021000 rw-p 00000000 00:00 0 
7fe164021000-7fe168000000 ---p 00000000 00:00 0 
7fe16c000000-7fe16c978000 rw-p 00000000 00:00 0 
7fe16c978000-7fe170000000 ---p 00000000 00:00 0 
7fe170000000-7fe170038000 rw-p 00000000 00:00 0 
7fe170038000-7fe174000000 ---p 00000000 00:00 0 
7fe174000000-7fe174021000 rw-p 00000000 00:00 0 
7fe174021000-7fe178000000 ---p 00000000 00:00 0 
7fe178000000-7fe17949a000 rw-p 00000000 00:00 0 
7fe17949a000-7fe17c000000 ---p 00000000 00:00 0 
7fe17c000000-7fe17c021000 rw-p 00000000 00:00 0 
7fe17c021000-7fe180000000 ---p 00000000 00:00 0 
7fe180dbe000-7fe18102a000 rw-p 00000000 00:00 0 
7fe18102a000-7fe18102b000 ---p 00000000 00:00 0 
7fe18102b000-7fe18112c000 rw-p 00000000 00:00 0 
7fe18112c000-7fe18112d000 ---p 00000000 00:00 0 
7fe18112d000-7fe18122e000 rw-p 00000000 00:00 0 
7fe18122e000-7fe18122f000 ---p 00000000 00:00 0 
7fe18122f000-7fe181330000 rw-p 00000000 00:00 0 
7fe181330000-7fe181334000 ---p 00000000 00:00 0 
7fe181334000-7fe181431000 rw-p 00000000 00:00 0 
7fe181431000-7fe188000000 r--p 00000000 103:01 13409111                  /usr/lib/locale/locale-archive
7fe188000000-7fe188021000 rw-p 00000000 00:00 0 
7fe188021000-7fe18c000000 ---p 00000000 00:00 0 
7fe18c000000-7fe18c021000 rw-p 00000000 00:00 0 
7fe18c021000-7fe190000000 ---p 00000000 00:00 0 
7fe190000000-7fe190021000 rw-p 00000000 00:00 0 
7fe190021000-7fe194000000 ---p 00000000 00:00 0 
7fe194000000-7fe1941d8000 rw-p 00000000 00:00 0 
7fe1941d8000-7fe198000000 ---p 00000000 00:00 0 
7fe198000000-7fe198021000 rw-p 00000000 00:00 0 
7fe198021000-7fe19c000000 ---p 00000000 00:00 0 
7fe19c000000-7fe19c021000 rw-p 00000000 00:00 0 
7fe19c021000-7fe1a0000000 ---p 00000000 00:00 0 
7fe1a0000000-7fe1a0021000 rw-p 00000000 00:00 0 
7fe1a0021000-7fe1a4000000 ---p 00000000 00:00 0 
7fe1a4072000-7fe1a4074000 r-xp 00000000 103:01 1947066                   /usr/lib/jvm/java-11-openjdk-11.0.13.0.8-1.amzn2.0.3.x86_64/lib/libextnet.so
7fe1a4074000-7fe1a4273000 ---p 00002000 103:01 1947066                   /usr/lib/jvm/java-11-openjdk-11.0.13.0.8-1.amzn2.0.3.x86_64/lib/libextnet.so
7fe1a4273000-7fe1a4274000 r--p 00001000 103:01 1947066                   /usr/lib/jvm/java-11-openjdk-11.0.13.0.8-1.amzn2.0.3.x86_64/lib/libextnet.so
7fe1a4274000-7fe1a4275000 rw-p 00000000 00:00 0 
7fe1a4275000-7fe1a4288000 r-xp 00000000 103:01 651259                    /usr/lib64/libresolv-2.26.so
7fe1a4288000-7fe1a4487000 ---p 00013000 103:01 651259                    /usr/lib64/libresolv-2.26.so
7fe1a4487000-7fe1a4488000 r--p 00012000 103:01 651259                    /usr/lib64/libresolv-2.26.so
7fe1a4488000-7fe1a4489000 rw-p 00013000 103:01 651259                    /usr/lib64/libresolv-2.26.so
7fe1a4489000-7fe1a448b000 rw-p 00000000 00:00 0 
7fe1a448b000-7fe1a4490000 r-xp 00000000 103:01 294568                    /usr/lib64/libnss_dns-2.26.so
7fe1a4490000-7fe1a468f000 ---p 00005000 103:01 294568                    /usr/lib64/libnss_dns-2.26.so
7fe1a468f000-7fe1a4690000 r--p 00004000 103:01 294568                    /usr/lib64/libnss_dns-2.26.so
7fe1a4690000-7fe1a4691000 rw-p 00005000 103:01 294568                    /usr/lib64/libnss_dns-2.26.so
7fe1a4691000-7fe1a46a7000 r-xp 00000000 103:01 1947084                   /usr/lib/jvm/java-11-openjdk-11.0.13.0.8-1.amzn2.0.3.x86_64/lib/libnet.so
7fe1a46a7000-7fe1a48a6000 ---p 00016000 103:01 1947084                   /usr/lib/jvm/java-11-openjdk-11.0.13.0.8-1.amzn2.0.3.x86_64/lib/libnet.so
7fe1a48a6000-7fe1a48a7000 r--p 00015000 103:01 1947084                   /usr/lib/jvm/java-11-openjdk-11.0.13.0.8-1.amzn2.0.3.x86_64/lib/libnet.so
7fe1a48a7000-7fe1a48a8000 rw-p 00016000 103:01 1947084                   /usr/lib/jvm/java-11-openjdk-11.0.13.0.8-1.amzn2.0.3.x86_64/lib/libnet.so
7fe1a48a8000-7fe1a48b8000 r-xp 00000000 103:01 1947085                   /usr/lib/jvm/java-11-openjdk-11.0.13.0.8-1.amzn2.0.3.x86_64/lib/libnio.so
7fe1a48b8000-7fe1a4ab8000 ---p 00010000 103:01 1947085                   /usr/lib/jvm/java-11-openjdk-11.0.13.0.8-1.amzn2.0.3.x86_64/lib/libnio.so
7fe1a4ab8000-7fe1a4ab9000 r--p 00010000 103:01 1947085                   /usr/lib/jvm/java-11-openjdk-11.0.13.0.8-1.amzn2.0.3.x86_64/lib/libnio.so
7fe1a4ab9000-7fe1a4aba000 rw-p 00011000 103:01 1947085                   /usr/lib/jvm/java-11-openjdk-11.0.13.0.8-1.amzn2.0.3.x86_64/lib/libnio.so
7fe1a4aba000-7fe1a4abe000 ---p 00000000 00:00 0 
7fe1a4abe000-7fe1a4bbb000 rw-p 00000000 00:00 0 
7fe1a4bbb000-7fe1a4bbf000 ---p 00000000 00:00 0 
7fe1a4bbf000-7fe1a4cbc000 rw-p 00000000 00:00 0 
7fe1a4cbc000-7fe1a4cc0000 ---p 00000000 00:00 0 
7fe1a4cc0000-7fe1a4dbd000 rw-p 00000000 00:00 0 
7fe1a4dbd000-7fe1a4dc1000 ---p 00000000 00:00 0 
7fe1a4dc1000-7fe1a4ebe000 rw-p 00000000 00:00 0 
7fe1a4ebe000-7fe1a4ec2000 ---p 00000000 00:00 0 
7fe1a4ec2000-7fe1a4fbf000 rw-p 00000000 00:00 0 
7fe1a4fbf000-7fe1a4fc3000 ---p 00000000 00:00 0 
7fe1a4fc3000-7fe1a7438000 rw-p 00000000 00:00 0 
7fe1a7438000-7fe1a7ff8000 ---p 00000000 00:00 0 
7fe1a7ff8000-7fe1a8000000 rw-p 00000000 00:00 0 
7fe1a8000000-7fe1a803a000 rw-p 00000000 00:00 0 
7fe1a803a000-7fe1ac000000 ---p 00000000 00:00 0 
7fe1ac05d000-7fe1ac65d000 rw-p 00000000 00:00 0 
7fe1ac65d000-7fe1ac85d000 ---p 00000000 00:00 0 
7fe1ac85d000-7fe1acacd000 rwxp 00000000 00:00 0 
7fe1acacd000-7fe1acdec000 ---p 00000000 00:00 0 
7fe1acdec000-7fe1ad0dc000 rwxp 00000000 00:00 0 
7fe1ad0dc000-7fe1b4324000 ---p 00000000 00:00 0 
7fe1b4324000-7fe1b4594000 rwxp 00000000 00:00 0 
7fe1b4594000-7fe1bb85d000 ---p 00000000 00:00 0 
7fe1bb85d000-7fe1c4000000 r--s 00000000 103:01 1947094                   /usr/lib/jvm/java-11-openjdk-11.0.13.0.8-1.amzn2.0.3.x86_64/lib/modules
7fe1c4000000-7fe1c439c000 rw-p 00000000 00:00 0 
7fe1c439c000-7fe1c8000000 ---p 00000000 00:00 0 
7fe1c802e000-7fe1c8032000 ---p 00000000 00:00 0 
7fe1c8032000-7fe1c812f000 rw-p 00000000 00:00 0 
7fe1c812f000-7fe1c8133000 ---p 00000000 00:00 0 
7fe1c8133000-7fe1c8230000 rw-p 00000000 00:00 0 
7fe1c8230000-7fe1c8231000 ---p 00000000 00:00 0 
7fe1c8231000-7fe1c83b3000 rw-p 00000000 00:00 0 
7fe1c83b3000-7fe1c83b4000 ---p 00000000 00:00 0 
7fe1c83b4000-7fe1c84b5000 rw-p 00000000 00:00 0 
7fe1c84b5000-7fe1c84b6000 ---p 00000000 00:00 0 
7fe1c84b6000-7fe1c87b9000 rw-p 00000000 00:00 0 
7fe1c87b9000-7fe1c87ba000 ---p 00000000 00:00 0 
7fe1c87ba000-7fe1c88bb000 rw-p 00000000 00:00 0 
7fe1c88bb000-7fe1c88bc000 ---p 00000000 00:00 0 
7fe1c88bc000-7fe1c8d35000 rw-p 00000000 00:00 0 
7fe1c8d35000-7fe1c98f5000 ---p 00000000 00:00 0 
7fe1c98f5000-7fe1c996c000 rw-p 00000000 00:00 0 
7fe1c996c000-7fe1c9ae4000 ---p 00000000 00:00 0 
7fe1c9ae4000-7fe1c9b54000 rw-p 00000000 00:00 0 
7fe1c9b54000-7fe1c9ccc000 ---p 00000000 00:00 0 
7fe1c9ccc000-7fe1c9d3c000 rw-p 00000000 00:00 0 
7fe1c9d3c000-7fe1c9eb4000 ---p 00000000 00:00 0 
7fe1c9eb4000-7fe1ca0b7000 rw-p 00000000 00:00 0 
7fe1ca0b7000-7fe1ca0b8000 ---p 00000000 00:00 0 
7fe1ca0b8000-7fe1ca1be000 rw-p 00000000 00:00 0 
7fe1ca1be000-7fe1ca2a4000 ---p 00000000 00:00 0 
7fe1ca2a4000-7fe1ca2aa000 rw-p 00000000 00:00 0 
7fe1ca2aa000-7fe1ca38f000 ---p 00000000 00:00 0 
7fe1ca38f000-7fe1ca396000 r-xp 00000000 103:01 1947093                   /usr/lib/jvm/java-11-openjdk-11.0.13.0.8-1.amzn2.0.3.x86_64/lib/libzip.so
7fe1ca396000-7fe1ca595000 ---p 00007000 103:01 1947093                   /usr/lib/jvm/java-11-openjdk-11.0.13.0.8-1.amzn2.0.3.x86_64/lib/libzip.so
7fe1ca595000-7fe1ca596000 r--p 00006000 103:01 1947093                   /usr/lib/jvm/java-11-openjdk-11.0.13.0.8-1.amzn2.0.3.x86_64/lib/libzip.so
7fe1ca596000-7fe1ca597000 rw-p 00000000 00:00 0 
7fe1ca597000-7fe1ca5a2000 r-xp 00000000 103:01 535693                    /usr/lib64/libnss_files-2.26.so
7fe1ca5a2000-7fe1ca7a1000 ---p 0000b000 103:01 535693                    /usr/lib64/libnss_files-2.26.so
7fe1ca7a1000-7fe1ca7a2000 r--p 0000a000 103:01 535693                    /usr/lib64/libnss_files-2.26.so
7fe1ca7a2000-7fe1ca7a3000 rw-p 0000b000 103:01 535693                    /usr/lib64/libnss_files-2.26.so
7fe1ca7a3000-7fe1ca7a9000 rw-p 00000000 00:00 0 
7fe1ca7a9000-7fe1ca7b1000 r-xp 00000000 103:01 480471                    /usr/lib64/libnss_sss.so.2
7fe1ca7b1000-7fe1ca9b0000 ---p 00008000 103:01 480471                    /usr/lib64/libnss_sss.so.2
7fe1ca9b0000-7fe1ca9b1000 r--p 00007000 103:01 480471                    /usr/lib64/libnss_sss.so.2
7fe1ca9b1000-7fe1ca9b2000 rw-p 00008000 103:01 480471                    /usr/lib64/libnss_sss.so.2
7fe1ca9b2000-7fe1ca9bc000 r-xp 00000000 103:01 1947068                   /usr/lib/jvm/java-11-openjdk-11.0.13.0.8-1.amzn2.0.3.x86_64/lib/libinstrument.so
7fe1ca9bc000-7fe1cabbb000 ---p 0000a000 103:01 1947068                   /usr/lib/jvm/java-11-openjdk-11.0.13.0.8-1.amzn2.0.3.x86_64/lib/libinstrument.so
7fe1cabbb000-7fe1cabbc000 r--p 00009000 103:01 1947068                   /usr/lib/jvm/java-11-openjdk-11.0.13.0.8-1.amzn2.0.3.x86_64/lib/libinstrument.so
7fe1cabbc000-7fe1cabbd000 rw-p 0000a000 103:01 1947068                   /usr/lib/jvm/java-11-openjdk-11.0.13.0.8-1.amzn2.0.3.x86_64/lib/libinstrument.so
7fe1cabbd000-7fe1cabc2000 r-xp 00000000 103:01 1947076                   /usr/lib/jvm/java-11-openjdk-11.0.13.0.8-1.amzn2.0.3.x86_64/lib/libjimage.so
7fe1cabc2000-7fe1cadc1000 ---p 00005000 103:01 1947076                   /usr/lib/jvm/java-11-openjdk-11.0.13.0.8-1.amzn2.0.3.x86_64/lib/libjimage.so
7fe1cadc1000-7fe1cadc2000 r--p 00004000 103:01 1947076                   /usr/lib/jvm/java-11-openjdk-11.0.13.0.8-1.amzn2.0.3.x86_64/lib/libjimage.so
7fe1cadc2000-7fe1cadc3000 rw-p 00005000 103:01 1947076                   /usr/lib/jvm/java-11-openjdk-11.0.13.0.8-1.amzn2.0.3.x86_64/lib/libjimage.so
7fe1cadc3000-7fe1cadec000 r-xp 00000000 103:01 1947073                   /usr/lib/jvm/java-11-openjdk-11.0.13.0.8-1.amzn2.0.3.x86_64/lib/libjava.so
7fe1cadec000-7fe1cafec000 ---p 00029000 103:01 1947073                   /usr/lib/jvm/java-11-openjdk-11.0.13.0.8-1.amzn2.0.3.x86_64/lib/libjava.so
7fe1cafec000-7fe1cafed000 r--p 00029000 103:01 1947073                   /usr/lib/jvm/java-11-openjdk-11.0.13.0.8-1.amzn2.0.3.x86_64/lib/libjava.so
7fe1cafed000-7fe1cafee000 rw-p 0002a000 103:01 1947073                   /usr/lib/jvm/java-11-openjdk-11.0.13.0.8-1.amzn2.0.3.x86_64/lib/libjava.so
7fe1cafee000-7fe1cafef000 rw-p 00000000 00:00 0 
7fe1cafef000-7fe1caffc000 r-xp 00000000 103:01 1947092                   /usr/lib/jvm/java-11-openjdk-11.0.13.0.8-1.amzn2.0.3.x86_64/lib/libverify.so
7fe1caffc000-7fe1cb1fb000 ---p 0000d000 103:01 1947092                   /usr/lib/jvm/java-11-openjdk-11.0.13.0.8-1.amzn2.0.3.x86_64/lib/libverify.so
7fe1cb1fb000-7fe1cb1fd000 r--p 0000c000 103:01 1947092                   /usr/lib/jvm/java-11-openjdk-11.0.13.0.8-1.amzn2.0.3.x86_64/lib/libverify.so
7fe1cb1fd000-7fe1cb1fe000 rw-p 00000000 00:00 0 
7fe1cb1fe000-7fe1cb205000 r-xp 00000000 103:01 651650                    /usr/lib64/librt-2.26.so
7fe1cb205000-7fe1cb404000 ---p 00007000 103:01 651650                    /usr/lib64/librt-2.26.so
7fe1cb404000-7fe1cb405000 r--p 00006000 103:01 651650                    /usr/lib64/librt-2.26.so
7fe1cb405000-7fe1cb406000 rw-p 00007000 103:01 651650                    /usr/lib64/librt-2.26.so
7fe1cb406000-7fe1cb41b000 r-xp 00000000 103:01 481369                    /usr/lib64/libgcc_s-7-20180712.so.1
7fe1cb41b000-7fe1cb61a000 ---p 00015000 103:01 481369                    /usr/lib64/libgcc_s-7-20180712.so.1
7fe1cb61a000-7fe1cb61b000 r--p 00014000 103:01 481369                    /usr/lib64/libgcc_s-7-20180712.so.1
7fe1cb61b000-7fe1cb61c000 rw-p 00015000 103:01 481369                    /usr/lib64/libgcc_s-7-20180712.so.1
7fe1cb61c000-7fe1cb75b000 r-xp 00000000 103:01 516896                    /usr/lib64/libm-2.26.so
7fe1cb75b000-7fe1cb95a000 ---p 0013f000 103:01 516896                    /usr/lib64/libm-2.26.so
7fe1cb95a000-7fe1cb95b000 r--p 0013e000 103:01 516896                    /usr/lib64/libm-2.26.so
7fe1cb95b000-7fe1cb95c000 rw-p 0013f000 103:01 516896                    /usr/lib64/libm-2.26.so
7fe1cb95c000-7fe1cbace000 r-xp 00000000 103:01 294707                    /usr/lib64/libstdc++.so.6.0.24
7fe1cbace000-7fe1cbcce000 ---p 00172000 103:01 294707                    /usr/lib64/libstdc++.so.6.0.24
7fe1cbcce000-7fe1cbcd8000 r--p 00172000 103:01 294707                    /usr/lib64/libstdc++.so.6.0.24
7fe1cbcd8000-7fe1cbcda000 rw-p 0017c000 103:01 294707                    /usr/lib64/libstdc++.so.6.0.24
7fe1cbcda000-7fe1cbcde000 rw-p 00000000 00:00 0 
7fe1cbcde000-7fe1ccf01000 r-xp 00000000 103:01 16877691                  /usr/lib/jvm/java-11-openjdk-11.0.13.0.8-1.amzn2.0.3.x86_64/lib/server/libjvm.so
7fe1ccf01000-7fe1cd100000 ---p 01223000 103:01 16877691                  /usr/lib/jvm/java-11-openjdk-11.0.13.0.8-1.amzn2.0.3.x86_64/lib/server/libjvm.so
7fe1cd100000-7fe1cd1c4000 r--p 01222000 103:01 16877691                  /usr/lib/jvm/java-11-openjdk-11.0.13.0.8-1.amzn2.0.3.x86_64/lib/server/libjvm.so
7fe1cd1c4000-7fe1cd1ff000 rw-p 012e6000 103:01 16877691                  /usr/lib/jvm/java-11-openjdk-11.0.13.0.8-1.amzn2.0.3.x86_64/lib/server/libjvm.so
7fe1cd1ff000-7fe1cd256000 rw-p 00000000 00:00 0 
7fe1cd256000-7fe1cd3f7000 r-xp 00000000 103:01 294554                    /usr/lib64/libc-2.26.so
7fe1cd3f7000-7fe1cd5f7000 ---p 001a1000 103:01 294554                    /usr/lib64/libc-2.26.so
7fe1cd5f7000-7fe1cd5fb000 r--p 001a1000 103:01 294554                    /usr/lib64/libc-2.26.so
7fe1cd5fb000-7fe1cd5fd000 rw-p 001a5000 103:01 294554                    /usr/lib64/libc-2.26.so
7fe1cd5fd000-7fe1cd601000 rw-p 00000000 00:00 0 
7fe1cd601000-7fe1cd604000 r-xp 00000000 103:01 294558                    /usr/lib64/libdl-2.26.so
7fe1cd604000-7fe1cd803000 ---p 00003000 103:01 294558                    /usr/lib64/libdl-2.26.so
7fe1cd803000-7fe1cd804000 r--p 00002000 103:01 294558                    /usr/lib64/libdl-2.26.so
7fe1cd804000-7fe1cd805000 rw-p 00003000 103:01 294558                    /usr/lib64/libdl-2.26.so
7fe1cd805000-7fe1cd815000 r-xp 00000000 103:01 14270850                  /usr/lib/jvm/java-11-openjdk-11.0.13.0.8-1.amzn2.0.3.x86_64/lib/jli/libjli.so
7fe1cd815000-7fe1cda14000 ---p 00010000 103:01 14270850                  /usr/lib/jvm/java-11-openjdk-11.0.13.0.8-1.amzn2.0.3.x86_64/lib/jli/libjli.so
7fe1cda14000-7fe1cda15000 r--p 0000f000 103:01 14270850                  /usr/lib/jvm/java-11-openjdk-11.0.13.0.8-1.amzn2.0.3.x86_64/lib/jli/libjli.so
7fe1cda15000-7fe1cda16000 rw-p 00010000 103:01 14270850                  /usr/lib/jvm/java-11-openjdk-11.0.13.0.8-1.amzn2.0.3.x86_64/lib/jli/libjli.so
7fe1cda16000-7fe1cda2e000 r-xp 00000000 103:01 543674                    /usr/lib64/libpthread-2.26.so
7fe1cda2e000-7fe1cdc2e000 ---p 00018000 103:01 543674                    /usr/lib64/libpthread-2.26.so
7fe1cdc2e000-7fe1cdc2f000 r--p 00018000 103:01 543674                    /usr/lib64/libpthread-2.26.so
7fe1cdc2f000-7fe1cdc30000 rw-p 00019000 103:01 543674                    /usr/lib64/libpthread-2.26.so
7fe1cdc30000-7fe1cdc34000 rw-p 00000000 00:00 0 
7fe1cdc34000-7fe1cdc48000 r-xp 00000000 103:01 294727                    /usr/lib64/libz.so.1.2.7
7fe1cdc48000-7fe1cde47000 ---p 00014000 103:01 294727                    /usr/lib64/libz.so.1.2.7
7fe1cde47000-7fe1cde48000 r--p 00013000 103:01 294727                    /usr/lib64/libz.so.1.2.7
7fe1cde48000-7fe1cde49000 rw-p 00014000 103:01 294727                    /usr/lib64/libz.so.1.2.7
7fe1cde49000-7fe1cde6d000 r-xp 00000000 103:01 294545                    /usr/lib64/ld-2.26.so
7fe1cded1000-7fe1cdf52000 rw-p 00000000 00:00 0 
7fe1cdf52000-7fe1cdf59000 ---p 00000000 00:00 0 
7fe1cdf59000-7fe1cdf5d000 ---p 00000000 00:00 0 
7fe1cdf5d000-7fe1ce05e000 rw-p 00000000 00:00 0 
7fe1ce062000-7fe1ce06a000 rw-s 00000000 103:01 5153497                   /tmp/hsperfdata_student/6095
7fe1ce06a000-7fe1ce06b000 ---p 00000000 00:00 0 
7fe1ce06b000-7fe1ce06c000 r--p 00000000 00:00 0 
7fe1ce06c000-7fe1ce06d000 r--p 00023000 103:01 294545                    /usr/lib64/ld-2.26.so
7fe1ce06d000-7fe1ce06e000 rw-p 00024000 103:01 294545                    /usr/lib64/ld-2.26.so
7fe1ce06e000-7fe1ce06f000 rw-p 00000000 00:00 0 
7ffd1477a000-7ffd1479b000 rw-p 00000000 00:00 0                          [stack]
7ffd147af000-7ffd147b2000 r--p 00000000 00:00 0                          [vvar]
7ffd147b2000-7ffd147b4000 r-xp 00000000 00:00 0                          [vdso]
ffffffffff600000-ffffffffff601000 r-xp 00000000 00:00 0                  [vsyscall]


VM Arguments:
jvm_args: -javaagent:/home/student/eclipse/configuration/org.eclipse.osgi/389/0/.cp/jacocoagent.jar=includes=*,excludes=,exclclassloader=sun.reflect.DelegatingClassLoader,output=tcpclient,port=35807 -Dfile.encoding=UTF-8 
java_command: _09_World_Clocks.WorldClocksRunner
java_class_path (initial): /home/student/eclipse/plugins/org.junit.jupiter.api_5.6.0.v20200203-2009.jar:/home/student/eclipse/plugins/org.junit.jupiter.engine_5.6.0.v20200203-2009.jar:/home/student/eclipse/plugins/org.junit.jupiter.migrationsupport_5.6.0.v20200203-2009.jar:/home/student/eclipse/plugins/org.junit.jupiter.params_5.6.0.v20200203-2009.jar:/home/student/eclipse/plugins/org.junit.platform.commons_1.6.0.v20200203-2009.jar:/home/student/eclipse/plugins/org.junit.platform.engine_1.6.0.v20200203-2009.jar:/home/student/eclipse/plugins/org.junit.platform.launcher_1.6.0.v20200203-2009.jar:/home/student/eclipse/plugins/org.junit.platform.runner_1.6.0.v20200203-2009.jar:/home/student/eclipse/plugins/org.junit.platform.suite.api_1.6.0.v20200203-2009.jar:/home/student/eclipse/plugins/org.junit.vintage.engine_5.6.0.v20200203-2009.jar:/home/student/eclipse/plugins/org.opentest4j_1.2.0.v20190826-0900.jar:/home/student/eclipse/plugins/org.apiguardian_1.1.0.v20190826-0900.jar:/home/student/eclipse/plugins/org.junit_4.13.0.v20200204-1500.jar:/home/student/eclipse/plugins/org.hamcrest.core_1.3.0.v20180420-1519.jar:/home/student/git/level3-module1-alfredsherlocksems/bin:/home/student/git/level3-module1-alfredsherlocksems/TokenHacker.jar:/home/student/git/level3-module1-alfredsherlocksems/gson-2.8.6.jar:/home/student/git/level3-module1-alfredsherlocksems/javax.json-1.1.4.jar
Launcher Type: SUN_STANDARD

[Global flags]
     intx CICompilerCount                          = 2                                         {product} {ergonomic}
     uint ConcGCThreads                            = 1                                         {product} {ergonomic}
     uint G1ConcRefinementThreads                  = 2                                         {product} {ergonomic}
   size_t G1HeapRegionSize                         = 1048576                                   {product} {ergonomic}
    uintx GCDrainStackTargetSize                   = 64                                        {product} {ergonomic}
   size_t InitialHeapSize                          = 65011712                                  {product} {ergonomic}
   size_t MarkStackSize                            = 4194304                                   {product} {ergonomic}
   size_t MaxHeapSize                              = 1023410176                                {product} {ergonomic}
   size_t MaxNewSize                               = 613416960                                 {product} {ergonomic}
   size_t MinHeapDeltaBytes                        = 1048576                                   {product} {ergonomic}
    uintx NonNMethodCodeHeapSize                   = 5825164                                {pd product} {ergonomic}
    uintx NonProfiledCodeHeapSize                  = 122916538                              {pd product} {ergonomic}
    uintx ProfiledCodeHeapSize                     = 122916538                              {pd product} {ergonomic}
    uintx ReservedCodeCacheSize                    = 251658240                              {pd product} {ergonomic}
     bool SegmentedCodeCache                       = true                                      {product} {ergonomic}
     bool UseCompressedClassPointers               = true                                 {lp64_product} {ergonomic}
     bool UseCompressedOops                        = true                                 {lp64_product} {ergonomic}
     bool UseG1GC                                  = true                                      {product} {ergonomic}

Logging:
Log output configuration:
 #0: stdout all=warning uptime,level,tags
 #1: stderr all=off uptime,level,tags

Environment Variables:
PATH=/usr/local/bin:/usr/bin:/usr/local/sbin:/usr/sbin:/home/student/.local/bin:/home/student/bin:/home/student/.local/bin:/home/student/bin
SHELL=/bin/bash
DISPLAY=:1
LANG=en_US.UTF-8

Signal Handlers:
SIGSEGV: [libjvm.so+0xf17580], sa_mask[0]=11111111011111111101111111111110, sa_flags=SA_RESTART|SA_SIGINFO
SIGBUS: [libjvm.so+0xf17580], sa_mask[0]=11111111011111111101111111111110, sa_flags=SA_RESTART|SA_SIGINFO
SIGFPE: [libjvm.so+0xf17580], sa_mask[0]=11111111011111111101111111111110, sa_flags=SA_RESTART|SA_SIGINFO
SIGPIPE: [libjvm.so+0xc48480], sa_mask[0]=11111111011111111101111111111110, sa_flags=SA_RESTART|SA_SIGINFO
SIGXFSZ: [libjvm.so+0xc48480], sa_mask[0]=11111111011111111101111111111110, sa_flags=SA_RESTART|SA_SIGINFO
SIGILL: [libjvm.so+0xf17580], sa_mask[0]=11111111011111111101111111111110, sa_flags=SA_RESTART|SA_SIGINFO
SIGUSR2: [libjvm.so+0xc48310], sa_mask[0]=00100000000000000000000000000000, sa_flags=SA_RESTART|SA_SIGINFO
SIGHUP: [libjvm.so+0xc48680], sa_mask[0]=11111111011111111101111111111110, sa_flags=SA_RESTART|SA_SIGINFO
SIGINT: [libjvm.so+0xc48680], sa_mask[0]=11111111011111111101111111111110, sa_flags=SA_RESTART|SA_SIGINFO
SIGTERM: [libjvm.so+0xc48680], sa_mask[0]=11111111011111111101111111111110, sa_flags=SA_RESTART|SA_SIGINFO
SIGQUIT: [libjvm.so+0xc48680], sa_mask[0]=11111111011111111101111111111110, sa_flags=SA_RESTART|SA_SIGINFO


---------------  S Y S T E M  ---------------

OS:Amazon Linux release 2 (Karoo)
uname:Linux 4.14.225-169.362.amzn2.x86_64 #1 SMP Mon Mar 22 20:14:50 UTC 2021 x86_64
OS uptime: 0 days 0:04 hours
libc:glibc 2.26 NPTL 2.26 
rlimit (soft/hard): STACK 8192k/infinity , CORE 0k/infinity , NPROC 15441/15441 , NOFILE 4096/4096 , AS infinity/infinity , CPU infinity/infinity , DATA infinity/infinity , FSIZE infinity/infinity , MEMLOCK 64k/64k
load average:4.45 1.95 0.81

/proc/meminfo:
MemTotal:        3990080 kB
MemFree:          166240 kB
MemAvailable:     120512 kB
Buffers:               0 kB
Cached:           182568 kB
SwapCached:            0 kB
Active:          3540428 kB
Inactive:         123244 kB
Active(anon):    3481584 kB
Inactive(anon):    55344 kB
Active(file):      58844 kB
Inactive(file):    67900 kB
Unevictable:          32 kB
Mlocked:              32 kB
SwapTotal:             0 kB
SwapFree:              0 kB
Dirty:               652 kB
Writeback:             0 kB
AnonPages:       3481412 kB
Mapped:           143908 kB
Shmem:             55616 kB
Slab:              60212 kB
SReclaimable:      22488 kB
SUnreclaim:        37724 kB
KernelStack:       13260 kB
PageTables:        54252 kB
NFS_Unstable:          0 kB
Bounce:                0 kB
WritebackTmp:          0 kB
CommitLimit:     1995040 kB
Committed_AS:    9051300 kB
VmallocTotal:   34359738367 kB
VmallocUsed:           0 kB
VmallocChunk:          0 kB
HardwareCorrupted:     0 kB
AnonHugePages:     14336 kB
ShmemHugePages:        0 kB
ShmemPmdMapped:        0 kB
HugePages_Total:       0
HugePages_Free:        0
HugePages_Rsvd:        0
HugePages_Surp:        0
Hugepagesize:       2048 kB
DirectMap4k:      102312 kB
DirectMap2M:     2994176 kB
DirectMap1G:     1048576 kB

/sys/kernel/mm/transparent_hugepage/enabled:
always [madvise] never
/sys/kernel/mm/transparent_hugepage/defrag (defrag/compaction efforts parameter):
always defer defer+madvise [madvise] never

Process Memory:
Virtual Size: 3470536K (peak: 12422920K)
Resident Set Size: 210312K (peak: 210312K) (anon: 194540K, file: 15772K, shmem: 0K)
Swapped out: 0K
C-Heap outstanding allocations: 7216K

/proc/sys/kernel/threads-max (system-wide limit on the number of threads):
30883
/proc/sys/vm/max_map_count (maximum number of memory map areas a process may have):
65530
/proc/sys/kernel/pid_max (system-wide limit on number of process identifiers):
32768

container (cgroup) information:
container_type: cgroupv1
cpu_cpuset_cpus: 0-1
cpu_memory_nodes: 0
active_processor_count: 2
cpu_quota: -1
cpu_period: 100000
cpu_shares: -1
memory_limit_in_bytes: -1
memory_and_swap_limit_in_bytes: -1
memory_soft_limit_in_bytes: -1
memory_usage_in_bytes: 3751919616
memory_max_usage_in_bytes: 0

KVM virtualization detected
Steal ticks since vm start: 0
Steal ticks percentage since vm start:  0.000

CPU:total 2 (initial active 2) (2 cores per cpu, 2 threads per core) family 23 model 1 stepping 2 microcode 0x800126c, cmov, cx8, fxsr, mmx, sse, sse2, sse3, ssse3, sse4.1, sse4.2, popcnt, avx, avx2, aes, clmul, mmxext, lzcnt, sse4a, ht, tsc, tscinvbit, tscinv, bmi1, bmi2, adx, sha, fma
CPU Model and flags from /proc/cpuinfo:
model name	: AMD EPYC 7571
flags		: fpu vme de pse tsc msr pae mce cx8 apic sep mtrr pge mca cmov pat pse36 clflush mmx fxsr sse sse2 ht syscall nx mmxext fxsr_opt pdpe1gb rdtscp lm constant_tsc rep_good nopl nonstop_tsc cpuid extd_apicid tsc_known_freq pni pclmulqdq ssse3 fma cx16 sse4_1 sse4_2 movbe popcnt aes xsave avx f16c rdrand hypervisor lahf_lm cmp_legacy cr8_legacy abm sse4a misalignsse 3dnowprefetch topoext vmmcall fsgsbase bmi1 avx2 smep bmi2 rdseed adx smap clflushopt sha_ni xsaveopt xsavec xgetbv1 clzero xsaveerptr arat npt nrip_save
Online cpus:
0-1
Offline cpus:

BIOS frequency limitation:
<Not Available>
Frequency switch latency (ns):
<Not Available>
Available cpu frequencies:
<Not Available>
Current governor:
<Not Available>
Core performance/turbo boost:
<Not Available>

Memory: 4k page, physical 3990080k(166240k free), swap 0k(0k free)

vm_info: OpenJDK 64-Bit Server VM (11.0.13+8-LTS) for linux-amd64 JRE (11.0.13+8-LTS), built on Dec 17 2021 11:54:22 by "mockbuild" with gcc 7.3.1 20180712 (Red Hat 7.3.1-13)

END.
