#
# There is insufficient memory for the Java Runtime Environment to continue.
# Native memory allocation (mmap) failed to map 253755392 bytes for committing reserved memory.
# Possible reasons:
#   The system is out of physical RAM or swap space
#   The process is running with CompressedOops enabled, and the Java Heap may be blocking the growth of the native heap
# Possible solutions:
#   Reduce memory load on the system
#   Increase physical memory or swap space
#   Check if swap backing store is full
#   Decrease Java heap size (-Xmx/-Xms)
#   Decrease number of Java threads
#   Decrease Java thread stack sizes (-Xss)
#   Set larger code cache with -XX:ReservedCodeCacheSize=
#   JVM is running with Unscaled Compressed Oops mode in which the Java heap is
#     placed in the first 4GB address space. The Java Heap base address is the
#     maximum limit for the native heap growth. Please use -XX:HeapBaseMinAddress
#     to set the Java Heap base and to place the Java Heap above 4GB virtual address.
# This output file may be truncated or incomplete.
#
#  Out of Memory Error (os_linux.cpp:2990), pid=6120, tid=6132
#
# JRE version: OpenJDK Runtime Environment 18.9 (11.0.13+8) (build 11.0.13+8-LTS)
# Java VM: OpenJDK 64-Bit Server VM 18.9 (11.0.13+8-LTS, mixed mode, sharing, tiered, compressed oops, g1 gc, linux-amd64)
# No core dump will be written. Core dumps have been disabled. To enable core dumping, try "ulimit -c unlimited" before starting Java again
#

---------------  S U M M A R Y ------------

Command Line: -Dfile.encoding=UTF-8 _09_World_Clocks.WorldClocksRunner

Host: AMD EPYC 7571, 2 cores, 3G, Amazon Linux release 2 (Karoo)
Time: Mon Mar 28 15:39:35 2022 PDT elapsed time: 8.554778 seconds (0d 0h 0m 8s)

---------------  T H R E A D  ---------------

Current thread (0x00007f1a980b5000):  VMThread "VM Thread" [stack: 0x00007f1a802d6000,0x00007f1a803d6000] [id=6132]

Stack: [0x00007f1a802d6000,0x00007f1a803d6000],  sp=0x00007f1a803d3d30,  free space=1015k
Native frames: (J=compiled Java code, A=aot compiled Java code, j=interpreted, Vv=VM code, C=native code)
V  [libjvm.so+0xf15b8e]  VMError::report_and_die(int, char const*, char const*, __va_list_tag*, Thread*, unsigned char*, void*, void*, char const*, int, unsigned long)+0x37e
V  [libjvm.so+0xf1685b]  VMError::report_and_die(Thread*, char const*, int, unsigned long, VMErrorType, char const*, __va_list_tag*)+0x2b
V  [libjvm.so+0x6c43de]  report_vm_out_of_memory(char const*, int, unsigned long, VMErrorType, char const*, ...)+0x10e
V  [libjvm.so+0xc4d58e]  os::pd_commit_memory_or_exit(char*, unsigned long, unsigned long, bool, char const*)+0xfe
V  [libjvm.so+0xc43b6c]  os::commit_memory_or_exit(char*, unsigned long, unsigned long, bool, char const*)+0x2c
V  [libjvm.so+0x7dcd4c]  G1PageBasedVirtualSpace::commit_preferred_pages(unsigned long, unsigned long)+0x6c
V  [libjvm.so+0x7dcfdc]  G1PageBasedVirtualSpace::commit(unsigned long, unsigned long)+0x5c
V  [libjvm.so+0x7e8a60]  G1RegionsLargerThanCommitSizeMapper::commit_regions(unsigned int, unsigned long, WorkGang*)+0x40
V  [libjvm.so+0x869019]  HeapRegionManager::commit_regions(unsigned int, unsigned long, WorkGang*)+0x89
V  [libjvm.so+0x869be2]  HeapRegionManager::make_regions_available(unsigned int, unsigned int, WorkGang*)+0x42
V  [libjvm.so+0x86a024]  HeapRegionManager::expand_at(unsigned int, unsigned int, WorkGang*) [clone .part.23]+0x114
V  [libjvm.so+0x79b609]  G1CollectedHeap::expand(unsigned long, WorkGang*, double*)+0xd9
V  [libjvm.so+0x7a024d]  G1CollectedHeap::do_collection_pause_at_safepoint(double)+0xa7d
V  [libjvm.so+0xf21abc]  VM_G1CollectForAllocation::doit()+0x7c
V  [libjvm.so+0xf190d7]  VM_Operation::evaluate()+0xe7
V  [libjvm.so+0xf1f41e]  VMThread::evaluate_operation(VM_Operation*) [clone .constprop.66]+0x10e
V  [libjvm.so+0xf1f969]  VMThread::loop()+0x3f9
V  [libjvm.so+0xf1fdb2]  VMThread::run()+0x82
V  [libjvm.so+0xea7a9c]  Thread::call_run()+0x15c
V  [libjvm.so+0xc532ec]  thread_native_entry(Thread*)+0xec

VM_Operation (0x00007f1aa26a2200): G1CollectForAllocation, mode: safepoint, requested by thread 0x00007f1a98017000


---------------  P R O C E S S  ---------------

Threads class SMR info:
_java_thread_list=0x00007f1a98104220, length=9, elements={
0x00007f1a98017000, 0x00007f1a980b7800, 0x00007f1a980ba000, 0x00007f1a980bf000,
0x00007f1a980c1000, 0x00007f1a980c3800, 0x00007f1a980c5800, 0x00007f1a980c7800,
0x00007f1a98102800
}

Java Threads: ( => current thread )
  0x00007f1a98017000 JavaThread "main" [_thread_blocked, id=6122, stack(0x00007f1aa25a3000,0x00007f1aa26a4000)]
  0x00007f1a980b7800 JavaThread "Reference Handler" daemon [_thread_blocked, id=6133, stack(0x00007f1a801d3000,0x00007f1a802d4000)]
  0x00007f1a980ba000 JavaThread "Finalizer" daemon [_thread_blocked, id=6134, stack(0x00007f1a800d2000,0x00007f1a801d3000)]
  0x00007f1a980bf000 JavaThread "Signal Dispatcher" daemon [_thread_blocked, id=6135, stack(0x00007f1a716ff000,0x00007f1a71800000)]
  0x00007f1a980c1000 JavaThread "Service Thread" daemon [_thread_blocked, id=6136, stack(0x00007f1a715fe000,0x00007f1a716ff000)]
  0x00007f1a980c3800 JavaThread "C2 CompilerThread0" daemon [_thread_blocked, id=6137, stack(0x00007f1a714fd000,0x00007f1a715fe000)]
  0x00007f1a980c5800 JavaThread "C1 CompilerThread0" daemon [_thread_blocked, id=6138, stack(0x00007f1a713fc000,0x00007f1a714fd000)]
  0x00007f1a980c7800 JavaThread "Sweeper thread" daemon [_thread_blocked, id=6139, stack(0x00007f1a712fb000,0x00007f1a713fc000)]
  0x00007f1a98102800 JavaThread "Common-Cleaner" daemon [_thread_blocked, id=6141, stack(0x00007f1a710f8000,0x00007f1a711f9000)]

Other Threads:
=>0x00007f1a980b5000 VMThread "VM Thread" [stack: 0x00007f1a802d6000,0x00007f1a803d6000] [id=6132]
  0x00007f1a98100000 WatcherThread [stack: 0x00007f1a711fb000,0x00007f1a712fb000] [id=6140]
  0x00007f1a9802e800 GCTaskThread "GC Thread#0" [stack: 0x00007f1a9e90e000,0x00007f1a9ea0e000] [id=6126]
  0x00007f1a68001000 GCTaskThread "GC Thread#1" [stack: 0x00007f1a70bcf000,0x00007f1a70ccf000] [id=6151]
  0x00007f1a98049800 ConcurrentGCThread "G1 Main Marker" [stack: 0x00007f1a9c1d2000,0x00007f1a9c2d2000] [id=6128]
  0x00007f1a9804b800 ConcurrentGCThread "G1 Conc#0" [stack: 0x00007f1a9c0d0000,0x00007f1a9c1d0000] [id=6129]
  0x00007f1a98087000 ConcurrentGCThread "G1 Refine#0" [stack: 0x00007f1a8055b000,0x00007f1a8065b000] [id=6130]
  0x00007f1a6c001000 ConcurrentGCThread "G1 Refine#1" [stack: 0x00007f1a70acd000,0x00007f1a70bcd000] [id=6153]
  0x00007f1a98088800 ConcurrentGCThread "G1 Young RemSet Sampling" [stack: 0x00007f1a80459000,0x00007f1a80559000] [id=6131]

Threads with active compile tasks:
C2 CompilerThread0   8579  368       4       org.glassfish.json.JsonParserImpl::next (28 bytes)

VM state:at safepoint (normal execution)

VM Mutex/Monitor currently owned by a thread:  ([mutex/lock_event])
[0x00007f1a98013920] Threads_lock - owner thread: 0x00007f1a980b5000
[0x00007f1a98014100] Heap_lock - owner thread: 0x00007f1a98017000

Heap address: 0x00000000c3000000, size: 976 MB, Compressed Oops mode: 32-bit
Narrow klass base: 0x0000000800000000, Narrow klass shift: 3
Compressed class space size: 1073741824 Address: 0x0000000840000000

Heap:
 garbage-first heap   total 627712K, used 123592K [0x00000000c3000000, 0x0000000100000000)
  region size 1024K, 3 young (3072K), 3 survivors (3072K)
 Metaspace       used 1850K, capacity 5266K, committed 5376K, reserved 1056768K
  class space    used 179K, capacity 494K, committed 512K, reserved 1048576K
Heap Regions: E=young(eden), S=young(survivor), O=old, HS=humongous(starts), HC=humongous(continues), CS=collection set, F=free, A=archive, TAMS=top-at-mark-start (previous, next)
|   0|0x00000000c3000000, 0x00000000c3100000, 0x00000000c3100000|100%| O|  |TAMS 0x00000000c3000000, 0x00000000c3000000| Untracked 
|   1|0x00000000c3100000, 0x00000000c3200000, 0x00000000c3200000|100%| O|  |TAMS 0x00000000c3100000, 0x00000000c3100000| Untracked 
|   2|0x00000000c3200000, 0x00000000c3300000, 0x00000000c3300000|100%| O|  |TAMS 0x00000000c3200000, 0x00000000c3200000| Untracked 
|   3|0x00000000c3300000, 0x00000000c3400000, 0x00000000c3400000|100%| O|  |TAMS 0x00000000c3300000, 0x00000000c3300000| Untracked 
|   4|0x00000000c3400000, 0x00000000c3500000, 0x00000000c3500000|100%| O|  |TAMS 0x00000000c3400000, 0x00000000c3400000| Untracked 
|   5|0x00000000c3500000, 0x00000000c3600000, 0x00000000c3600000|100%| O|  |TAMS 0x00000000c3500000, 0x00000000c3500000| Untracked 
|   6|0x00000000c3600000, 0x00000000c3700000, 0x00000000c3700000|100%| O|  |TAMS 0x00000000c3600000, 0x00000000c3600000| Untracked 
|   7|0x00000000c3700000, 0x00000000c3800000, 0x00000000c3800000|100%| O|  |TAMS 0x00000000c3700000, 0x00000000c3700000| Untracked 
|   8|0x00000000c3800000, 0x00000000c3900000, 0x00000000c3900000|100%| O|  |TAMS 0x00000000c3800000, 0x00000000c3800000| Untracked 
|   9|0x00000000c3900000, 0x00000000c3a00000, 0x00000000c3a00000|100%| O|  |TAMS 0x00000000c3900000, 0x00000000c3900000| Untracked 
|  10|0x00000000c3a00000, 0x00000000c3b00000, 0x00000000c3b00000|100%| O|  |TAMS 0x00000000c3a00000, 0x00000000c3a00000| Untracked 
|  11|0x00000000c3b00000, 0x00000000c3c00000, 0x00000000c3c00000|100%| O|  |TAMS 0x00000000c3b00000, 0x00000000c3b00000| Untracked 
|  12|0x00000000c3c00000, 0x00000000c3d00000, 0x00000000c3d00000|100%| O|  |TAMS 0x00000000c3c00000, 0x00000000c3c00000| Untracked 
|  13|0x00000000c3d00000, 0x00000000c3e00000, 0x00000000c3e00000|100%| O|  |TAMS 0x00000000c3d00000, 0x00000000c3d00000| Untracked 
|  14|0x00000000c3e00000, 0x00000000c3f00000, 0x00000000c3f00000|100%| O|  |TAMS 0x00000000c3e00000, 0x00000000c3e00000| Untracked 
|  15|0x00000000c3f00000, 0x00000000c4000000, 0x00000000c4000000|100%| O|  |TAMS 0x00000000c3f00000, 0x00000000c3f00000| Untracked 
|  16|0x00000000c4000000, 0x00000000c4100000, 0x00000000c4100000|100%| O|  |TAMS 0x00000000c4000000, 0x00000000c4000000| Untracked 
|  17|0x00000000c4100000, 0x00000000c4200000, 0x00000000c4200000|100%| O|  |TAMS 0x00000000c4100000, 0x00000000c4100000| Untracked 
|  18|0x00000000c4200000, 0x00000000c4300000, 0x00000000c4300000|100%| O|  |TAMS 0x00000000c4200000, 0x00000000c4200000| Untracked 
|  19|0x00000000c4300000, 0x00000000c4400000, 0x00000000c4400000|100%| O|  |TAMS 0x00000000c4300000, 0x00000000c4300000| Untracked 
|  20|0x00000000c4400000, 0x00000000c4500000, 0x00000000c4500000|100%| O|  |TAMS 0x00000000c4400000, 0x00000000c4400000| Untracked 
|  21|0x00000000c4500000, 0x00000000c4600000, 0x00000000c4600000|100%| O|  |TAMS 0x00000000c4500000, 0x00000000c4500000| Untracked 
|  22|0x00000000c4600000, 0x00000000c4700000, 0x00000000c4700000|100%| O|  |TAMS 0x00000000c4600000, 0x00000000c4600000| Untracked 
|  23|0x00000000c4700000, 0x00000000c4800000, 0x00000000c4800000|100%| O|  |TAMS 0x00000000c4700000, 0x00000000c4700000| Untracked 
|  24|0x00000000c4800000, 0x00000000c4900000, 0x00000000c4900000|100%| O|  |TAMS 0x00000000c4800000, 0x00000000c4800000| Untracked 
|  25|0x00000000c4900000, 0x00000000c4a00000, 0x00000000c4a00000|100%| O|  |TAMS 0x00000000c4900000, 0x00000000c4900000| Untracked 
|  26|0x00000000c4a00000, 0x00000000c4b00000, 0x00000000c4b00000|100%| O|  |TAMS 0x00000000c4a00000, 0x00000000c4a00000| Untracked 
|  27|0x00000000c4b00000, 0x00000000c4c00000, 0x00000000c4c00000|100%| O|  |TAMS 0x00000000c4b00000, 0x00000000c4b00000| Untracked 
|  28|0x00000000c4c00000, 0x00000000c4d00000, 0x00000000c4d00000|100%| O|  |TAMS 0x00000000c4c00000, 0x00000000c4c00000| Untracked 
|  29|0x00000000c4d00000, 0x00000000c4e00000, 0x00000000c4e00000|100%| O|  |TAMS 0x00000000c4d00000, 0x00000000c4d00000| Untracked 
|  30|0x00000000c4e00000, 0x00000000c4f00000, 0x00000000c4f00000|100%| O|  |TAMS 0x00000000c4e00000, 0x00000000c4e00000| Untracked 
|  31|0x00000000c4f00000, 0x00000000c5000000, 0x00000000c5000000|100%| O|  |TAMS 0x00000000c4f00000, 0x00000000c4f00000| Untracked 
|  32|0x00000000c5000000, 0x00000000c5100000, 0x00000000c5100000|100%| O|  |TAMS 0x00000000c5000000, 0x00000000c5000000| Untracked 
|  33|0x00000000c5100000, 0x00000000c5200000, 0x00000000c5200000|100%| O|  |TAMS 0x00000000c5100000, 0x00000000c5100000| Untracked 
|  34|0x00000000c5200000, 0x00000000c5300000, 0x00000000c5300000|100%| O|  |TAMS 0x00000000c5200000, 0x00000000c5200000| Untracked 
|  35|0x00000000c5300000, 0x00000000c5400000, 0x00000000c5400000|100%| O|  |TAMS 0x00000000c5300000, 0x00000000c5300000| Untracked 
|  36|0x00000000c5400000, 0x00000000c5500000, 0x00000000c5500000|100%| O|  |TAMS 0x00000000c5400000, 0x00000000c5400000| Untracked 
|  37|0x00000000c5500000, 0x00000000c5600000, 0x00000000c5600000|100%| O|  |TAMS 0x00000000c5500000, 0x00000000c5500000| Untracked 
|  38|0x00000000c5600000, 0x00000000c5700000, 0x00000000c5700000|100%| O|  |TAMS 0x00000000c5600000, 0x00000000c5600000| Untracked 
|  39|0x00000000c5700000, 0x00000000c5800000, 0x00000000c5800000|100%| O|  |TAMS 0x00000000c5700000, 0x00000000c5700000| Untracked 
|  40|0x00000000c5800000, 0x00000000c5900000, 0x00000000c5900000|100%| O|  |TAMS 0x00000000c5800000, 0x00000000c5800000| Untracked 
|  41|0x00000000c5900000, 0x00000000c5a00000, 0x00000000c5a00000|100%| O|  |TAMS 0x00000000c5900000, 0x00000000c5900000| Untracked 
|  42|0x00000000c5a00000, 0x00000000c5b00000, 0x00000000c5b00000|100%| O|  |TAMS 0x00000000c5a00000, 0x00000000c5a00000| Untracked 
|  43|0x00000000c5b00000, 0x00000000c5c00000, 0x00000000c5c00000|100%| O|  |TAMS 0x00000000c5b00000, 0x00000000c5b00000| Untracked 
|  44|0x00000000c5c00000, 0x00000000c5d00000, 0x00000000c5d00000|100%| O|  |TAMS 0x00000000c5c00000, 0x00000000c5c00000| Untracked 
|  45|0x00000000c5d00000, 0x00000000c5e00000, 0x00000000c5e00000|100%| O|  |TAMS 0x00000000c5d00000, 0x00000000c5d00000| Untracked 
|  46|0x00000000c5e00000, 0x00000000c5f00000, 0x00000000c5f00000|100%| O|  |TAMS 0x00000000c5e00000, 0x00000000c5e00000| Untracked 
|  47|0x00000000c5f00000, 0x00000000c6000000, 0x00000000c6000000|100%| O|  |TAMS 0x00000000c5f00000, 0x00000000c5f00000| Untracked 
|  48|0x00000000c6000000, 0x00000000c6100000, 0x00000000c6100000|100%| O|  |TAMS 0x00000000c6000000, 0x00000000c6000000| Untracked 
|  49|0x00000000c6100000, 0x00000000c6200000, 0x00000000c6200000|100%| O|  |TAMS 0x00000000c6100000, 0x00000000c6100000| Untracked 
|  50|0x00000000c6200000, 0x00000000c6300000, 0x00000000c6300000|100%| O|  |TAMS 0x00000000c6200000, 0x00000000c6200000| Untracked 
|  51|0x00000000c6300000, 0x00000000c6400000, 0x00000000c6400000|100%| O|  |TAMS 0x00000000c6300000, 0x00000000c6300000| Untracked 
|  52|0x00000000c6400000, 0x00000000c6500000, 0x00000000c6500000|100%| O|  |TAMS 0x00000000c6400000, 0x00000000c6400000| Untracked 
|  53|0x00000000c6500000, 0x00000000c6600000, 0x00000000c6600000|100%| O|  |TAMS 0x00000000c6500000, 0x00000000c6500000| Untracked 
|  54|0x00000000c6600000, 0x00000000c6700000, 0x00000000c6700000|100%| O|  |TAMS 0x00000000c6600000, 0x00000000c6600000| Untracked 
|  55|0x00000000c6700000, 0x00000000c6800000, 0x00000000c6800000|100%| O|  |TAMS 0x00000000c6700000, 0x00000000c6700000| Untracked 
|  56|0x00000000c6800000, 0x00000000c6900000, 0x00000000c6900000|100%| O|  |TAMS 0x00000000c6800000, 0x00000000c6800000| Untracked 
|  57|0x00000000c6900000, 0x00000000c6a00000, 0x00000000c6a00000|100%| O|  |TAMS 0x00000000c6900000, 0x00000000c6900000| Untracked 
|  58|0x00000000c6a00000, 0x00000000c6b00000, 0x00000000c6b00000|100%| O|  |TAMS 0x00000000c6a00000, 0x00000000c6a00000| Untracked 
|  59|0x00000000c6b00000, 0x00000000c6c00000, 0x00000000c6c00000|100%| O|  |TAMS 0x00000000c6b00000, 0x00000000c6b00000| Untracked 
|  60|0x00000000c6c00000, 0x00000000c6d00000, 0x00000000c6d00000|100%| O|  |TAMS 0x00000000c6c00000, 0x00000000c6c00000| Untracked 
|  61|0x00000000c6d00000, 0x00000000c6e00000, 0x00000000c6e00000|100%| O|  |TAMS 0x00000000c6d00000, 0x00000000c6d00000| Untracked 
|  62|0x00000000c6e00000, 0x00000000c6f00000, 0x00000000c6f00000|100%| O|  |TAMS 0x00000000c6e00000, 0x00000000c6e00000| Untracked 
|  63|0x00000000c6f00000, 0x00000000c7000000, 0x00000000c7000000|100%| O|  |TAMS 0x00000000c6f00000, 0x00000000c6f00000| Untracked 
|  64|0x00000000c7000000, 0x00000000c7100000, 0x00000000c7100000|100%| O|  |TAMS 0x00000000c7000000, 0x00000000c7000000| Untracked 
|  65|0x00000000c7100000, 0x00000000c7200000, 0x00000000c7200000|100%| O|  |TAMS 0x00000000c7100000, 0x00000000c7100000| Untracked 
|  66|0x00000000c7200000, 0x00000000c7300000, 0x00000000c7300000|100%| O|  |TAMS 0x00000000c7200000, 0x00000000c7200000| Untracked 
|  67|0x00000000c7300000, 0x00000000c7400000, 0x00000000c7400000|100%| O|  |TAMS 0x00000000c7300000, 0x00000000c7300000| Untracked 
|  68|0x00000000c7400000, 0x00000000c7500000, 0x00000000c7500000|100%| O|  |TAMS 0x00000000c7400000, 0x00000000c7400000| Untracked 
|  69|0x00000000c7500000, 0x00000000c7600000, 0x00000000c7600000|100%| O|  |TAMS 0x00000000c7500000, 0x00000000c7500000| Untracked 
|  70|0x00000000c7600000, 0x00000000c7700000, 0x00000000c7700000|100%| O|  |TAMS 0x00000000c7600000, 0x00000000c7600000| Untracked 
|  71|0x00000000c7700000, 0x00000000c7800000, 0x00000000c7800000|100%| O|  |TAMS 0x00000000c7700000, 0x00000000c7700000| Untracked 
|  72|0x00000000c7800000, 0x00000000c7900000, 0x00000000c7900000|100%| O|  |TAMS 0x00000000c7800000, 0x00000000c7800000| Untracked 
|  73|0x00000000c7900000, 0x00000000c7a00000, 0x00000000c7a00000|100%| O|  |TAMS 0x00000000c7900000, 0x00000000c7900000| Untracked 
|  74|0x00000000c7a00000, 0x00000000c7b00000, 0x00000000c7b00000|100%| O|  |TAMS 0x00000000c7a00000, 0x00000000c7a00000| Untracked 
|  75|0x00000000c7b00000, 0x00000000c7c00000, 0x00000000c7c00000|100%| O|  |TAMS 0x00000000c7b00000, 0x00000000c7b00000| Untracked 
|  76|0x00000000c7c00000, 0x00000000c7d00000, 0x00000000c7d00000|100%| O|  |TAMS 0x00000000c7c00000, 0x00000000c7c00000| Untracked 
|  77|0x00000000c7d00000, 0x00000000c7e00000, 0x00000000c7e00000|100%| O|  |TAMS 0x00000000c7d00000, 0x00000000c7d00000| Untracked 
|  78|0x00000000c7e00000, 0x00000000c7f00000, 0x00000000c7f00000|100%| O|  |TAMS 0x00000000c7e00000, 0x00000000c7e00000| Untracked 
|  79|0x00000000c7f00000, 0x00000000c8000000, 0x00000000c8000000|100%| O|  |TAMS 0x00000000c7f00000, 0x00000000c7f00000| Untracked 
|  80|0x00000000c8000000, 0x00000000c8100000, 0x00000000c8100000|100%| O|  |TAMS 0x00000000c8000000, 0x00000000c8000000| Untracked 
|  81|0x00000000c8100000, 0x00000000c8200000, 0x00000000c8200000|100%| O|  |TAMS 0x00000000c8100000, 0x00000000c8100000| Untracked 
|  82|0x00000000c8200000, 0x00000000c8300000, 0x00000000c8300000|100%| O|  |TAMS 0x00000000c8200000, 0x00000000c8200000| Untracked 
|  83|0x00000000c8300000, 0x00000000c8400000, 0x00000000c8400000|100%| O|  |TAMS 0x00000000c8300000, 0x00000000c8300000| Untracked 
|  84|0x00000000c8400000, 0x00000000c8500000, 0x00000000c8500000|100%| O|  |TAMS 0x00000000c8400000, 0x00000000c8400000| Untracked 
|  85|0x00000000c8500000, 0x00000000c8600000, 0x00000000c8600000|100%| O|  |TAMS 0x00000000c8500000, 0x00000000c8500000| Untracked 
|  86|0x00000000c8600000, 0x00000000c8700000, 0x00000000c8700000|100%| O|  |TAMS 0x00000000c8600000, 0x00000000c8600000| Untracked 
|  87|0x00000000c8700000, 0x00000000c8800000, 0x00000000c8800000|100%| O|  |TAMS 0x00000000c8700000, 0x00000000c8700000| Untracked 
|  88|0x00000000c8800000, 0x00000000c8900000, 0x00000000c8900000|100%| O|  |TAMS 0x00000000c8800000, 0x00000000c8800000| Untracked 
|  89|0x00000000c8900000, 0x00000000c8a00000, 0x00000000c8a00000|100%| O|  |TAMS 0x00000000c8900000, 0x00000000c8900000| Untracked 
|  90|0x00000000c8a00000, 0x00000000c8b00000, 0x00000000c8b00000|100%| O|  |TAMS 0x00000000c8a00000, 0x00000000c8a00000| Untracked 
|  91|0x00000000c8b00000, 0x00000000c8c00000, 0x00000000c8c00000|100%| O|  |TAMS 0x00000000c8b00000, 0x00000000c8b00000| Untracked 
|  92|0x00000000c8c00000, 0x00000000c8d00000, 0x00000000c8d00000|100%| O|  |TAMS 0x00000000c8c00000, 0x00000000c8c00000| Untracked 
|  93|0x00000000c8d00000, 0x00000000c8e00000, 0x00000000c8e00000|100%| O|  |TAMS 0x00000000c8d00000, 0x00000000c8d00000| Untracked 
|  94|0x00000000c8e00000, 0x00000000c8f00000, 0x00000000c8f00000|100%| O|  |TAMS 0x00000000c8e00000, 0x00000000c8e00000| Untracked 
|  95|0x00000000c8f00000, 0x00000000c9000000, 0x00000000c9000000|100%| O|  |TAMS 0x00000000c8f00000, 0x00000000c8f00000| Untracked 
|  96|0x00000000c9000000, 0x00000000c9100000, 0x00000000c9100000|100%| O|  |TAMS 0x00000000c9000000, 0x00000000c9000000| Untracked 
|  97|0x00000000c9100000, 0x00000000c9200000, 0x00000000c9200000|100%| O|  |TAMS 0x00000000c9100000, 0x00000000c9100000| Untracked 
|  98|0x00000000c9200000, 0x00000000c9300000, 0x00000000c9300000|100%| O|  |TAMS 0x00000000c9200000, 0x00000000c9200000| Untracked 
|  99|0x00000000c9300000, 0x00000000c9400000, 0x00000000c9400000|100%| O|  |TAMS 0x00000000c9300000, 0x00000000c9300000| Untracked 
| 100|0x00000000c9400000, 0x00000000c9500000, 0x00000000c9500000|100%| O|  |TAMS 0x00000000c9400000, 0x00000000c9400000| Untracked 
| 101|0x00000000c9500000, 0x00000000c9600000, 0x00000000c9600000|100%| O|  |TAMS 0x00000000c9500000, 0x00000000c9500000| Untracked 
| 102|0x00000000c9600000, 0x00000000c9700000, 0x00000000c9700000|100%| O|  |TAMS 0x00000000c9600000, 0x00000000c9600000| Untracked 
| 103|0x00000000c9700000, 0x00000000c9800000, 0x00000000c9800000|100%| O|  |TAMS 0x00000000c9700000, 0x00000000c9700000| Untracked 
| 104|0x00000000c9800000, 0x00000000c9900000, 0x00000000c9900000|100%| O|  |TAMS 0x00000000c9800000, 0x00000000c9800000| Untracked 
| 105|0x00000000c9900000, 0x00000000c9a00000, 0x00000000c9a00000|100%| O|  |TAMS 0x00000000c9900000, 0x00000000c9900000| Untracked 
| 106|0x00000000c9a00000, 0x00000000c9b00000, 0x00000000c9b00000|100%| O|  |TAMS 0x00000000c9a00000, 0x00000000c9a00000| Untracked 
| 107|0x00000000c9b00000, 0x00000000c9c00000, 0x00000000c9c00000|100%| O|  |TAMS 0x00000000c9b00000, 0x00000000c9b00000| Untracked 
| 108|0x00000000c9c00000, 0x00000000c9d00000, 0x00000000c9d00000|100%| O|  |TAMS 0x00000000c9c00000, 0x00000000c9c00000| Untracked 
| 109|0x00000000c9d00000, 0x00000000c9e00000, 0x00000000c9e00000|100%| O|  |TAMS 0x00000000c9d00000, 0x00000000c9d00000| Untracked 
| 110|0x00000000c9e00000, 0x00000000c9f00000, 0x00000000c9f00000|100%| O|  |TAMS 0x00000000c9e00000, 0x00000000c9e00000| Untracked 
| 111|0x00000000c9f00000, 0x00000000ca000000, 0x00000000ca000000|100%| O|  |TAMS 0x00000000c9f00000, 0x00000000c9f00000| Untracked 
| 112|0x00000000ca000000, 0x00000000ca100000, 0x00000000ca100000|100%| O|  |TAMS 0x00000000ca000000, 0x00000000ca000000| Untracked 
| 113|0x00000000ca100000, 0x00000000ca200000, 0x00000000ca200000|100%| O|  |TAMS 0x00000000ca100000, 0x00000000ca100000| Untracked 
| 114|0x00000000ca200000, 0x00000000ca300000, 0x00000000ca300000|100%| O|  |TAMS 0x00000000ca200000, 0x00000000ca200000| Untracked 
| 115|0x00000000ca300000, 0x00000000ca400000, 0x00000000ca400000|100%| O|  |TAMS 0x00000000ca300000, 0x00000000ca300000| Untracked 
| 116|0x00000000ca400000, 0x00000000ca500000, 0x00000000ca500000|100%| O|  |TAMS 0x00000000ca400000, 0x00000000ca400000| Untracked 
| 117|0x00000000ca500000, 0x00000000ca500000, 0x00000000ca600000|  0%| F|  |TAMS 0x00000000ca500000, 0x00000000ca500000| Untracked 
| 118|0x00000000ca600000, 0x00000000ca600000, 0x00000000ca700000|  0%| F|  |TAMS 0x00000000ca600000, 0x00000000ca600000| Untracked 
| 119|0x00000000ca700000, 0x00000000ca700000, 0x00000000ca800000|  0%| F|  |TAMS 0x00000000ca700000, 0x00000000ca700000| Untracked 
| 120|0x00000000ca800000, 0x00000000ca800000, 0x00000000ca900000|  0%| F|  |TAMS 0x00000000ca800000, 0x00000000ca800000| Untracked 
| 121|0x00000000ca900000, 0x00000000ca900000, 0x00000000caa00000|  0%| F|  |TAMS 0x00000000ca900000, 0x00000000ca900000| Untracked 
| 122|0x00000000caa00000, 0x00000000caa00000, 0x00000000cab00000|  0%| F|  |TAMS 0x00000000caa00000, 0x00000000caa00000| Untracked 
| 123|0x00000000cab00000, 0x00000000cab00000, 0x00000000cac00000|  0%| F|  |TAMS 0x00000000cab00000, 0x00000000cab00000| Untracked 
| 124|0x00000000cac00000, 0x00000000cac00000, 0x00000000cad00000|  0%| F|  |TAMS 0x00000000cac00000, 0x00000000cac00000| Untracked 
| 125|0x00000000cad00000, 0x00000000cad00000, 0x00000000cae00000|  0%| F|  |TAMS 0x00000000cad00000, 0x00000000cad00000| Untracked 
| 126|0x00000000cae00000, 0x00000000cae00000, 0x00000000caf00000|  0%| F|  |TAMS 0x00000000cae00000, 0x00000000cae00000| Untracked 
| 127|0x00000000caf00000, 0x00000000caf00000, 0x00000000cb000000|  0%| F|  |TAMS 0x00000000caf00000, 0x00000000caf00000| Untracked 
| 128|0x00000000cb000000, 0x00000000cb000000, 0x00000000cb100000|  0%| F|  |TAMS 0x00000000cb000000, 0x00000000cb000000| Untracked 
| 129|0x00000000cb100000, 0x00000000cb100000, 0x00000000cb200000|  0%| F|  |TAMS 0x00000000cb100000, 0x00000000cb100000| Untracked 
| 130|0x00000000cb200000, 0x00000000cb200000, 0x00000000cb300000|  0%| F|  |TAMS 0x00000000cb200000, 0x00000000cb200000| Untracked 
| 131|0x00000000cb300000, 0x00000000cb300000, 0x00000000cb400000|  0%| F|  |TAMS 0x00000000cb300000, 0x00000000cb300000| Untracked 
| 132|0x00000000cb400000, 0x00000000cb400000, 0x00000000cb500000|  0%| F|  |TAMS 0x00000000cb400000, 0x00000000cb400000| Untracked 
| 133|0x00000000cb500000, 0x00000000cb500000, 0x00000000cb600000|  0%| F|  |TAMS 0x00000000cb500000, 0x00000000cb500000| Untracked 
| 134|0x00000000cb600000, 0x00000000cb600000, 0x00000000cb700000|  0%| F|  |TAMS 0x00000000cb600000, 0x00000000cb600000| Untracked 
| 135|0x00000000cb700000, 0x00000000cb700000, 0x00000000cb800000|  0%| F|  |TAMS 0x00000000cb700000, 0x00000000cb700000| Untracked 
| 136|0x00000000cb800000, 0x00000000cb800000, 0x00000000cb900000|  0%| F|  |TAMS 0x00000000cb800000, 0x00000000cb800000| Untracked 
| 137|0x00000000cb900000, 0x00000000cb900000, 0x00000000cba00000|  0%| F|  |TAMS 0x00000000cb900000, 0x00000000cb900000| Untracked 
| 138|0x00000000cba00000, 0x00000000cba00000, 0x00000000cbb00000|  0%| F|  |TAMS 0x00000000cba00000, 0x00000000cba00000| Untracked 
| 139|0x00000000cbb00000, 0x00000000cbb00000, 0x00000000cbc00000|  0%| F|  |TAMS 0x00000000cbb00000, 0x00000000cbb00000| Untracked 
| 140|0x00000000cbc00000, 0x00000000cbc00000, 0x00000000cbd00000|  0%| F|  |TAMS 0x00000000cbc00000, 0x00000000cbc00000| Untracked 
| 141|0x00000000cbd00000, 0x00000000cbd00000, 0x00000000cbe00000|  0%| F|  |TAMS 0x00000000cbd00000, 0x00000000cbd00000| Untracked 
| 142|0x00000000cbe00000, 0x00000000cbe00000, 0x00000000cbf00000|  0%| F|  |TAMS 0x00000000cbe00000, 0x00000000cbe00000| Untracked 
| 143|0x00000000cbf00000, 0x00000000cbf00000, 0x00000000cc000000|  0%| F|  |TAMS 0x00000000cbf00000, 0x00000000cbf00000| Untracked 
| 144|0x00000000cc000000, 0x00000000cc000000, 0x00000000cc100000|  0%| F|  |TAMS 0x00000000cc000000, 0x00000000cc000000| Untracked 
| 145|0x00000000cc100000, 0x00000000cc100000, 0x00000000cc200000|  0%| F|  |TAMS 0x00000000cc100000, 0x00000000cc100000| Untracked 
| 146|0x00000000cc200000, 0x00000000cc200000, 0x00000000cc300000|  0%| F|  |TAMS 0x00000000cc200000, 0x00000000cc200000| Untracked 
| 147|0x00000000cc300000, 0x00000000cc300000, 0x00000000cc400000|  0%| F|  |TAMS 0x00000000cc300000, 0x00000000cc300000| Untracked 
| 148|0x00000000cc400000, 0x00000000cc400000, 0x00000000cc500000|  0%| F|  |TAMS 0x00000000cc400000, 0x00000000cc400000| Untracked 
| 149|0x00000000cc500000, 0x00000000cc500000, 0x00000000cc600000|  0%| F|  |TAMS 0x00000000cc500000, 0x00000000cc500000| Untracked 
| 150|0x00000000cc600000, 0x00000000cc600000, 0x00000000cc700000|  0%| F|  |TAMS 0x00000000cc600000, 0x00000000cc600000| Untracked 
| 151|0x00000000cc700000, 0x00000000cc700000, 0x00000000cc800000|  0%| F|  |TAMS 0x00000000cc700000, 0x00000000cc700000| Untracked 
| 152|0x00000000cc800000, 0x00000000cc800000, 0x00000000cc900000|  0%| F|  |TAMS 0x00000000cc800000, 0x00000000cc800000| Untracked 
| 153|0x00000000cc900000, 0x00000000cc900000, 0x00000000cca00000|  0%| F|  |TAMS 0x00000000cc900000, 0x00000000cc900000| Untracked 
| 154|0x00000000cca00000, 0x00000000cca00000, 0x00000000ccb00000|  0%| F|  |TAMS 0x00000000cca00000, 0x00000000cca00000| Untracked 
| 155|0x00000000ccb00000, 0x00000000ccb00000, 0x00000000ccc00000|  0%| F|  |TAMS 0x00000000ccb00000, 0x00000000ccb00000| Untracked 
| 156|0x00000000ccc00000, 0x00000000ccc00000, 0x00000000ccd00000|  0%| F|  |TAMS 0x00000000ccc00000, 0x00000000ccc00000| Untracked 
| 157|0x00000000ccd00000, 0x00000000ccd00000, 0x00000000cce00000|  0%| F|  |TAMS 0x00000000ccd00000, 0x00000000ccd00000| Untracked 
| 158|0x00000000cce00000, 0x00000000cce00000, 0x00000000ccf00000|  0%| F|  |TAMS 0x00000000cce00000, 0x00000000cce00000| Untracked 
| 159|0x00000000ccf00000, 0x00000000ccf00000, 0x00000000cd000000|  0%| F|  |TAMS 0x00000000ccf00000, 0x00000000ccf00000| Untracked 
| 160|0x00000000cd000000, 0x00000000cd000000, 0x00000000cd100000|  0%| F|  |TAMS 0x00000000cd000000, 0x00000000cd000000| Untracked 
| 161|0x00000000cd100000, 0x00000000cd100000, 0x00000000cd200000|  0%| F|  |TAMS 0x00000000cd100000, 0x00000000cd100000| Untracked 
| 162|0x00000000cd200000, 0x00000000cd200000, 0x00000000cd300000|  0%| F|  |TAMS 0x00000000cd200000, 0x00000000cd200000| Untracked 
| 163|0x00000000cd300000, 0x00000000cd300000, 0x00000000cd400000|  0%| F|  |TAMS 0x00000000cd300000, 0x00000000cd300000| Untracked 
| 164|0x00000000cd400000, 0x00000000cd400000, 0x00000000cd500000|  0%| F|  |TAMS 0x00000000cd400000, 0x00000000cd400000| Untracked 
| 165|0x00000000cd500000, 0x00000000cd500000, 0x00000000cd600000|  0%| F|  |TAMS 0x00000000cd500000, 0x00000000cd500000| Untracked 
| 166|0x00000000cd600000, 0x00000000cd600000, 0x00000000cd700000|  0%| F|  |TAMS 0x00000000cd600000, 0x00000000cd600000| Untracked 
| 167|0x00000000cd700000, 0x00000000cd700000, 0x00000000cd800000|  0%| F|  |TAMS 0x00000000cd700000, 0x00000000cd700000| Untracked 
| 168|0x00000000cd800000, 0x00000000cd800000, 0x00000000cd900000|  0%| F|  |TAMS 0x00000000cd800000, 0x00000000cd800000| Untracked 
| 169|0x00000000cd900000, 0x00000000cd900000, 0x00000000cda00000|  0%| F|  |TAMS 0x00000000cd900000, 0x00000000cd900000| Untracked 
| 170|0x00000000cda00000, 0x00000000cda00000, 0x00000000cdb00000|  0%| F|  |TAMS 0x00000000cda00000, 0x00000000cda00000| Untracked 
| 171|0x00000000cdb00000, 0x00000000cdb00000, 0x00000000cdc00000|  0%| F|  |TAMS 0x00000000cdb00000, 0x00000000cdb00000| Untracked 
| 172|0x00000000cdc00000, 0x00000000cdc00000, 0x00000000cdd00000|  0%| F|  |TAMS 0x00000000cdc00000, 0x00000000cdc00000| Untracked 
| 173|0x00000000cdd00000, 0x00000000cdd00000, 0x00000000cde00000|  0%| F|  |TAMS 0x00000000cdd00000, 0x00000000cdd00000| Untracked 
| 174|0x00000000cde00000, 0x00000000cde00000, 0x00000000cdf00000|  0%| F|  |TAMS 0x00000000cde00000, 0x00000000cde00000| Untracked 
| 175|0x00000000cdf00000, 0x00000000cdf00000, 0x00000000ce000000|  0%| F|  |TAMS 0x00000000cdf00000, 0x00000000cdf00000| Untracked 
| 176|0x00000000ce000000, 0x00000000ce000000, 0x00000000ce100000|  0%| F|  |TAMS 0x00000000ce000000, 0x00000000ce000000| Untracked 
| 177|0x00000000ce100000, 0x00000000ce100000, 0x00000000ce200000|  0%| F|  |TAMS 0x00000000ce100000, 0x00000000ce100000| Untracked 
| 178|0x00000000ce200000, 0x00000000ce200000, 0x00000000ce300000|  0%| F|  |TAMS 0x00000000ce200000, 0x00000000ce200000| Untracked 
| 179|0x00000000ce300000, 0x00000000ce300000, 0x00000000ce400000|  0%| F|  |TAMS 0x00000000ce300000, 0x00000000ce300000| Untracked 
| 180|0x00000000ce400000, 0x00000000ce400000, 0x00000000ce500000|  0%| F|  |TAMS 0x00000000ce400000, 0x00000000ce400000| Untracked 
| 181|0x00000000ce500000, 0x00000000ce500000, 0x00000000ce600000|  0%| F|  |TAMS 0x00000000ce500000, 0x00000000ce500000| Untracked 
| 182|0x00000000ce600000, 0x00000000ce600000, 0x00000000ce700000|  0%| F|  |TAMS 0x00000000ce600000, 0x00000000ce600000| Untracked 
| 183|0x00000000ce700000, 0x00000000ce700000, 0x00000000ce800000|  0%| F|  |TAMS 0x00000000ce700000, 0x00000000ce700000| Untracked 
| 184|0x00000000ce800000, 0x00000000ce800000, 0x00000000ce900000|  0%| F|  |TAMS 0x00000000ce800000, 0x00000000ce800000| Untracked 
| 185|0x00000000ce900000, 0x00000000ce900000, 0x00000000cea00000|  0%| F|  |TAMS 0x00000000ce900000, 0x00000000ce900000| Untracked 
| 186|0x00000000cea00000, 0x00000000cea00000, 0x00000000ceb00000|  0%| F|  |TAMS 0x00000000cea00000, 0x00000000cea00000| Untracked 
| 187|0x00000000ceb00000, 0x00000000ceb00000, 0x00000000cec00000|  0%| F|  |TAMS 0x00000000ceb00000, 0x00000000ceb00000| Untracked 
| 188|0x00000000cec00000, 0x00000000cec00000, 0x00000000ced00000|  0%| F|  |TAMS 0x00000000cec00000, 0x00000000cec00000| Untracked 
| 189|0x00000000ced00000, 0x00000000ced00000, 0x00000000cee00000|  0%| F|  |TAMS 0x00000000ced00000, 0x00000000ced00000| Untracked 
| 190|0x00000000cee00000, 0x00000000cee00000, 0x00000000cef00000|  0%| F|  |TAMS 0x00000000cee00000, 0x00000000cee00000| Untracked 
| 191|0x00000000cef00000, 0x00000000cef00000, 0x00000000cf000000|  0%| F|  |TAMS 0x00000000cef00000, 0x00000000cef00000| Untracked 
| 192|0x00000000cf000000, 0x00000000cf000000, 0x00000000cf100000|  0%| F|  |TAMS 0x00000000cf000000, 0x00000000cf000000| Untracked 
| 193|0x00000000cf100000, 0x00000000cf100000, 0x00000000cf200000|  0%| F|  |TAMS 0x00000000cf100000, 0x00000000cf100000| Untracked 
| 194|0x00000000cf200000, 0x00000000cf200000, 0x00000000cf300000|  0%| F|  |TAMS 0x00000000cf200000, 0x00000000cf200000| Untracked 
| 195|0x00000000cf300000, 0x00000000cf300000, 0x00000000cf400000|  0%| F|  |TAMS 0x00000000cf300000, 0x00000000cf300000| Untracked 
| 196|0x00000000cf400000, 0x00000000cf400000, 0x00000000cf500000|  0%| F|  |TAMS 0x00000000cf400000, 0x00000000cf400000| Untracked 
| 197|0x00000000cf500000, 0x00000000cf500000, 0x00000000cf600000|  0%| F|  |TAMS 0x00000000cf500000, 0x00000000cf500000| Untracked 
| 198|0x00000000cf600000, 0x00000000cf600000, 0x00000000cf700000|  0%| F|  |TAMS 0x00000000cf600000, 0x00000000cf600000| Untracked 
| 199|0x00000000cf700000, 0x00000000cf700000, 0x00000000cf800000|  0%| F|  |TAMS 0x00000000cf700000, 0x00000000cf700000| Untracked 
| 200|0x00000000cf800000, 0x00000000cf800000, 0x00000000cf900000|  0%| F|  |TAMS 0x00000000cf800000, 0x00000000cf800000| Untracked 
| 201|0x00000000cf900000, 0x00000000cf900000, 0x00000000cfa00000|  0%| F|  |TAMS 0x00000000cf900000, 0x00000000cf900000| Untracked 
| 202|0x00000000cfa00000, 0x00000000cfa00000, 0x00000000cfb00000|  0%| F|  |TAMS 0x00000000cfa00000, 0x00000000cfa00000| Untracked 
| 203|0x00000000cfb00000, 0x00000000cfb00000, 0x00000000cfc00000|  0%| F|  |TAMS 0x00000000cfb00000, 0x00000000cfb00000| Untracked 
| 204|0x00000000cfc00000, 0x00000000cfc00000, 0x00000000cfd00000|  0%| F|  |TAMS 0x00000000cfc00000, 0x00000000cfc00000| Untracked 
| 205|0x00000000cfd00000, 0x00000000cfd00000, 0x00000000cfe00000|  0%| F|  |TAMS 0x00000000cfd00000, 0x00000000cfd00000| Untracked 
| 206|0x00000000cfe00000, 0x00000000cfe00000, 0x00000000cff00000|  0%| F|  |TAMS 0x00000000cfe00000, 0x00000000cfe00000| Untracked 
| 207|0x00000000cff00000, 0x00000000cff00000, 0x00000000d0000000|  0%| F|  |TAMS 0x00000000cff00000, 0x00000000cff00000| Untracked 
| 208|0x00000000d0000000, 0x00000000d0000000, 0x00000000d0100000|  0%| F|  |TAMS 0x00000000d0000000, 0x00000000d0000000| Untracked 
| 209|0x00000000d0100000, 0x00000000d0100000, 0x00000000d0200000|  0%| F|  |TAMS 0x00000000d0100000, 0x00000000d0100000| Untracked 
| 210|0x00000000d0200000, 0x00000000d0200000, 0x00000000d0300000|  0%| F|  |TAMS 0x00000000d0200000, 0x00000000d0200000| Untracked 
| 211|0x00000000d0300000, 0x00000000d0300000, 0x00000000d0400000|  0%| F|  |TAMS 0x00000000d0300000, 0x00000000d0300000| Untracked 
| 212|0x00000000d0400000, 0x00000000d0400000, 0x00000000d0500000|  0%| F|  |TAMS 0x00000000d0400000, 0x00000000d0400000| Untracked 
| 213|0x00000000d0500000, 0x00000000d0500000, 0x00000000d0600000|  0%| F|  |TAMS 0x00000000d0500000, 0x00000000d0500000| Untracked 
| 214|0x00000000d0600000, 0x00000000d0600000, 0x00000000d0700000|  0%| F|  |TAMS 0x00000000d0600000, 0x00000000d0600000| Untracked 
| 215|0x00000000d0700000, 0x00000000d0700000, 0x00000000d0800000|  0%| F|  |TAMS 0x00000000d0700000, 0x00000000d0700000| Untracked 
| 216|0x00000000d0800000, 0x00000000d0800000, 0x00000000d0900000|  0%| F|  |TAMS 0x00000000d0800000, 0x00000000d0800000| Untracked 
| 217|0x00000000d0900000, 0x00000000d0900000, 0x00000000d0a00000|  0%| F|  |TAMS 0x00000000d0900000, 0x00000000d0900000| Untracked 
| 218|0x00000000d0a00000, 0x00000000d0a00000, 0x00000000d0b00000|  0%| F|  |TAMS 0x00000000d0a00000, 0x00000000d0a00000| Untracked 
| 219|0x00000000d0b00000, 0x00000000d0b00000, 0x00000000d0c00000|  0%| F|  |TAMS 0x00000000d0b00000, 0x00000000d0b00000| Untracked 
| 220|0x00000000d0c00000, 0x00000000d0c00000, 0x00000000d0d00000|  0%| F|  |TAMS 0x00000000d0c00000, 0x00000000d0c00000| Untracked 
| 221|0x00000000d0d00000, 0x00000000d0d00000, 0x00000000d0e00000|  0%| F|  |TAMS 0x00000000d0d00000, 0x00000000d0d00000| Untracked 
| 222|0x00000000d0e00000, 0x00000000d0e00000, 0x00000000d0f00000|  0%| F|  |TAMS 0x00000000d0e00000, 0x00000000d0e00000| Untracked 
| 223|0x00000000d0f00000, 0x00000000d0f00000, 0x00000000d1000000|  0%| F|  |TAMS 0x00000000d0f00000, 0x00000000d0f00000| Untracked 
| 224|0x00000000d1000000, 0x00000000d1000000, 0x00000000d1100000|  0%| F|  |TAMS 0x00000000d1000000, 0x00000000d1000000| Untracked 
| 225|0x00000000d1100000, 0x00000000d1100000, 0x00000000d1200000|  0%| F|  |TAMS 0x00000000d1100000, 0x00000000d1100000| Untracked 
| 226|0x00000000d1200000, 0x00000000d1200000, 0x00000000d1300000|  0%| F|  |TAMS 0x00000000d1200000, 0x00000000d1200000| Untracked 
| 227|0x00000000d1300000, 0x00000000d1300000, 0x00000000d1400000|  0%| F|  |TAMS 0x00000000d1300000, 0x00000000d1300000| Untracked 
| 228|0x00000000d1400000, 0x00000000d1400000, 0x00000000d1500000|  0%| F|  |TAMS 0x00000000d1400000, 0x00000000d1400000| Untracked 
| 229|0x00000000d1500000, 0x00000000d1500000, 0x00000000d1600000|  0%| F|  |TAMS 0x00000000d1500000, 0x00000000d1500000| Untracked 
| 230|0x00000000d1600000, 0x00000000d1600000, 0x00000000d1700000|  0%| F|  |TAMS 0x00000000d1600000, 0x00000000d1600000| Untracked 
| 231|0x00000000d1700000, 0x00000000d1700000, 0x00000000d1800000|  0%| F|  |TAMS 0x00000000d1700000, 0x00000000d1700000| Untracked 
| 232|0x00000000d1800000, 0x00000000d1800000, 0x00000000d1900000|  0%| F|  |TAMS 0x00000000d1800000, 0x00000000d1800000| Untracked 
| 233|0x00000000d1900000, 0x00000000d1900000, 0x00000000d1a00000|  0%| F|  |TAMS 0x00000000d1900000, 0x00000000d1900000| Untracked 
| 234|0x00000000d1a00000, 0x00000000d1a00000, 0x00000000d1b00000|  0%| F|  |TAMS 0x00000000d1a00000, 0x00000000d1a00000| Untracked 
| 235|0x00000000d1b00000, 0x00000000d1b00000, 0x00000000d1c00000|  0%| F|  |TAMS 0x00000000d1b00000, 0x00000000d1b00000| Untracked 
| 236|0x00000000d1c00000, 0x00000000d1c00000, 0x00000000d1d00000|  0%| F|  |TAMS 0x00000000d1c00000, 0x00000000d1c00000| Untracked 
| 237|0x00000000d1d00000, 0x00000000d1d00000, 0x00000000d1e00000|  0%| F|  |TAMS 0x00000000d1d00000, 0x00000000d1d00000| Untracked 
| 238|0x00000000d1e00000, 0x00000000d1e00000, 0x00000000d1f00000|  0%| F|  |TAMS 0x00000000d1e00000, 0x00000000d1e00000| Untracked 
| 239|0x00000000d1f00000, 0x00000000d1f00000, 0x00000000d2000000|  0%| F|  |TAMS 0x00000000d1f00000, 0x00000000d1f00000| Untracked 
| 240|0x00000000d2000000, 0x00000000d2000000, 0x00000000d2100000|  0%| F|  |TAMS 0x00000000d2000000, 0x00000000d2000000| Untracked 
| 241|0x00000000d2100000, 0x00000000d2100000, 0x00000000d2200000|  0%| F|  |TAMS 0x00000000d2100000, 0x00000000d2100000| Untracked 
| 242|0x00000000d2200000, 0x00000000d2200000, 0x00000000d2300000|  0%| F|  |TAMS 0x00000000d2200000, 0x00000000d2200000| Untracked 
| 243|0x00000000d2300000, 0x00000000d2300000, 0x00000000d2400000|  0%| F|  |TAMS 0x00000000d2300000, 0x00000000d2300000| Untracked 
| 244|0x00000000d2400000, 0x00000000d2400000, 0x00000000d2500000|  0%| F|  |TAMS 0x00000000d2400000, 0x00000000d2400000| Untracked 
| 245|0x00000000d2500000, 0x00000000d2500000, 0x00000000d2600000|  0%| F|  |TAMS 0x00000000d2500000, 0x00000000d2500000| Untracked 
| 246|0x00000000d2600000, 0x00000000d2600000, 0x00000000d2700000|  0%| F|  |TAMS 0x00000000d2600000, 0x00000000d2600000| Untracked 
| 247|0x00000000d2700000, 0x00000000d2700000, 0x00000000d2800000|  0%| F|  |TAMS 0x00000000d2700000, 0x00000000d2700000| Untracked 
| 248|0x00000000d2800000, 0x00000000d2800000, 0x00000000d2900000|  0%| F|  |TAMS 0x00000000d2800000, 0x00000000d2800000| Untracked 
| 249|0x00000000d2900000, 0x00000000d2900000, 0x00000000d2a00000|  0%| F|  |TAMS 0x00000000d2900000, 0x00000000d2900000| Untracked 
| 250|0x00000000d2a00000, 0x00000000d2a00000, 0x00000000d2b00000|  0%| F|  |TAMS 0x00000000d2a00000, 0x00000000d2a00000| Untracked 
| 251|0x00000000d2b00000, 0x00000000d2b00000, 0x00000000d2c00000|  0%| F|  |TAMS 0x00000000d2b00000, 0x00000000d2b00000| Untracked 
| 252|0x00000000d2c00000, 0x00000000d2c00000, 0x00000000d2d00000|  0%| F|  |TAMS 0x00000000d2c00000, 0x00000000d2c00000| Untracked 
| 253|0x00000000d2d00000, 0x00000000d2d00000, 0x00000000d2e00000|  0%| F|  |TAMS 0x00000000d2d00000, 0x00000000d2d00000| Untracked 
| 254|0x00000000d2e00000, 0x00000000d2e00000, 0x00000000d2f00000|  0%| F|  |TAMS 0x00000000d2e00000, 0x00000000d2e00000| Untracked 
| 255|0x00000000d2f00000, 0x00000000d2f00000, 0x00000000d3000000|  0%| F|  |TAMS 0x00000000d2f00000, 0x00000000d2f00000| Untracked 
| 256|0x00000000d3000000, 0x00000000d3000000, 0x00000000d3100000|  0%| F|  |TAMS 0x00000000d3000000, 0x00000000d3000000| Untracked 
| 257|0x00000000d3100000, 0x00000000d3100000, 0x00000000d3200000|  0%| F|  |TAMS 0x00000000d3100000, 0x00000000d3100000| Untracked 
| 258|0x00000000d3200000, 0x00000000d3200000, 0x00000000d3300000|  0%| F|  |TAMS 0x00000000d3200000, 0x00000000d3200000| Untracked 
| 259|0x00000000d3300000, 0x00000000d3300000, 0x00000000d3400000|  0%| F|  |TAMS 0x00000000d3300000, 0x00000000d3300000| Untracked 
| 260|0x00000000d3400000, 0x00000000d3400000, 0x00000000d3500000|  0%| F|  |TAMS 0x00000000d3400000, 0x00000000d3400000| Untracked 
| 261|0x00000000d3500000, 0x00000000d3500000, 0x00000000d3600000|  0%| F|  |TAMS 0x00000000d3500000, 0x00000000d3500000| Untracked 
| 262|0x00000000d3600000, 0x00000000d3600000, 0x00000000d3700000|  0%| F|  |TAMS 0x00000000d3600000, 0x00000000d3600000| Untracked 
| 263|0x00000000d3700000, 0x00000000d3700000, 0x00000000d3800000|  0%| F|  |TAMS 0x00000000d3700000, 0x00000000d3700000| Untracked 
| 264|0x00000000d3800000, 0x00000000d3800000, 0x00000000d3900000|  0%| F|  |TAMS 0x00000000d3800000, 0x00000000d3800000| Untracked 
| 265|0x00000000d3900000, 0x00000000d3900000, 0x00000000d3a00000|  0%| F|  |TAMS 0x00000000d3900000, 0x00000000d3900000| Untracked 
| 266|0x00000000d3a00000, 0x00000000d3a00000, 0x00000000d3b00000|  0%| F|  |TAMS 0x00000000d3a00000, 0x00000000d3a00000| Untracked 
| 267|0x00000000d3b00000, 0x00000000d3b00000, 0x00000000d3c00000|  0%| F|  |TAMS 0x00000000d3b00000, 0x00000000d3b00000| Untracked 
| 268|0x00000000d3c00000, 0x00000000d3c00000, 0x00000000d3d00000|  0%| F|  |TAMS 0x00000000d3c00000, 0x00000000d3c00000| Untracked 
| 269|0x00000000d3d00000, 0x00000000d3d00000, 0x00000000d3e00000|  0%| F|  |TAMS 0x00000000d3d00000, 0x00000000d3d00000| Untracked 
| 270|0x00000000d3e00000, 0x00000000d3e00000, 0x00000000d3f00000|  0%| F|  |TAMS 0x00000000d3e00000, 0x00000000d3e00000| Untracked 
| 271|0x00000000d3f00000, 0x00000000d3f00000, 0x00000000d4000000|  0%| F|  |TAMS 0x00000000d3f00000, 0x00000000d3f00000| Untracked 
| 272|0x00000000d4000000, 0x00000000d4000000, 0x00000000d4100000|  0%| F|  |TAMS 0x00000000d4000000, 0x00000000d4000000| Untracked 
| 273|0x00000000d4100000, 0x00000000d4100000, 0x00000000d4200000|  0%| F|  |TAMS 0x00000000d4100000, 0x00000000d4100000| Untracked 
| 274|0x00000000d4200000, 0x00000000d4200000, 0x00000000d4300000|  0%| F|  |TAMS 0x00000000d4200000, 0x00000000d4200000| Untracked 
| 275|0x00000000d4300000, 0x00000000d4300000, 0x00000000d4400000|  0%| F|  |TAMS 0x00000000d4300000, 0x00000000d4300000| Untracked 
| 276|0x00000000d4400000, 0x00000000d4400000, 0x00000000d4500000|  0%| F|  |TAMS 0x00000000d4400000, 0x00000000d4400000| Untracked 
| 277|0x00000000d4500000, 0x00000000d4500000, 0x00000000d4600000|  0%| F|  |TAMS 0x00000000d4500000, 0x00000000d4500000| Untracked 
| 278|0x00000000d4600000, 0x00000000d4600000, 0x00000000d4700000|  0%| F|  |TAMS 0x00000000d4600000, 0x00000000d4600000| Untracked 
| 279|0x00000000d4700000, 0x00000000d4700000, 0x00000000d4800000|  0%| F|  |TAMS 0x00000000d4700000, 0x00000000d4700000| Untracked 
| 280|0x00000000d4800000, 0x00000000d4800000, 0x00000000d4900000|  0%| F|  |TAMS 0x00000000d4800000, 0x00000000d4800000| Untracked 
| 281|0x00000000d4900000, 0x00000000d4900000, 0x00000000d4a00000|  0%| F|  |TAMS 0x00000000d4900000, 0x00000000d4900000| Untracked 
| 282|0x00000000d4a00000, 0x00000000d4a00000, 0x00000000d4b00000|  0%| F|  |TAMS 0x00000000d4a00000, 0x00000000d4a00000| Untracked 
| 283|0x00000000d4b00000, 0x00000000d4b00000, 0x00000000d4c00000|  0%| F|  |TAMS 0x00000000d4b00000, 0x00000000d4b00000| Untracked 
| 284|0x00000000d4c00000, 0x00000000d4c00000, 0x00000000d4d00000|  0%| F|  |TAMS 0x00000000d4c00000, 0x00000000d4c00000| Untracked 
| 285|0x00000000d4d00000, 0x00000000d4d00000, 0x00000000d4e00000|  0%| F|  |TAMS 0x00000000d4d00000, 0x00000000d4d00000| Untracked 
| 286|0x00000000d4e00000, 0x00000000d4e00000, 0x00000000d4f00000|  0%| F|  |TAMS 0x00000000d4e00000, 0x00000000d4e00000| Untracked 
| 287|0x00000000d4f00000, 0x00000000d4f00000, 0x00000000d5000000|  0%| F|  |TAMS 0x00000000d4f00000, 0x00000000d4f00000| Untracked 
| 288|0x00000000d5000000, 0x00000000d5000000, 0x00000000d5100000|  0%| F|  |TAMS 0x00000000d5000000, 0x00000000d5000000| Untracked 
| 289|0x00000000d5100000, 0x00000000d5100000, 0x00000000d5200000|  0%| F|  |TAMS 0x00000000d5100000, 0x00000000d5100000| Untracked 
| 290|0x00000000d5200000, 0x00000000d5200000, 0x00000000d5300000|  0%| F|  |TAMS 0x00000000d5200000, 0x00000000d5200000| Untracked 
| 291|0x00000000d5300000, 0x00000000d5300000, 0x00000000d5400000|  0%| F|  |TAMS 0x00000000d5300000, 0x00000000d5300000| Untracked 
| 292|0x00000000d5400000, 0x00000000d5400000, 0x00000000d5500000|  0%| F|  |TAMS 0x00000000d5400000, 0x00000000d5400000| Untracked 
| 293|0x00000000d5500000, 0x00000000d5500000, 0x00000000d5600000|  0%| F|  |TAMS 0x00000000d5500000, 0x00000000d5500000| Untracked 
| 294|0x00000000d5600000, 0x00000000d5600000, 0x00000000d5700000|  0%| F|  |TAMS 0x00000000d5600000, 0x00000000d5600000| Untracked 
| 295|0x00000000d5700000, 0x00000000d5700000, 0x00000000d5800000|  0%| F|  |TAMS 0x00000000d5700000, 0x00000000d5700000| Untracked 
| 296|0x00000000d5800000, 0x00000000d5800000, 0x00000000d5900000|  0%| F|  |TAMS 0x00000000d5800000, 0x00000000d5800000| Untracked 
| 297|0x00000000d5900000, 0x00000000d5900000, 0x00000000d5a00000|  0%| F|  |TAMS 0x00000000d5900000, 0x00000000d5900000| Untracked 
| 298|0x00000000d5a00000, 0x00000000d5a00000, 0x00000000d5b00000|  0%| F|  |TAMS 0x00000000d5a00000, 0x00000000d5a00000| Untracked 
| 299|0x00000000d5b00000, 0x00000000d5b00000, 0x00000000d5c00000|  0%| F|  |TAMS 0x00000000d5b00000, 0x00000000d5b00000| Untracked 
| 300|0x00000000d5c00000, 0x00000000d5c00000, 0x00000000d5d00000|  0%| F|  |TAMS 0x00000000d5c00000, 0x00000000d5c00000| Untracked 
| 301|0x00000000d5d00000, 0x00000000d5d00000, 0x00000000d5e00000|  0%| F|  |TAMS 0x00000000d5d00000, 0x00000000d5d00000| Untracked 
| 302|0x00000000d5e00000, 0x00000000d5e00000, 0x00000000d5f00000|  0%| F|  |TAMS 0x00000000d5e00000, 0x00000000d5e00000| Untracked 
| 303|0x00000000d5f00000, 0x00000000d5f00000, 0x00000000d6000000|  0%| F|  |TAMS 0x00000000d5f00000, 0x00000000d5f00000| Untracked 
| 304|0x00000000d6000000, 0x00000000d6000000, 0x00000000d6100000|  0%| F|  |TAMS 0x00000000d6000000, 0x00000000d6000000| Untracked 
| 305|0x00000000d6100000, 0x00000000d6100000, 0x00000000d6200000|  0%| F|  |TAMS 0x00000000d6100000, 0x00000000d6100000| Untracked 
| 306|0x00000000d6200000, 0x00000000d6200000, 0x00000000d6300000|  0%| F|  |TAMS 0x00000000d6200000, 0x00000000d6200000| Untracked 
| 307|0x00000000d6300000, 0x00000000d6300000, 0x00000000d6400000|  0%| F|  |TAMS 0x00000000d6300000, 0x00000000d6300000| Untracked 
| 308|0x00000000d6400000, 0x00000000d6400000, 0x00000000d6500000|  0%| F|  |TAMS 0x00000000d6400000, 0x00000000d6400000| Untracked 
| 309|0x00000000d6500000, 0x00000000d6500000, 0x00000000d6600000|  0%| F|  |TAMS 0x00000000d6500000, 0x00000000d6500000| Untracked 
| 310|0x00000000d6600000, 0x00000000d6600000, 0x00000000d6700000|  0%| F|  |TAMS 0x00000000d6600000, 0x00000000d6600000| Untracked 
| 311|0x00000000d6700000, 0x00000000d6700000, 0x00000000d6800000|  0%| F|  |TAMS 0x00000000d6700000, 0x00000000d6700000| Untracked 
| 312|0x00000000d6800000, 0x00000000d6800000, 0x00000000d6900000|  0%| F|  |TAMS 0x00000000d6800000, 0x00000000d6800000| Untracked 
| 313|0x00000000d6900000, 0x00000000d6900000, 0x00000000d6a00000|  0%| F|  |TAMS 0x00000000d6900000, 0x00000000d6900000| Untracked 
| 314|0x00000000d6a00000, 0x00000000d6a00000, 0x00000000d6b00000|  0%| F|  |TAMS 0x00000000d6a00000, 0x00000000d6a00000| Untracked 
| 315|0x00000000d6b00000, 0x00000000d6b00000, 0x00000000d6c00000|  0%| F|  |TAMS 0x00000000d6b00000, 0x00000000d6b00000| Untracked 
| 316|0x00000000d6c00000, 0x00000000d6c00000, 0x00000000d6d00000|  0%| F|  |TAMS 0x00000000d6c00000, 0x00000000d6c00000| Untracked 
| 317|0x00000000d6d00000, 0x00000000d6d00000, 0x00000000d6e00000|  0%| F|  |TAMS 0x00000000d6d00000, 0x00000000d6d00000| Untracked 
| 318|0x00000000d6e00000, 0x00000000d6e00000, 0x00000000d6f00000|  0%| F|  |TAMS 0x00000000d6e00000, 0x00000000d6e00000| Untracked 
| 319|0x00000000d6f00000, 0x00000000d6f00000, 0x00000000d7000000|  0%| F|  |TAMS 0x00000000d6f00000, 0x00000000d6f00000| Untracked 
| 320|0x00000000d7000000, 0x00000000d7000000, 0x00000000d7100000|  0%| F|  |TAMS 0x00000000d7000000, 0x00000000d7000000| Untracked 
| 321|0x00000000d7100000, 0x00000000d7100000, 0x00000000d7200000|  0%| F|  |TAMS 0x00000000d7100000, 0x00000000d7100000| Untracked 
| 322|0x00000000d7200000, 0x00000000d7200000, 0x00000000d7300000|  0%| F|  |TAMS 0x00000000d7200000, 0x00000000d7200000| Untracked 
| 323|0x00000000d7300000, 0x00000000d7300000, 0x00000000d7400000|  0%| F|  |TAMS 0x00000000d7300000, 0x00000000d7300000| Untracked 
| 324|0x00000000d7400000, 0x00000000d7400000, 0x00000000d7500000|  0%| F|  |TAMS 0x00000000d7400000, 0x00000000d7400000| Untracked 
| 325|0x00000000d7500000, 0x00000000d7500000, 0x00000000d7600000|  0%| F|  |TAMS 0x00000000d7500000, 0x00000000d7500000| Untracked 
| 326|0x00000000d7600000, 0x00000000d7600000, 0x00000000d7700000|  0%| F|  |TAMS 0x00000000d7600000, 0x00000000d7600000| Untracked 
| 327|0x00000000d7700000, 0x00000000d7700000, 0x00000000d7800000|  0%| F|  |TAMS 0x00000000d7700000, 0x00000000d7700000| Untracked 
| 328|0x00000000d7800000, 0x00000000d7800000, 0x00000000d7900000|  0%| F|  |TAMS 0x00000000d7800000, 0x00000000d7800000| Untracked 
| 329|0x00000000d7900000, 0x00000000d7900000, 0x00000000d7a00000|  0%| F|  |TAMS 0x00000000d7900000, 0x00000000d7900000| Untracked 
| 330|0x00000000d7a00000, 0x00000000d7a00000, 0x00000000d7b00000|  0%| F|  |TAMS 0x00000000d7a00000, 0x00000000d7a00000| Untracked 
| 331|0x00000000d7b00000, 0x00000000d7b00000, 0x00000000d7c00000|  0%| F|  |TAMS 0x00000000d7b00000, 0x00000000d7b00000| Untracked 
| 332|0x00000000d7c00000, 0x00000000d7c00000, 0x00000000d7d00000|  0%| F|  |TAMS 0x00000000d7c00000, 0x00000000d7c00000| Untracked 
| 333|0x00000000d7d00000, 0x00000000d7d00000, 0x00000000d7e00000|  0%| F|  |TAMS 0x00000000d7d00000, 0x00000000d7d00000| Untracked 
| 334|0x00000000d7e00000, 0x00000000d7e00000, 0x00000000d7f00000|  0%| F|  |TAMS 0x00000000d7e00000, 0x00000000d7e00000| Untracked 
| 335|0x00000000d7f00000, 0x00000000d7f00000, 0x00000000d8000000|  0%| F|  |TAMS 0x00000000d7f00000, 0x00000000d7f00000| Untracked 
| 336|0x00000000d8000000, 0x00000000d8000000, 0x00000000d8100000|  0%| F|  |TAMS 0x00000000d8000000, 0x00000000d8000000| Untracked 
| 337|0x00000000d8100000, 0x00000000d8100000, 0x00000000d8200000|  0%| F|  |TAMS 0x00000000d8100000, 0x00000000d8100000| Untracked 
| 338|0x00000000d8200000, 0x00000000d8200000, 0x00000000d8300000|  0%| F|  |TAMS 0x00000000d8200000, 0x00000000d8200000| Untracked 
| 339|0x00000000d8300000, 0x00000000d8300000, 0x00000000d8400000|  0%| F|  |TAMS 0x00000000d8300000, 0x00000000d8300000| Untracked 
| 340|0x00000000d8400000, 0x00000000d8400000, 0x00000000d8500000|  0%| F|  |TAMS 0x00000000d8400000, 0x00000000d8400000| Untracked 
| 341|0x00000000d8500000, 0x00000000d8500000, 0x00000000d8600000|  0%| F|  |TAMS 0x00000000d8500000, 0x00000000d8500000| Untracked 
| 342|0x00000000d8600000, 0x00000000d8600000, 0x00000000d8700000|  0%| F|  |TAMS 0x00000000d8600000, 0x00000000d8600000| Untracked 
| 343|0x00000000d8700000, 0x00000000d8700000, 0x00000000d8800000|  0%| F|  |TAMS 0x00000000d8700000, 0x00000000d8700000| Untracked 
| 344|0x00000000d8800000, 0x00000000d8800000, 0x00000000d8900000|  0%| F|  |TAMS 0x00000000d8800000, 0x00000000d8800000| Untracked 
| 345|0x00000000d8900000, 0x00000000d8900000, 0x00000000d8a00000|  0%| F|  |TAMS 0x00000000d8900000, 0x00000000d8900000| Untracked 
| 346|0x00000000d8a00000, 0x00000000d8a00000, 0x00000000d8b00000|  0%| F|  |TAMS 0x00000000d8a00000, 0x00000000d8a00000| Untracked 
| 347|0x00000000d8b00000, 0x00000000d8b00000, 0x00000000d8c00000|  0%| F|  |TAMS 0x00000000d8b00000, 0x00000000d8b00000| Untracked 
| 348|0x00000000d8c00000, 0x00000000d8d00000, 0x00000000d8d00000|100%| S|CS|TAMS 0x00000000d8c00000, 0x00000000d8c00000| Complete 
| 349|0x00000000d8d00000, 0x00000000d8e00000, 0x00000000d8e00000|100%| S|CS|TAMS 0x00000000d8d00000, 0x00000000d8d00000| Complete 
| 350|0x00000000d8e00000, 0x00000000d8e00000, 0x00000000d8f00000|  0%| F|  |TAMS 0x00000000d8e00000, 0x00000000d8e00000| Untracked 
| 351|0x00000000d8f00000, 0x00000000d8f00000, 0x00000000d9000000|  0%| F|  |TAMS 0x00000000d8f00000, 0x00000000d8f00000| Untracked 
| 352|0x00000000d9000000, 0x00000000d9000000, 0x00000000d9100000|  0%| F|  |TAMS 0x00000000d9000000, 0x00000000d9000000| Untracked 
| 353|0x00000000d9100000, 0x00000000d9200000, 0x00000000d9200000|100%| S|CS|TAMS 0x00000000d9100000, 0x00000000d9100000| Complete 
| 354|0x00000000d9200000, 0x00000000d9200000, 0x00000000d9300000|  0%| F|  |TAMS 0x00000000d9200000, 0x00000000d9200000| Untracked 
| 355|0x00000000d9300000, 0x00000000d9300000, 0x00000000d9400000|  0%| F|  |TAMS 0x00000000d9300000, 0x00000000d9300000| Untracked 
| 356|0x00000000d9400000, 0x00000000d9400000, 0x00000000d9500000|  0%| F|  |TAMS 0x00000000d9400000, 0x00000000d9400000| Untracked 
| 357|0x00000000d9500000, 0x00000000d9500000, 0x00000000d9600000|  0%| F|  |TAMS 0x00000000d9500000, 0x00000000d9500000| Untracked 
| 358|0x00000000d9600000, 0x00000000d9600000, 0x00000000d9700000|  0%| F|  |TAMS 0x00000000d9600000, 0x00000000d9600000| Untracked 
| 359|0x00000000d9700000, 0x00000000d9700000, 0x00000000d9800000|  0%| F|  |TAMS 0x00000000d9700000, 0x00000000d9700000| Untracked 
| 360|0x00000000d9800000, 0x00000000d9800000, 0x00000000d9900000|  0%| F|  |TAMS 0x00000000d9800000, 0x00000000d9800000| Untracked 
| 361|0x00000000d9900000, 0x00000000d9900000, 0x00000000d9a00000|  0%| F|  |TAMS 0x00000000d9900000, 0x00000000d9900000| Untracked 
| 362|0x00000000d9a00000, 0x00000000d9a00000, 0x00000000d9b00000|  0%| F|  |TAMS 0x00000000d9a00000, 0x00000000d9a00000| Untracked 
| 363|0x00000000d9b00000, 0x00000000d9b00000, 0x00000000d9c00000|  0%| F|  |TAMS 0x00000000d9b00000, 0x00000000d9b00000| Untracked 
| 364|0x00000000d9c00000, 0x00000000d9c00000, 0x00000000d9d00000|  0%| F|  |TAMS 0x00000000d9c00000, 0x00000000d9c00000| Untracked 
| 365|0x00000000d9d00000, 0x00000000d9d00000, 0x00000000d9e00000|  0%| F|  |TAMS 0x00000000d9d00000, 0x00000000d9d00000| Untracked 
| 366|0x00000000d9e00000, 0x00000000d9e00000, 0x00000000d9f00000|  0%| F|  |TAMS 0x00000000d9e00000, 0x00000000d9e00000| Untracked 
| 367|0x00000000d9f00000, 0x00000000d9f00000, 0x00000000da000000|  0%| F|  |TAMS 0x00000000d9f00000, 0x00000000d9f00000| Untracked 
| 368|0x00000000da000000, 0x00000000da000000, 0x00000000da100000|  0%| F|  |TAMS 0x00000000da000000, 0x00000000da000000| Untracked 
| 974|0x00000000ffe00000, 0x00000000ffe47000, 0x00000000fff00000| 27%|OA|  |TAMS 0x00000000ffe00000, 0x00000000ffe00000| Untracked 
| 975|0x00000000fff00000, 0x00000000fff6b000, 0x0000000100000000| 41%|CA|  |TAMS 0x00000000fff00000, 0x00000000fff00000| Untracked 

Card table byte_map: [0x00007f1a9e33a000,0x00007f1a9e522000] _byte_map_base: 0x00007f1a9dd22000

Marking Bits (Prev, Next): (CMBitMap*) 0x00007f1a98044e48, (CMBitMap*) 0x00007f1a98044e80
 Prev Bits: [0x00007f1a9d212000, 0x00007f1a9e152000)
 Next Bits: [0x00007f1a9c2d2000, 0x00007f1a9d212000)

Polling page: 0x00007f1aa26b4000

Metaspace:

Usage:
  Non-class:      4.66 MB capacity,     1.63 MB ( 35%) used,     3.03 MB ( 65%) free+waste,     1.62 KB ( <1%) overhead. 
      Class:    494.00 KB capacity,   179.73 KB ( 36%) used,   313.45 KB ( 63%) free+waste,   832 bytes ( <1%) overhead. 
       Both:      5.14 MB capacity,     1.81 MB ( 35%) used,     3.33 MB ( 65%) free+waste,     2.44 KB ( <1%) overhead. 

Virtual space:
  Non-class space:        8.00 MB reserved,       4.75 MB ( 59%) committed 
      Class space:        1.00 GB reserved,     512.00 KB ( <1%) committed 
             Both:        1.01 GB reserved,       5.25 MB ( <1%) committed 

Chunk freelists:
   Non-Class:  28.00 KB
       Class:  18.00 KB
        Both:  46.00 KB

MaxMetaspaceSize: unlimited
CompressedClassSpaceSize: 1.00 GB
Initial GC threshold: 20.80 MB
Current GC threshold: 20.80 MB
CDS: on

CodeHeap 'non-profiled nmethods': size=120036Kb used=202Kb max_used=202Kb free=119833Kb
 bounds [0x00007f1a88324000, 0x00007f1a88594000, 0x00007f1a8f85d000]
CodeHeap 'profiled nmethods': size=120032Kb used=815Kb max_used=815Kb free=119217Kb
 bounds [0x00007f1a80dec000, 0x00007f1a8105c000, 0x00007f1a88324000]
CodeHeap 'non-nmethods': size=5692Kb used=1108Kb max_used=1148Kb free=4583Kb
 bounds [0x00007f1a8085d000, 0x00007f1a80acd000, 0x00007f1a80dec000]
 total_blobs=775 nmethods=419 adapters=270
 compilation: enabled
              stopped_count=0, restarted_count=0
 full_count=0

Compilation events (20 events):
Event: 4.887 Thread 0x00007f1a980c5800  435       2       java.lang.Character::isSurrogate (18 bytes)
Event: 4.887 Thread 0x00007f1a980c5800 nmethod 435 0x00007f1a80eaca90 code [0x00007f1a80eacc40, 0x00007f1a80eacd30]
Event: 5.956 Thread 0x00007f1a980c5800  438 %     3       org.glassfish.json.JsonParserImpl::getArray @ 0 (50 bytes)
Event: 5.957 Thread 0x00007f1a980c5800 nmethod 438% 0x00007f1a80eacd90 code [0x00007f1a80ead020, 0x00007f1a80ead9f0]
Event: 5.960 Thread 0x00007f1a980c5800  439       3       org.glassfish.json.JsonParserImpl::getArray (50 bytes)
Event: 5.961 Thread 0x00007f1a980c5800 nmethod 439 0x00007f1a80eadd90 code [0x00007f1a80eae020, 0x00007f1a80eae970]
Event: 7.164 Thread 0x00007f1a980c3800 nmethod 415 0x00007f1a88344190 code [0x00007f1a88344920, 0x00007f1a8834ba98]
Event: 7.164 Thread 0x00007f1a980c3800  417       4       sun.nio.cs.UTF_8$Decoder::decodeArrayLoop (691 bytes)
Event: 7.459 Thread 0x00007f1a980c3800 nmethod 417 0x00007f1a88350f10 code [0x00007f1a88351160, 0x00007f1a883523d8]
Event: 7.459 Thread 0x00007f1a980c3800  418       4       org.glassfish.json.JsonTokenizer::getInt (104 bytes)
Event: 7.520 Thread 0x00007f1a980c3800 nmethod 418 0x00007f1a88353310 code [0x00007f1a883534a0, 0x00007f1a883536f8]
Event: 7.520 Thread 0x00007f1a980c3800  427       4       java.util.HashMap::resize (356 bytes)
Event: 7.907 Thread 0x00007f1a980c3800 nmethod 427 0x00007f1a88353810 code [0x00007f1a883539e0, 0x00007f1a88354658]
Event: 7.907 Thread 0x00007f1a980c3800  386       4       java.util.HashMap::putVal (300 bytes)
Event: 8.058 Thread 0x00007f1a980c3800 nmethod 386 0x00007f1a88354910 code [0x00007f1a88354b00, 0x00007f1a883555b8]
Event: 8.058 Thread 0x00007f1a980c3800  363       4       org.glassfish.json.JsonParserImpl$ObjectContext::getNextEvent (348 bytes)
Event: 8.114 Thread 0x00007f1a980c3800 nmethod 363 0x00007f1a88355a90 code [0x00007f1a88355ca0, 0x00007f1a88356450]
Event: 8.148 Thread 0x00007f1a980c3800  368       4       org.glassfish.json.JsonParserImpl::next (28 bytes)
Event: 8.217 Thread 0x00007f1a980c5800  441       3       sun.nio.cs.UTF_8$Decoder::decodeArrayLoop (691 bytes)
Event: 8.224 Thread 0x00007f1a980c5800 nmethod 441 0x00007f1a80eaed10 code [0x00007f1a80eaf6e0, 0x00007f1a80eb5ee0]

GC Heap History (20 events):
Event: 2.628 GC heap after
{Heap after GC invocations=3 (full 0):
 garbage-first heap   total 65536K, used 13400K [0x00000000c3000000, 0x0000000100000000)
  region size 1024K, 1 young (1024K), 1 survivors (1024K)
 Metaspace       used 1843K, capacity 5266K, committed 5376K, reserved 1056768K
  class space    used 179K, capacity 494K, committed 512K, reserved 1048576K
}
Event: 2.886 GC heap before
{Heap before GC invocations=3 (full 0):
 garbage-first heap   total 65536K, used 21592K [0x00000000c3000000, 0x0000000100000000)
  region size 1024K, 9 young (9216K), 1 survivors (1024K)
 Metaspace       used 1850K, capacity 5266K, committed 5376K, reserved 1056768K
  class space    used 179K, capacity 494K, committed 512K, reserved 1048576K
}
Event: 3.036 GC heap after
{Heap after GC invocations=4 (full 0):
 garbage-first heap   total 65536K, used 21636K [0x00000000c3000000, 0x0000000100000000)
  region size 1024K, 2 young (2048K), 2 survivors (2048K)
 Metaspace       used 1850K, capacity 5266K, committed 5376K, reserved 1056768K
  class space    used 179K, capacity 494K, committed 512K, reserved 1048576K
}
Event: 3.336 GC heap before
{Heap before GC invocations=4 (full 0):
 garbage-first heap   total 65536K, used 29828K [0x00000000c3000000, 0x0000000100000000)
  region size 1024K, 10 young (10240K), 2 survivors (2048K)
 Metaspace       used 1850K, capacity 5266K, committed 5376K, reserved 1056768K
  class space    used 179K, capacity 494K, committed 512K, reserved 1048576K
}
Event: 3.484 GC heap after
{Heap after GC invocations=5 (full 0):
 garbage-first heap   total 135168K, used 29896K [0x00000000c3000000, 0x0000000100000000)
  region size 1024K, 2 young (2048K), 2 survivors (2048K)
 Metaspace       used 1850K, capacity 5266K, committed 5376K, reserved 1056768K
  class space    used 179K, capacity 494K, committed 512K, reserved 1048576K
}
Event: 3.787 GC heap before
{Heap before GC invocations=5 (full 0):
 garbage-first heap   total 135168K, used 38088K [0x00000000c3000000, 0x0000000100000000)
  region size 1024K, 10 young (10240K), 2 survivors (2048K)
 Metaspace       used 1850K, capacity 5266K, committed 5376K, reserved 1056768K
  class space    used 179K, capacity 494K, committed 512K, reserved 1048576K
}
Event: 3.918 GC heap after
{Heap after GC invocations=6 (full 0):
 garbage-first heap   total 135168K, used 37576K [0x00000000c3000000, 0x0000000100000000)
  region size 1024K, 2 young (2048K), 2 survivors (2048K)
 Metaspace       used 1850K, capacity 5266K, committed 5376K, reserved 1056768K
  class space    used 179K, capacity 494K, committed 512K, reserved 1048576K
}
Event: 4.210 GC heap before
{Heap before GC invocations=6 (full 0):
 garbage-first heap   total 135168K, used 45768K [0x00000000c3000000, 0x0000000100000000)
  region size 1024K, 10 young (10240K), 2 survivors (2048K)
 Metaspace       used 1850K, capacity 5266K, committed 5376K, reserved 1056768K
  class space    used 179K, capacity 494K, committed 512K, reserved 1048576K
}
Event: 4.346 GC heap after
{Heap after GC invocations=7 (full 0):
 garbage-first heap   total 135168K, used 45256K [0x00000000c3000000, 0x0000000100000000)
  region size 1024K, 2 young (2048K), 2 survivors (2048K)
 Metaspace       used 1850K, capacity 5266K, committed 5376K, reserved 1056768K
  class space    used 179K, capacity 494K, committed 512K, reserved 1048576K
}
Event: 4.706 GC heap before
{Heap before GC invocations=7 (full 0):
 garbage-first heap   total 135168K, used 54472K [0x00000000c3000000, 0x0000000100000000)
  region size 1024K, 11 young (11264K), 2 survivors (2048K)
 Metaspace       used 1850K, capacity 5266K, committed 5376K, reserved 1056768K
  class space    used 179K, capacity 494K, committed 512K, reserved 1048576K
}
Event: 4.868 GC heap after
{Heap after GC invocations=8 (full 0):
 garbage-first heap   total 135168K, used 53960K [0x00000000c3000000, 0x0000000100000000)
  region size 1024K, 2 young (2048K), 2 survivors (2048K)
 Metaspace       used 1850K, capacity 5266K, committed 5376K, reserved 1056768K
  class space    used 179K, capacity 494K, committed 512K, reserved 1048576K
}
Event: 5.228 GC heap before
{Heap before GC invocations=8 (full 0):
 garbage-first heap   total 135168K, used 64200K [0x00000000c3000000, 0x0000000100000000)
  region size 1024K, 12 young (12288K), 2 survivors (2048K)
 Metaspace       used 1850K, capacity 5266K, committed 5376K, reserved 1056768K
  class space    used 179K, capacity 494K, committed 512K, reserved 1048576K
}
Event: 5.338 GC heap after
{Heap after GC invocations=9 (full 0):
 garbage-first heap   total 379904K, used 63688K [0x00000000c3000000, 0x0000000100000000)
  region size 1024K, 2 young (2048K), 2 survivors (2048K)
 Metaspace       used 1850K, capacity 5266K, committed 5376K, reserved 1056768K
  class space    used 179K, capacity 494K, committed 512K, reserved 1048576K
}
Event: 6.050 GC heap before
{Heap before GC invocations=9 (full 0):
 garbage-first heap   total 379904K, used 80072K [0x00000000c3000000, 0x0000000100000000)
  region size 1024K, 18 young (18432K), 2 survivors (2048K)
 Metaspace       used 1850K, capacity 5266K, committed 5376K, reserved 1056768K
  class space    used 179K, capacity 494K, committed 512K, reserved 1048576K
}
Event: 6.274 GC heap after
{Heap after GC invocations=10 (full 0):
 garbage-first heap   total 379904K, used 79048K [0x00000000c3000000, 0x0000000100000000)
  region size 1024K, 3 young (3072K), 3 survivors (3072K)
 Metaspace       used 1850K, capacity 5266K, committed 5376K, reserved 1056768K
  class space    used 179K, capacity 494K, committed 512K, reserved 1048576K
}
Event: 6.903 GC heap before
{Heap before GC invocations=10 (full 0):
 garbage-first heap   total 379904K, used 93384K [0x00000000c3000000, 0x0000000100000000)
  region size 1024K, 18 young (18432K), 3 survivors (3072K)
 Metaspace       used 1850K, capacity 5266K, committed 5376K, reserved 1056768K
  class space    used 179K, capacity 494K, committed 512K, reserved 1048576K
}
Event: 7.158 GC heap after
{Heap after GC invocations=11 (full 0):
 garbage-first heap   total 379904K, used 93896K [0x00000000c3000000, 0x0000000100000000)
  region size 1024K, 3 young (3072K), 3 survivors (3072K)
 Metaspace       used 1850K, capacity 5266K, committed 5376K, reserved 1056768K
  class space    used 179K, capacity 494K, committed 512K, reserved 1048576K
}
Event: 7.648 GC heap before
{Heap before GC invocations=11 (full 0):
 garbage-first heap   total 379904K, used 109256K [0x00000000c3000000, 0x0000000100000000)
  region size 1024K, 18 young (18432K), 3 survivors (3072K)
 Metaspace       used 1850K, capacity 5266K, committed 5376K, reserved 1056768K
  class space    used 179K, capacity 494K, committed 512K, reserved 1048576K
}
Event: 7.906 GC heap after
{Heap after GC invocations=12 (full 0):
 garbage-first heap   total 379904K, used 108744K [0x00000000c3000000, 0x0000000100000000)
  region size 1024K, 3 young (3072K), 3 survivors (3072K)
 Metaspace       used 1850K, capacity 5266K, committed 5376K, reserved 1056768K
  class space    used 179K, capacity 494K, committed 512K, reserved 1048576K
}
Event: 8.307 GC heap before
{Heap before GC invocations=12 (full 0):
 garbage-first heap   total 379904K, used 124104K [0x00000000c3000000, 0x0000000100000000)
  region size 1024K, 18 young (18432K), 3 survivors (3072K)
 Metaspace       used 1850K, capacity 5266K, committed 5376K, reserved 1056768K
  class space    used 179K, capacity 494K, committed 512K, reserved 1048576K
}

Deoptimization events (20 events):
Event: 8.281 Thread 0x00007f1a98017000 DEOPT PACKING pc=0x00007f1a80eb504f sp=0x00007f1aa26a1f10
Event: 8.281 Thread 0x00007f1a98017000 DEOPT UNPACKING pc=0x00007f1a808a764a sp=0x00007f1aa26a14b8 mode 0
Event: 8.281 Thread 0x00007f1a98017000 DEOPT PACKING pc=0x00007f1a80eb504f sp=0x00007f1aa26a1eb0
Event: 8.281 Thread 0x00007f1a98017000 DEOPT UNPACKING pc=0x00007f1a808a764a sp=0x00007f1aa26a1458 mode 0
Event: 8.281 Thread 0x00007f1a98017000 DEOPT PACKING pc=0x00007f1a80eb504f sp=0x00007f1aa26a1e80
Event: 8.281 Thread 0x00007f1a98017000 DEOPT UNPACKING pc=0x00007f1a808a764a sp=0x00007f1aa26a1428 mode 0
Event: 8.281 Thread 0x00007f1a98017000 DEOPT PACKING pc=0x00007f1a80eb504f sp=0x00007f1aa26a1e80
Event: 8.281 Thread 0x00007f1a98017000 DEOPT UNPACKING pc=0x00007f1a808a764a sp=0x00007f1aa26a1428 mode 0
Event: 8.282 Thread 0x00007f1a98017000 DEOPT PACKING pc=0x00007f1a80eb504f sp=0x00007f1aa26a1ed0
Event: 8.282 Thread 0x00007f1a98017000 DEOPT UNPACKING pc=0x00007f1a808a764a sp=0x00007f1aa26a1478 mode 0
Event: 8.294 Thread 0x00007f1a98017000 DEOPT PACKING pc=0x00007f1a80eb504f sp=0x00007f1aa26a1f10
Event: 8.294 Thread 0x00007f1a98017000 DEOPT UNPACKING pc=0x00007f1a808a764a sp=0x00007f1aa26a14b8 mode 0
Event: 8.295 Thread 0x00007f1a98017000 DEOPT PACKING pc=0x00007f1a80eb504f sp=0x00007f1aa26a1eb0
Event: 8.295 Thread 0x00007f1a98017000 DEOPT UNPACKING pc=0x00007f1a808a764a sp=0x00007f1aa26a1458 mode 0
Event: 8.295 Thread 0x00007f1a98017000 DEOPT PACKING pc=0x00007f1a80eb504f sp=0x00007f1aa26a1f10
Event: 8.295 Thread 0x00007f1a98017000 DEOPT UNPACKING pc=0x00007f1a808a764a sp=0x00007f1aa26a14b8 mode 0
Event: 8.295 Thread 0x00007f1a98017000 DEOPT PACKING pc=0x00007f1a80eb504f sp=0x00007f1aa26a1eb0
Event: 8.295 Thread 0x00007f1a98017000 DEOPT UNPACKING pc=0x00007f1a808a764a sp=0x00007f1aa26a1458 mode 0
Event: 8.295 Thread 0x00007f1a98017000 DEOPT PACKING pc=0x00007f1a80eb504f sp=0x00007f1aa26a1e80
Event: 8.295 Thread 0x00007f1a98017000 DEOPT UNPACKING pc=0x00007f1a808a764a sp=0x00007f1aa26a1428 mode 0

Classes redefined (0 events):
No events

Internal exceptions (0 events):
No events

Events (20 events):
Event: 2.628 Executing VM operation: G1CollectForAllocation done
Event: 2.886 Executing VM operation: G1CollectForAllocation
Event: 3.036 Executing VM operation: G1CollectForAllocation done
Event: 3.336 Executing VM operation: G1CollectForAllocation
Event: 3.484 Executing VM operation: G1CollectForAllocation done
Event: 3.787 Executing VM operation: G1CollectForAllocation
Event: 3.918 Executing VM operation: G1CollectForAllocation done
Event: 4.209 Executing VM operation: G1CollectForAllocation
Event: 4.346 Executing VM operation: G1CollectForAllocation done
Event: 4.706 Executing VM operation: G1CollectForAllocation
Event: 4.868 Executing VM operation: G1CollectForAllocation done
Event: 5.223 Executing VM operation: G1CollectForAllocation
Event: 5.338 Executing VM operation: G1CollectForAllocation done
Event: 6.033 Executing VM operation: G1CollectForAllocation
Event: 6.274 Executing VM operation: G1CollectForAllocation done
Event: 6.903 Executing VM operation: G1CollectForAllocation
Event: 7.158 Executing VM operation: G1CollectForAllocation done
Event: 7.648 Executing VM operation: G1CollectForAllocation
Event: 7.906 Executing VM operation: G1CollectForAllocation done
Event: 8.295 Executing VM operation: G1CollectForAllocation


Dynamic libraries:
c3000000-da100000 rw-p 00000000 00:00 0 
e9300000-ffe00000 ---p 00000000 00:00 0 
ffe00000-ffe47000 rw-p 01108000 103:01 16877693                          /usr/lib/jvm/java-11-openjdk-11.0.13.0.8-1.amzn2.0.3.x86_64/lib/server/classes.jsa
ffe47000-fff00000 rw-p 00000000 00:00 0 
fff00000-fff6b000 rw-p 0109d000 103:01 16877693                          /usr/lib/jvm/java-11-openjdk-11.0.13.0.8-1.amzn2.0.3.x86_64/lib/server/classes.jsa
fff6b000-100000000 rw-p 00000000 00:00 0 
800000000-800002000 rwxp 00001000 103:01 16877693                        /usr/lib/jvm/java-11-openjdk-11.0.13.0.8-1.amzn2.0.3.x86_64/lib/server/classes.jsa
800002000-8003b4000 rw-p 00003000 103:01 16877693                        /usr/lib/jvm/java-11-openjdk-11.0.13.0.8-1.amzn2.0.3.x86_64/lib/server/classes.jsa
8003b4000-800a8f000 r--p 003b5000 103:01 16877693                        /usr/lib/jvm/java-11-openjdk-11.0.13.0.8-1.amzn2.0.3.x86_64/lib/server/classes.jsa
800a8f000-800a90000 rw-p 00a90000 103:01 16877693                        /usr/lib/jvm/java-11-openjdk-11.0.13.0.8-1.amzn2.0.3.x86_64/lib/server/classes.jsa
800a90000-80109c000 r--p 00a91000 103:01 16877693                        /usr/lib/jvm/java-11-openjdk-11.0.13.0.8-1.amzn2.0.3.x86_64/lib/server/classes.jsa
840000000-840080000 rw-p 00000000 00:00 0 
840080000-880000000 ---p 00000000 00:00 0 
5571aa481000-5571aa482000 r-xp 00000000 103:01 5155340                   /usr/lib/jvm/java-11-openjdk-11.0.13.0.8-1.amzn2.0.3.x86_64/bin/java
5571aa682000-5571aa683000 r--p 00001000 103:01 5155340                   /usr/lib/jvm/java-11-openjdk-11.0.13.0.8-1.amzn2.0.3.x86_64/bin/java
5571aa683000-5571aa684000 rw-p 00002000 103:01 5155340                   /usr/lib/jvm/java-11-openjdk-11.0.13.0.8-1.amzn2.0.3.x86_64/bin/java
5571aade1000-5571aae02000 rw-p 00000000 00:00 0                          [heap]
7f1a38000000-7f1a38021000 rw-p 00000000 00:00 0 
7f1a38021000-7f1a3c000000 ---p 00000000 00:00 0 
7f1a40000000-7f1a402e6000 rw-p 00000000 00:00 0 
7f1a402e6000-7f1a44000000 ---p 00000000 00:00 0 
7f1a44000000-7f1a44021000 rw-p 00000000 00:00 0 
7f1a44021000-7f1a48000000 ---p 00000000 00:00 0 
7f1a48000000-7f1a48021000 rw-p 00000000 00:00 0 
7f1a48021000-7f1a4c000000 ---p 00000000 00:00 0 
7f1a4c000000-7f1a4d765000 rw-p 00000000 00:00 0 
7f1a4d765000-7f1a50000000 ---p 00000000 00:00 0 
7f1a50000000-7f1a50021000 rw-p 00000000 00:00 0 
7f1a50021000-7f1a54000000 ---p 00000000 00:00 0 
7f1a55431000-7f1a5c000000 r--p 00000000 103:01 13409111                  /usr/lib/locale/locale-archive
7f1a5c000000-7f1a5c021000 rw-p 00000000 00:00 0 
7f1a5c021000-7f1a60000000 ---p 00000000 00:00 0 
7f1a60000000-7f1a60021000 rw-p 00000000 00:00 0 
7f1a60021000-7f1a64000000 ---p 00000000 00:00 0 
7f1a64000000-7f1a64021000 rw-p 00000000 00:00 0 
7f1a64021000-7f1a68000000 ---p 00000000 00:00 0 
7f1a68000000-7f1a6824f000 rw-p 00000000 00:00 0 
7f1a6824f000-7f1a6c000000 ---p 00000000 00:00 0 
7f1a6c000000-7f1a6c021000 rw-p 00000000 00:00 0 
7f1a6c021000-7f1a70000000 ---p 00000000 00:00 0 
7f1a7085f000-7f1a70acb000 rw-p 00000000 00:00 0 
7f1a70acb000-7f1a70acc000 ---p 00000000 00:00 0 
7f1a70acc000-7f1a70bcd000 rw-p 00000000 00:00 0 
7f1a70bcd000-7f1a70bce000 ---p 00000000 00:00 0 
7f1a70bce000-7f1a70ccf000 rw-p 00000000 00:00 0 
7f1a70ccf000-7f1a70ce5000 r-xp 00000000 103:01 1947084                   /usr/lib/jvm/java-11-openjdk-11.0.13.0.8-1.amzn2.0.3.x86_64/lib/libnet.so
7f1a70ce5000-7f1a70ee4000 ---p 00016000 103:01 1947084                   /usr/lib/jvm/java-11-openjdk-11.0.13.0.8-1.amzn2.0.3.x86_64/lib/libnet.so
7f1a70ee4000-7f1a70ee5000 r--p 00015000 103:01 1947084                   /usr/lib/jvm/java-11-openjdk-11.0.13.0.8-1.amzn2.0.3.x86_64/lib/libnet.so
7f1a70ee5000-7f1a70ee6000 rw-p 00016000 103:01 1947084                   /usr/lib/jvm/java-11-openjdk-11.0.13.0.8-1.amzn2.0.3.x86_64/lib/libnet.so
7f1a70ee6000-7f1a70ef6000 r-xp 00000000 103:01 1947085                   /usr/lib/jvm/java-11-openjdk-11.0.13.0.8-1.amzn2.0.3.x86_64/lib/libnio.so
7f1a70ef6000-7f1a710f6000 ---p 00010000 103:01 1947085                   /usr/lib/jvm/java-11-openjdk-11.0.13.0.8-1.amzn2.0.3.x86_64/lib/libnio.so
7f1a710f6000-7f1a710f7000 r--p 00010000 103:01 1947085                   /usr/lib/jvm/java-11-openjdk-11.0.13.0.8-1.amzn2.0.3.x86_64/lib/libnio.so
7f1a710f7000-7f1a710f8000 rw-p 00011000 103:01 1947085                   /usr/lib/jvm/java-11-openjdk-11.0.13.0.8-1.amzn2.0.3.x86_64/lib/libnio.so
7f1a710f8000-7f1a710fc000 ---p 00000000 00:00 0 
7f1a710fc000-7f1a711f9000 rw-p 00000000 00:00 0 
7f1a711f9000-7f1a711fa000 ---p 00000000 00:00 0 
7f1a711fa000-7f1a712fb000 rw-p 00000000 00:00 0 
7f1a712fb000-7f1a712ff000 ---p 00000000 00:00 0 
7f1a712ff000-7f1a713fc000 rw-p 00000000 00:00 0 
7f1a713fc000-7f1a71400000 ---p 00000000 00:00 0 
7f1a71400000-7f1a714fd000 rw-p 00000000 00:00 0 
7f1a714fd000-7f1a71501000 ---p 00000000 00:00 0 
7f1a71501000-7f1a715fe000 rw-p 00000000 00:00 0 
7f1a715fe000-7f1a71602000 ---p 00000000 00:00 0 
7f1a71602000-7f1a716ff000 rw-p 00000000 00:00 0 
7f1a716ff000-7f1a71703000 ---p 00000000 00:00 0 
7f1a71703000-7f1a71cc0000 rw-p 00000000 00:00 0 
7f1a71cc0000-7f1a72000000 ---p 00000000 00:00 0 
7f1a72000000-7f1a74000000 rw-p 00000000 00:00 0 
7f1a74000000-7f1a74021000 rw-p 00000000 00:00 0 
7f1a74021000-7f1a78000000 ---p 00000000 00:00 0 
7f1a78000000-7f1a78021000 rw-p 00000000 00:00 0 
7f1a78021000-7f1a7c000000 ---p 00000000 00:00 0 
7f1a7c000000-7f1a7c021000 rw-p 00000000 00:00 0 
7f1a7c021000-7f1a80000000 ---p 00000000 00:00 0 
7f1a800d2000-7f1a800d6000 ---p 00000000 00:00 0 
7f1a800d6000-7f1a801d3000 rw-p 00000000 00:00 0 
7f1a801d3000-7f1a801d7000 ---p 00000000 00:00 0 
7f1a801d7000-7f1a802d4000 rw-p 00000000 00:00 0 
7f1a802d4000-7f1a802d5000 ---p 00000000 00:00 0 
7f1a802d5000-7f1a80457000 rw-p 00000000 00:00 0 
7f1a80457000-7f1a80458000 ---p 00000000 00:00 0 
7f1a80458000-7f1a80559000 rw-p 00000000 00:00 0 
7f1a80559000-7f1a8055a000 ---p 00000000 00:00 0 
7f1a8055a000-7f1a8085d000 rw-p 00000000 00:00 0 
7f1a8085d000-7f1a80acd000 rwxp 00000000 00:00 0 
7f1a80acd000-7f1a80dec000 ---p 00000000 00:00 0 
7f1a80dec000-7f1a8105c000 rwxp 00000000 00:00 0 
7f1a8105c000-7f1a88324000 ---p 00000000 00:00 0 
7f1a88324000-7f1a88594000 rwxp 00000000 00:00 0 
7f1a88594000-7f1a8f85d000 ---p 00000000 00:00 0 
7f1a8f85d000-7f1a98000000 r--s 00000000 103:01 1947094                   /usr/lib/jvm/java-11-openjdk-11.0.13.0.8-1.amzn2.0.3.x86_64/lib/modules
7f1a98000000-7f1a98378000 rw-p 00000000 00:00 0 
7f1a98378000-7f1a9c000000 ---p 00000000 00:00 0 
7f1a9c073000-7f1a9c0ce000 rw-p 00000000 00:00 0 
7f1a9c0ce000-7f1a9c0cf000 ---p 00000000 00:00 0 
7f1a9c0cf000-7f1a9c1d0000 rw-p 00000000 00:00 0 
7f1a9c1d0000-7f1a9c1d1000 ---p 00000000 00:00 0 
7f1a9c1d1000-7f1a9c896000 rw-p 00000000 00:00 0 
7f1a9c896000-7f1a9d20a000 ---p 00000000 00:00 0 
7f1a9d20a000-7f1a9d7d6000 rw-p 00000000 00:00 0 
7f1a9d7d6000-7f1a9e14a000 ---p 00000000 00:00 0 
7f1a9e14a000-7f1a9e20b000 rw-p 00000000 00:00 0 
7f1a9e20b000-7f1a9e339000 ---p 00000000 00:00 0 
7f1a9e339000-7f1a9e3f3000 rw-p 00000000 00:00 0 
7f1a9e3f3000-7f1a9e521000 ---p 00000000 00:00 0 
7f1a9e521000-7f1a9e5db000 rw-p 00000000 00:00 0 
7f1a9e5db000-7f1a9e709000 ---p 00000000 00:00 0 
7f1a9e709000-7f1a9e90c000 rw-p 00000000 00:00 0 
7f1a9e90c000-7f1a9e90d000 ---p 00000000 00:00 0 
7f1a9e90d000-7f1a9ea13000 rw-p 00000000 00:00 0 
7f1a9ea13000-7f1a9eaf9000 ---p 00000000 00:00 0 
7f1a9eaf9000-7f1a9eafe000 rw-p 00000000 00:00 0 
7f1a9eafe000-7f1a9ebe4000 ---p 00000000 00:00 0 
7f1a9ebe4000-7f1a9ebeb000 r-xp 00000000 103:01 1947093                   /usr/lib/jvm/java-11-openjdk-11.0.13.0.8-1.amzn2.0.3.x86_64/lib/libzip.so
7f1a9ebeb000-7f1a9edea000 ---p 00007000 103:01 1947093                   /usr/lib/jvm/java-11-openjdk-11.0.13.0.8-1.amzn2.0.3.x86_64/lib/libzip.so
7f1a9edea000-7f1a9edeb000 r--p 00006000 103:01 1947093                   /usr/lib/jvm/java-11-openjdk-11.0.13.0.8-1.amzn2.0.3.x86_64/lib/libzip.so
7f1a9edeb000-7f1a9edec000 rw-p 00000000 00:00 0 
7f1a9edec000-7f1a9edf7000 r-xp 00000000 103:01 535693                    /usr/lib64/libnss_files-2.26.so
7f1a9edf7000-7f1a9eff6000 ---p 0000b000 103:01 535693                    /usr/lib64/libnss_files-2.26.so
7f1a9eff6000-7f1a9eff7000 r--p 0000a000 103:01 535693                    /usr/lib64/libnss_files-2.26.so
7f1a9eff7000-7f1a9eff8000 rw-p 0000b000 103:01 535693                    /usr/lib64/libnss_files-2.26.so
7f1a9eff8000-7f1a9effe000 rw-p 00000000 00:00 0 
7f1a9effe000-7f1a9f006000 r-xp 00000000 103:01 480471                    /usr/lib64/libnss_sss.so.2
7f1a9f006000-7f1a9f205000 ---p 00008000 103:01 480471                    /usr/lib64/libnss_sss.so.2
7f1a9f205000-7f1a9f206000 r--p 00007000 103:01 480471                    /usr/lib64/libnss_sss.so.2
7f1a9f206000-7f1a9f207000 rw-p 00008000 103:01 480471                    /usr/lib64/libnss_sss.so.2
7f1a9f207000-7f1a9f20c000 r-xp 00000000 103:01 1947076                   /usr/lib/jvm/java-11-openjdk-11.0.13.0.8-1.amzn2.0.3.x86_64/lib/libjimage.so
7f1a9f20c000-7f1a9f40b000 ---p 00005000 103:01 1947076                   /usr/lib/jvm/java-11-openjdk-11.0.13.0.8-1.amzn2.0.3.x86_64/lib/libjimage.so
7f1a9f40b000-7f1a9f40c000 r--p 00004000 103:01 1947076                   /usr/lib/jvm/java-11-openjdk-11.0.13.0.8-1.amzn2.0.3.x86_64/lib/libjimage.so
7f1a9f40c000-7f1a9f40d000 rw-p 00005000 103:01 1947076                   /usr/lib/jvm/java-11-openjdk-11.0.13.0.8-1.amzn2.0.3.x86_64/lib/libjimage.so
7f1a9f40d000-7f1a9f436000 r-xp 00000000 103:01 1947073                   /usr/lib/jvm/java-11-openjdk-11.0.13.0.8-1.amzn2.0.3.x86_64/lib/libjava.so
7f1a9f436000-7f1a9f636000 ---p 00029000 103:01 1947073                   /usr/lib/jvm/java-11-openjdk-11.0.13.0.8-1.amzn2.0.3.x86_64/lib/libjava.so
7f1a9f636000-7f1a9f637000 r--p 00029000 103:01 1947073                   /usr/lib/jvm/java-11-openjdk-11.0.13.0.8-1.amzn2.0.3.x86_64/lib/libjava.so
7f1a9f637000-7f1a9f638000 rw-p 0002a000 103:01 1947073                   /usr/lib/jvm/java-11-openjdk-11.0.13.0.8-1.amzn2.0.3.x86_64/lib/libjava.so
7f1a9f638000-7f1a9f639000 rw-p 00000000 00:00 0 
7f1a9f639000-7f1a9f646000 r-xp 00000000 103:01 1947092                   /usr/lib/jvm/java-11-openjdk-11.0.13.0.8-1.amzn2.0.3.x86_64/lib/libverify.so
7f1a9f646000-7f1a9f845000 ---p 0000d000 103:01 1947092                   /usr/lib/jvm/java-11-openjdk-11.0.13.0.8-1.amzn2.0.3.x86_64/lib/libverify.so
7f1a9f845000-7f1a9f847000 r--p 0000c000 103:01 1947092                   /usr/lib/jvm/java-11-openjdk-11.0.13.0.8-1.amzn2.0.3.x86_64/lib/libverify.so
7f1a9f847000-7f1a9f848000 rw-p 00000000 00:00 0 
7f1a9f848000-7f1a9f84f000 r-xp 00000000 103:01 651650                    /usr/lib64/librt-2.26.so
7f1a9f84f000-7f1a9fa4e000 ---p 00007000 103:01 651650                    /usr/lib64/librt-2.26.so
7f1a9fa4e000-7f1a9fa4f000 r--p 00006000 103:01 651650                    /usr/lib64/librt-2.26.so
7f1a9fa4f000-7f1a9fa50000 rw-p 00007000 103:01 651650                    /usr/lib64/librt-2.26.so
7f1a9fa50000-7f1a9fa65000 r-xp 00000000 103:01 481369                    /usr/lib64/libgcc_s-7-20180712.so.1
7f1a9fa65000-7f1a9fc64000 ---p 00015000 103:01 481369                    /usr/lib64/libgcc_s-7-20180712.so.1
7f1a9fc64000-7f1a9fc65000 r--p 00014000 103:01 481369                    /usr/lib64/libgcc_s-7-20180712.so.1
7f1a9fc65000-7f1a9fc66000 rw-p 00015000 103:01 481369                    /usr/lib64/libgcc_s-7-20180712.so.1
7f1a9fc66000-7f1a9fda5000 r-xp 00000000 103:01 516896                    /usr/lib64/libm-2.26.so
7f1a9fda5000-7f1a9ffa4000 ---p 0013f000 103:01 516896                    /usr/lib64/libm-2.26.so
7f1a9ffa4000-7f1a9ffa5000 r--p 0013e000 103:01 516896                    /usr/lib64/libm-2.26.so
7f1a9ffa5000-7f1a9ffa6000 rw-p 0013f000 103:01 516896                    /usr/lib64/libm-2.26.so
7f1a9ffa6000-7f1aa0118000 r-xp 00000000 103:01 294707                    /usr/lib64/libstdc++.so.6.0.24
7f1aa0118000-7f1aa0318000 ---p 00172000 103:01 294707                    /usr/lib64/libstdc++.so.6.0.24
7f1aa0318000-7f1aa0322000 r--p 00172000 103:01 294707                    /usr/lib64/libstdc++.so.6.0.24
7f1aa0322000-7f1aa0324000 rw-p 0017c000 103:01 294707                    /usr/lib64/libstdc++.so.6.0.24
7f1aa0324000-7f1aa0328000 rw-p 00000000 00:00 0 
7f1aa0328000-7f1aa154b000 r-xp 00000000 103:01 16877691                  /usr/lib/jvm/java-11-openjdk-11.0.13.0.8-1.amzn2.0.3.x86_64/lib/server/libjvm.so
7f1aa154b000-7f1aa174a000 ---p 01223000 103:01 16877691                  /usr/lib/jvm/java-11-openjdk-11.0.13.0.8-1.amzn2.0.3.x86_64/lib/server/libjvm.so
7f1aa174a000-7f1aa180e000 r--p 01222000 103:01 16877691                  /usr/lib/jvm/java-11-openjdk-11.0.13.0.8-1.amzn2.0.3.x86_64/lib/server/libjvm.so
7f1aa180e000-7f1aa1849000 rw-p 012e6000 103:01 16877691                  /usr/lib/jvm/java-11-openjdk-11.0.13.0.8-1.amzn2.0.3.x86_64/lib/server/libjvm.so
7f1aa1849000-7f1aa18a0000 rw-p 00000000 00:00 0 
7f1aa18a0000-7f1aa1a41000 r-xp 00000000 103:01 294554                    /usr/lib64/libc-2.26.so
7f1aa1a41000-7f1aa1c41000 ---p 001a1000 103:01 294554                    /usr/lib64/libc-2.26.so
7f1aa1c41000-7f1aa1c45000 r--p 001a1000 103:01 294554                    /usr/lib64/libc-2.26.so
7f1aa1c45000-7f1aa1c47000 rw-p 001a5000 103:01 294554                    /usr/lib64/libc-2.26.so
7f1aa1c47000-7f1aa1c4b000 rw-p 00000000 00:00 0 
7f1aa1c4b000-7f1aa1c4e000 r-xp 00000000 103:01 294558                    /usr/lib64/libdl-2.26.so
7f1aa1c4e000-7f1aa1e4d000 ---p 00003000 103:01 294558                    /usr/lib64/libdl-2.26.so
7f1aa1e4d000-7f1aa1e4e000 r--p 00002000 103:01 294558                    /usr/lib64/libdl-2.26.so
7f1aa1e4e000-7f1aa1e4f000 rw-p 00003000 103:01 294558                    /usr/lib64/libdl-2.26.so
7f1aa1e4f000-7f1aa1e5f000 r-xp 00000000 103:01 14270850                  /usr/lib/jvm/java-11-openjdk-11.0.13.0.8-1.amzn2.0.3.x86_64/lib/jli/libjli.so
7f1aa1e5f000-7f1aa205e000 ---p 00010000 103:01 14270850                  /usr/lib/jvm/java-11-openjdk-11.0.13.0.8-1.amzn2.0.3.x86_64/lib/jli/libjli.so
7f1aa205e000-7f1aa205f000 r--p 0000f000 103:01 14270850                  /usr/lib/jvm/java-11-openjdk-11.0.13.0.8-1.amzn2.0.3.x86_64/lib/jli/libjli.so
7f1aa205f000-7f1aa2060000 rw-p 00010000 103:01 14270850                  /usr/lib/jvm/java-11-openjdk-11.0.13.0.8-1.amzn2.0.3.x86_64/lib/jli/libjli.so
7f1aa2060000-7f1aa2078000 r-xp 00000000 103:01 543674                    /usr/lib64/libpthread-2.26.so
7f1aa2078000-7f1aa2278000 ---p 00018000 103:01 543674                    /usr/lib64/libpthread-2.26.so
7f1aa2278000-7f1aa2279000 r--p 00018000 103:01 543674                    /usr/lib64/libpthread-2.26.so
7f1aa2279000-7f1aa227a000 rw-p 00019000 103:01 543674                    /usr/lib64/libpthread-2.26.so
7f1aa227a000-7f1aa227e000 rw-p 00000000 00:00 0 
7f1aa227e000-7f1aa2292000 r-xp 00000000 103:01 294727                    /usr/lib64/libz.so.1.2.7
7f1aa2292000-7f1aa2491000 ---p 00014000 103:01 294727                    /usr/lib64/libz.so.1.2.7
7f1aa2491000-7f1aa2492000 r--p 00013000 103:01 294727                    /usr/lib64/libz.so.1.2.7
7f1aa2492000-7f1aa2493000 rw-p 00014000 103:01 294727                    /usr/lib64/libz.so.1.2.7
7f1aa2493000-7f1aa24b7000 r-xp 00000000 103:01 294545                    /usr/lib64/ld-2.26.so
7f1aa24db000-7f1aa259c000 rw-p 00000000 00:00 0 
7f1aa259c000-7f1aa25a3000 ---p 00000000 00:00 0 
7f1aa25a3000-7f1aa25a7000 ---p 00000000 00:00 0 
7f1aa25a7000-7f1aa26a8000 rw-p 00000000 00:00 0 
7f1aa26ac000-7f1aa26b4000 rw-s 00000000 103:01 5153499                   /tmp/hsperfdata_student/6120
7f1aa26b4000-7f1aa26b5000 ---p 00000000 00:00 0 
7f1aa26b5000-7f1aa26b6000 r--p 00000000 00:00 0 
7f1aa26b6000-7f1aa26b7000 r--p 00023000 103:01 294545                    /usr/lib64/ld-2.26.so
7f1aa26b7000-7f1aa26b8000 rw-p 00024000 103:01 294545                    /usr/lib64/ld-2.26.so
7f1aa26b8000-7f1aa26b9000 rw-p 00000000 00:00 0 
7fffa5dab000-7fffa5dcc000 rw-p 00000000 00:00 0                          [stack]
7fffa5df7000-7fffa5dfa000 r--p 00000000 00:00 0                          [vvar]
7fffa5dfa000-7fffa5dfc000 r-xp 00000000 00:00 0                          [vdso]
ffffffffff600000-ffffffffff601000 r-xp 00000000 00:00 0                  [vsyscall]


VM Arguments:
jvm_args: -Dfile.encoding=UTF-8 
java_command: _09_World_Clocks.WorldClocksRunner
java_class_path (initial): /home/student/eclipse/plugins/org.junit.jupiter.api_5.6.0.v20200203-2009.jar:/home/student/eclipse/plugins/org.junit.jupiter.engine_5.6.0.v20200203-2009.jar:/home/student/eclipse/plugins/org.junit.jupiter.migrationsupport_5.6.0.v20200203-2009.jar:/home/student/eclipse/plugins/org.junit.jupiter.params_5.6.0.v20200203-2009.jar:/home/student/eclipse/plugins/org.junit.platform.commons_1.6.0.v20200203-2009.jar:/home/student/eclipse/plugins/org.junit.platform.engine_1.6.0.v20200203-2009.jar:/home/student/eclipse/plugins/org.junit.platform.launcher_1.6.0.v20200203-2009.jar:/home/student/eclipse/plugins/org.junit.platform.runner_1.6.0.v20200203-2009.jar:/home/student/eclipse/plugins/org.junit.platform.suite.api_1.6.0.v20200203-2009.jar:/home/student/eclipse/plugins/org.junit.vintage.engine_5.6.0.v20200203-2009.jar:/home/student/eclipse/plugins/org.opentest4j_1.2.0.v20190826-0900.jar:/home/student/eclipse/plugins/org.apiguardian_1.1.0.v20190826-0900.jar:/home/student/eclipse/plugins/org.junit_4.13.0.v20200204-1500.jar:/home/student/eclipse/plugins/org.hamcrest.core_1.3.0.v20180420-1519.jar:/home/student/git/level3-module1-alfredsherlocksems/bin:/home/student/git/level3-module1-alfredsherlocksems/TokenHacker.jar:/home/student/git/level3-module1-alfredsherlocksems/gson-2.8.6.jar:/home/student/git/level3-module1-alfredsherlocksems/javax.json-1.1.4.jar
Launcher Type: SUN_STANDARD

[Global flags]
     intx CICompilerCount                          = 2                                         {product} {ergonomic}
     uint ConcGCThreads                            = 1                                         {product} {ergonomic}
     uint G1ConcRefinementThreads                  = 2                                         {product} {ergonomic}
   size_t G1HeapRegionSize                         = 1048576                                   {product} {ergonomic}
    uintx GCDrainStackTargetSize                   = 64                                        {product} {ergonomic}
   size_t InitialHeapSize                          = 65011712                                  {product} {ergonomic}
   size_t MarkStackSize                            = 4194304                                   {product} {ergonomic}
   size_t MaxHeapSize                              = 1023410176                                {product} {ergonomic}
   size_t MaxNewSize                               = 613416960                                 {product} {ergonomic}
   size_t MinHeapDeltaBytes                        = 1048576                                   {product} {ergonomic}
    uintx NonNMethodCodeHeapSize                   = 5825164                                {pd product} {ergonomic}
    uintx NonProfiledCodeHeapSize                  = 122916538                              {pd product} {ergonomic}
    uintx ProfiledCodeHeapSize                     = 122916538                              {pd product} {ergonomic}
    uintx ReservedCodeCacheSize                    = 251658240                              {pd product} {ergonomic}
     bool SegmentedCodeCache                       = true                                      {product} {ergonomic}
     bool UseCompressedClassPointers               = true                                 {lp64_product} {ergonomic}
     bool UseCompressedOops                        = true                                 {lp64_product} {ergonomic}
     bool UseG1GC                                  = true                                      {product} {ergonomic}

Logging:
Log output configuration:
 #0: stdout all=warning uptime,level,tags
 #1: stderr all=off uptime,level,tags

Environment Variables:
PATH=/usr/local/bin:/usr/bin:/usr/local/sbin:/usr/sbin:/home/student/.local/bin:/home/student/bin:/home/student/.local/bin:/home/student/bin
SHELL=/bin/bash
DISPLAY=:1
LANG=en_US.UTF-8

Signal Handlers:
SIGSEGV: [libjvm.so+0xf17580], sa_mask[0]=11111111011111111101111111111110, sa_flags=SA_RESTART|SA_SIGINFO
SIGBUS: [libjvm.so+0xf17580], sa_mask[0]=11111111011111111101111111111110, sa_flags=SA_RESTART|SA_SIGINFO
SIGFPE: [libjvm.so+0xf17580], sa_mask[0]=11111111011111111101111111111110, sa_flags=SA_RESTART|SA_SIGINFO
SIGPIPE: [libjvm.so+0xc48480], sa_mask[0]=11111111011111111101111111111110, sa_flags=SA_RESTART|SA_SIGINFO
SIGXFSZ: [libjvm.so+0xc48480], sa_mask[0]=11111111011111111101111111111110, sa_flags=SA_RESTART|SA_SIGINFO
SIGILL: [libjvm.so+0xf17580], sa_mask[0]=11111111011111111101111111111110, sa_flags=SA_RESTART|SA_SIGINFO
SIGUSR2: [libjvm.so+0xc48310], sa_mask[0]=00100000000000000000000000000000, sa_flags=SA_RESTART|SA_SIGINFO
SIGHUP: [libjvm.so+0xc48680], sa_mask[0]=11111111011111111101111111111110, sa_flags=SA_RESTART|SA_SIGINFO
SIGINT: [libjvm.so+0xc48680], sa_mask[0]=11111111011111111101111111111110, sa_flags=SA_RESTART|SA_SIGINFO
SIGTERM: [libjvm.so+0xc48680], sa_mask[0]=11111111011111111101111111111110, sa_flags=SA_RESTART|SA_SIGINFO
SIGQUIT: [libjvm.so+0xc48680], sa_mask[0]=11111111011111111101111111111110, sa_flags=SA_RESTART|SA_SIGINFO


---------------  S Y S T E M  ---------------

OS:Amazon Linux release 2 (Karoo)
uname:Linux 4.14.225-169.362.amzn2.x86_64 #1 SMP Mon Mar 22 20:14:50 UTC 2021 x86_64
OS uptime: 0 days 0:04 hours
libc:glibc 2.26 NPTL 2.26 
rlimit (soft/hard): STACK 8192k/infinity , CORE 0k/infinity , NPROC 15441/15441 , NOFILE 4096/4096 , AS infinity/infinity , CPU infinity/infinity , DATA infinity/infinity , FSIZE infinity/infinity , MEMLOCK 64k/64k
load average:3.53 1.73 0.73

/proc/meminfo:
MemTotal:        3990080 kB
MemFree:           90276 kB
MemAvailable:      27960 kB
Buffers:               0 kB
Cached:           149328 kB
SwapCached:            0 kB
Active:          3630784 kB
Inactive:         108832 kB
Active(anon):    3590760 kB
Inactive(anon):    55348 kB
Active(file):      40024 kB
Inactive(file):    53484 kB
Unevictable:          32 kB
Mlocked:              32 kB
SwapTotal:             0 kB
SwapFree:              0 kB
Dirty:               456 kB
Writeback:             0 kB
AnonPages:       3590572 kB
Mapped:           119764 kB
Shmem:             55648 kB
Slab:              60508 kB
SReclaimable:      22540 kB
SUnreclaim:        37968 kB
KernelStack:       13648 kB
PageTables:        54736 kB
NFS_Unstable:          0 kB
Bounce:                0 kB
WritebackTmp:          0 kB
CommitLimit:     1995040 kB
Committed_AS:    9389252 kB
VmallocTotal:   34359738367 kB
VmallocUsed:           0 kB
VmallocChunk:          0 kB
HardwareCorrupted:     0 kB
AnonHugePages:     14336 kB
ShmemHugePages:        0 kB
ShmemPmdMapped:        0 kB
HugePages_Total:       0
HugePages_Free:        0
HugePages_Rsvd:        0
HugePages_Surp:        0
Hugepagesize:       2048 kB
DirectMap4k:      102312 kB
DirectMap2M:     2994176 kB
DirectMap1G:     1048576 kB

/sys/kernel/mm/transparent_hugepage/enabled:
always [madvise] never
/sys/kernel/mm/transparent_hugepage/defrag (defrag/compaction efforts parameter):
always defer defer+madvise [madvise] never

Process Memory:
Virtual Size: 3464840K (peak: 12420828K)
Resident Set Size: 210480K (peak: 211024K) (anon: 194840K, file: 15640K, shmem: 0K)
Swapped out: 0K
C-Heap outstanding allocations: 24102K

/proc/sys/kernel/threads-max (system-wide limit on the number of threads):
30883
/proc/sys/vm/max_map_count (maximum number of memory map areas a process may have):
65530
/proc/sys/kernel/pid_max (system-wide limit on number of process identifiers):
32768

container (cgroup) information:
container_type: cgroupv1
cpu_cpuset_cpus: 0-1
cpu_memory_nodes: 0
active_processor_count: 2
cpu_quota: -1
cpu_period: 100000
cpu_shares: -1
memory_limit_in_bytes: -1
memory_and_swap_limit_in_bytes: -1
memory_soft_limit_in_bytes: -1
memory_usage_in_bytes: 3829682176
memory_max_usage_in_bytes: 0

KVM virtualization detected
Steal ticks since vm start: 0
Steal ticks percentage since vm start:  0.000

CPU:total 2 (initial active 2) (2 cores per cpu, 2 threads per core) family 23 model 1 stepping 2 microcode 0x800126c, cmov, cx8, fxsr, mmx, sse, sse2, sse3, ssse3, sse4.1, sse4.2, popcnt, avx, avx2, aes, clmul, mmxext, lzcnt, sse4a, ht, tsc, tscinvbit, tscinv, bmi1, bmi2, adx, sha, fma
CPU Model and flags from /proc/cpuinfo:
model name	: AMD EPYC 7571
flags		: fpu vme de pse tsc msr pae mce cx8 apic sep mtrr pge mca cmov pat pse36 clflush mmx fxsr sse sse2 ht syscall nx mmxext fxsr_opt pdpe1gb rdtscp lm constant_tsc rep_good nopl nonstop_tsc cpuid extd_apicid tsc_known_freq pni pclmulqdq ssse3 fma cx16 sse4_1 sse4_2 movbe popcnt aes xsave avx f16c rdrand hypervisor lahf_lm cmp_legacy cr8_legacy abm sse4a misalignsse 3dnowprefetch topoext vmmcall fsgsbase bmi1 avx2 smep bmi2 rdseed adx smap clflushopt sha_ni xsaveopt xsavec xgetbv1 clzero xsaveerptr arat npt nrip_save
Online cpus:
0-1
Offline cpus:

BIOS frequency limitation:
<Not Available>
Frequency switch latency (ns):
<Not Available>
Available cpu frequencies:
<Not Available>
Current governor:
<Not Available>
Core performance/turbo boost:
<Not Available>

Memory: 4k page, physical 3990080k(90276k free), swap 0k(0k free)

vm_info: OpenJDK 64-Bit Server VM (11.0.13+8-LTS) for linux-amd64 JRE (11.0.13+8-LTS), built on Dec 17 2021 11:54:22 by "mockbuild" with gcc 7.3.1 20180712 (Red Hat 7.3.1-13)

END.
